十一月 27, 2015 9:02:49 上午 org.apache.tomcat.util.digester.SetPropertiesRule begin
警告: [SetPropertiesRule]{Server/Service/Engine/Host/Context} Setting property 'source' to 'org.eclipse.jst.jee.server:trader-server' did not find a matching property.
十一月 27, 2015 9:02:49 上午 org.apache.catalina.startup.VersionLoggerListener log
信息: Server version:        Apache Tomcat/7.0.57
十一月 27, 2015 9:02:49 上午 org.apache.catalina.startup.VersionLoggerListener log
信息: Server built:          Nov 3 2014 08:39:16 UTC
十一月 27, 2015 9:02:49 上午 org.apache.catalina.startup.VersionLoggerListener log
信息: Server number:         7.0.57.0
十一月 27, 2015 9:02:49 上午 org.apache.catalina.startup.VersionLoggerListener log
信息: OS Name:               Windows 7
十一月 27, 2015 9:02:49 上午 org.apache.catalina.startup.VersionLoggerListener log
信息: OS Version:            6.1
十一月 27, 2015 9:02:49 上午 org.apache.catalina.startup.VersionLoggerListener log
信息: Architecture:          amd64
十一月 27, 2015 9:02:49 上午 org.apache.catalina.startup.VersionLoggerListener log
信息: JAVA_HOME:             C:\Program Files\Java\jdk1.7.0_79\jre
十一月 27, 2015 9:02:49 上午 org.apache.catalina.startup.VersionLoggerListener log
信息: JVM Version:           1.7.0_79-b15
十一月 27, 2015 9:02:49 上午 org.apache.catalina.startup.VersionLoggerListener log
信息: JVM Vendor:            Oracle Corporation
十一月 27, 2015 9:02:49 上午 org.apache.catalina.startup.VersionLoggerListener log
信息: CATALINA_BASE:         F:\apache-tomcat-7.0.57
十一月 27, 2015 9:02:49 上午 org.apache.catalina.startup.VersionLoggerListener log
信息: CATALINA_HOME:         F:\apache-tomcat-7.0.57
十一月 27, 2015 9:02:49 上午 org.apache.catalina.startup.VersionLoggerListener log
信息: Command line argument: -Djava.util.logging.config.file=F:\apache-tomcat-7.0.57\conf\logging.properties
十一月 27, 2015 9:02:49 上午 org.apache.catalina.startup.VersionLoggerListener log
信息: Command line argument: -Djava.util.logging.manager=org.apache.juli.ClassLoaderLogManager
十一月 27, 2015 9:02:49 上午 org.apache.catalina.startup.VersionLoggerListener log
信息: Command line argument: -Djava.endorsed.dirs=F:\apache-tomcat-7.0.57\endorsed
十一月 27, 2015 9:02:49 上午 org.apache.catalina.startup.VersionLoggerListener log
信息: Command line argument: -Dcatalina.base=F:\apache-tomcat-7.0.57
十一月 27, 2015 9:02:49 上午 org.apache.catalina.startup.VersionLoggerListener log
信息: Command line argument: -Dcatalina.home=F:\apache-tomcat-7.0.57
十一月 27, 2015 9:02:49 上午 org.apache.catalina.startup.VersionLoggerListener log
信息: Command line argument: -Djava.io.tmpdir=F:\apache-tomcat-7.0.57\temp
十一月 27, 2015 9:02:49 上午 org.apache.catalina.core.AprLifecycleListener lifecycleEvent
信息: The APR based Apache Tomcat Native library which allows optimal performance in production environments was not found on the java.library.path: C:\Program Files\Java\jdk1.7.0_79\bin;C:\Windows\Sun\Java\bin;C:\Windows\system32;C:\Windows;C:\Program Files\Java\jdk1.7.0_79\bin;C:\Program Files\Java\jdk1.7.0_79\jre\bin;C:\Windows\system32;C:\Windows;C:\Windows\System32\Wbem;C:\Windows\System32\WindowsPowerShell\v1.0\;C:\Program Files (x86)\NVIDIA Corporation\PhysX\Common;C:\Program Files (x86)\Windows Kits\8.1\Windows Performance Toolkit\;C:\Program Files\Microsoft SQL Server\110\Tools\Binn\;C:\Program Files\nodejs\;C:\Users\myp\AppData\Roaming\npm;.
十一月 27, 2015 9:02:49 上午 org.apache.coyote.AbstractProtocol init
信息: Initializing ProtocolHandler ["http-bio-8080"]
十一月 27, 2015 9:02:49 上午 org.apache.coyote.AbstractProtocol init
信息: Initializing ProtocolHandler ["ajp-bio-8009"]
十一月 27, 2015 9:02:49 上午 org.apache.catalina.startup.Catalina load
信息: Initialization processed in 392 ms
十一月 27, 2015 9:02:49 上午 org.apache.catalina.core.StandardService startInternal
信息: Starting service Catalina
十一月 27, 2015 9:02:49 上午 org.apache.catalina.core.StandardEngine startInternal
信息: Starting Servlet Engine: Apache Tomcat/7.0.57
十一月 27, 2015 9:02:49 上午 org.apache.catalina.loader.WebappClassLoader validateJarFile
信息: validateJarFile(F:\apache-tomcat-7.0.57\webapps\trader-server\WEB-INF\lib\servlet-api.jar) - jar not loaded. See Servlet Spec 3.0, section 10.7.2. Offending class: javax/servlet/Servlet.class
十一月 27, 2015 9:02:51 上午 org.apache.catalina.startup.TaglibUriRule body
信息: TLD skipped. URI: http://java.sun.com/jstl/fmt_rt is already defined
十一月 27, 2015 9:02:51 上午 org.apache.catalina.startup.TaglibUriRule body
信息: TLD skipped. URI: http://jakarta.apache.org/taglibs/standard/scriptfree is already defined
十一月 27, 2015 9:02:51 上午 org.apache.catalina.startup.TaglibUriRule body
信息: TLD skipped. URI: http://java.sun.com/jstl/fmt is already defined
十一月 27, 2015 9:02:51 上午 org.apache.catalina.startup.TaglibUriRule body
信息: TLD skipped. URI: http://java.sun.com/jstl/xml is already defined
十一月 27, 2015 9:02:51 上午 org.apache.catalina.startup.TaglibUriRule body
信息: TLD skipped. URI: http://java.sun.com/jsp/jstl/sql is already defined
十一月 27, 2015 9:02:51 上午 org.apache.catalina.startup.TaglibUriRule body
信息: TLD skipped. URI: http://java.sun.com/jsp/jstl/core is already defined
十一月 27, 2015 9:02:51 上午 org.apache.catalina.startup.TaglibUriRule body
信息: TLD skipped. URI: http://java.sun.com/jstl/xml_rt is already defined
十一月 27, 2015 9:02:51 上午 org.apache.catalina.startup.TaglibUriRule body
信息: TLD skipped. URI: http://java.sun.com/jstl/sql is already defined
十一月 27, 2015 9:02:51 上午 org.apache.catalina.startup.TaglibUriRule body
信息: TLD skipped. URI: http://java.sun.com/jstl/sql_rt is already defined
十一月 27, 2015 9:02:51 上午 org.apache.catalina.startup.TaglibUriRule body
信息: TLD skipped. URI: http://jakarta.apache.org/taglibs/standard/permittedTaglibs is already defined
十一月 27, 2015 9:02:51 上午 org.apache.catalina.startup.TaglibUriRule body
信息: TLD skipped. URI: http://java.sun.com/jsp/jstl/xml is already defined
十一月 27, 2015 9:02:51 上午 org.apache.catalina.startup.TaglibUriRule body
信息: TLD skipped. URI: http://java.sun.com/jstl/core_rt is already defined
十一月 27, 2015 9:02:51 上午 org.apache.catalina.startup.TaglibUriRule body
信息: TLD skipped. URI: http://java.sun.com/jstl/core is already defined
十一月 27, 2015 9:02:51 上午 org.apache.catalina.startup.TaglibUriRule body
信息: TLD skipped. URI: http://java.sun.com/jsp/jstl/functions is already defined
十一月 27, 2015 9:02:51 上午 org.apache.catalina.startup.TaglibUriRule body
信息: TLD skipped. URI: http://java.sun.com/jsp/jstl/fmt is already defined
十一月 27, 2015 9:02:51 上午 com.sun.faces.config.ConfigureListener contextInitialized
信息: 初始化上下文 '/dataservices-samples' 的 Mojarra 2.0.3 (FCS b03)
十一月 27, 2015 9:02:51 上午 com.sun.faces.spi.InjectionProviderFactory createInstance
信息: JSF1048：有 PostConstruct/PreDestroy 注释。标有这些注释的 ManagedBeans 方法将表示注释已处理。
十一月 27, 2015 9:02:52 上午 org.apache.catalina.startup.HostConfig deployDirectory
信息: Deploying web application directory F:\apache-tomcat-7.0.57\backup
十一月 27, 2015 9:02:52 上午 org.apache.catalina.startup.HostConfig deployDirectory
信息: Deployment of web application directory F:\apache-tomcat-7.0.57\backup has finished in 29 ms
十一月 27, 2015 9:02:52 上午 org.apache.catalina.startup.HostConfig deployDirectory
信息: Deploying web application directory F:\apache-tomcat-7.0.57\bin
十一月 27, 2015 9:02:52 上午 org.apache.catalina.startup.HostConfig deployDirectory
信息: Deployment of web application directory F:\apache-tomcat-7.0.57\bin has finished in 25 ms
十一月 27, 2015 9:02:52 上午 org.apache.catalina.startup.HostConfig deployDirectory
信息: Deploying web application directory F:\apache-tomcat-7.0.57\conf
十一月 27, 2015 9:02:52 上午 org.apache.catalina.startup.HostConfig deployDirectory
信息: Deployment of web application directory F:\apache-tomcat-7.0.57\conf has finished in 29 ms
十一月 27, 2015 9:02:52 上午 org.apache.catalina.startup.HostConfig deployDirectory
信息: Deploying web application directory F:\apache-tomcat-7.0.57\lib
十一月 27, 2015 9:02:52 上午 org.apache.catalina.startup.HostConfig deployDirectory
信息: Deployment of web application directory F:\apache-tomcat-7.0.57\lib has finished in 27 ms
十一月 27, 2015 9:02:52 上午 org.apache.catalina.startup.HostConfig deployDirectory
信息: Deploying web application directory F:\apache-tomcat-7.0.57\logs
十一月 27, 2015 9:02:52 上午 org.apache.catalina.startup.HostConfig deployDirectory
信息: Deployment of web application directory F:\apache-tomcat-7.0.57\logs has finished in 25 ms
十一月 27, 2015 9:02:52 上午 org.apache.catalina.startup.HostConfig deployDirectory
信息: Deploying web application directory F:\apache-tomcat-7.0.57\picture
十一月 27, 2015 9:02:52 上午 org.apache.catalina.startup.HostConfig deployDirectory
信息: Deployment of web application directory F:\apache-tomcat-7.0.57\picture has finished in 28 ms
十一月 27, 2015 9:02:52 上午 org.apache.catalina.startup.HostConfig deployDirectory
信息: Deploying web application directory F:\apache-tomcat-7.0.57\temp
十一月 27, 2015 9:02:52 上午 org.apache.catalina.startup.HostConfig deployDirectory
信息: Deployment of web application directory F:\apache-tomcat-7.0.57\temp has finished in 27 ms
十一月 27, 2015 9:02:52 上午 org.apache.catalina.startup.HostConfig deployDirectory
信息: Deploying web application directory F:\apache-tomcat-7.0.57\webapps
十一月 27, 2015 9:02:52 上午 org.apache.catalina.startup.HostConfig deployDirectory
信息: Deployment of web application directory F:\apache-tomcat-7.0.57\webapps has finished in 33 ms
十一月 27, 2015 9:02:52 上午 org.apache.catalina.startup.HostConfig deployDirectory
信息: Deploying web application directory F:\apache-tomcat-7.0.57\work
十一月 27, 2015 9:02:52 上午 org.apache.catalina.startup.HostConfig deployDirectory
信息: Deployment of web application directory F:\apache-tomcat-7.0.57\work has finished in 26 ms
十一月 27, 2015 9:02:52 上午 org.apache.coyote.AbstractProtocol start
信息: Starting ProtocolHandler ["http-bio-8080"]
十一月 27, 2015 9:02:52 上午 org.apache.coyote.AbstractProtocol start
信息: Starting ProtocolHandler ["ajp-bio-8009"]
十一月 27, 2015 9:02:52 上午 org.apache.catalina.startup.Catalina start
信息: Server startup in 2761 ms
十一月 27, 2015 9:40:30 上午 org.apache.tomcat.util.digester.SetPropertiesRule begin
警告: [SetPropertiesRule]{Server/Service/Engine/Host/Context} Setting property 'source' to 'org.eclipse.jst.jee.server:trader-server' did not find a matching property.
十一月 27, 2015 9:40:30 上午 org.apache.catalina.startup.VersionLoggerListener log
信息: Server version:        Apache Tomcat/7.0.57
十一月 27, 2015 9:40:31 上午 org.apache.catalina.startup.VersionLoggerListener log
信息: Server built:          Nov 3 2014 08:39:16 UTC
十一月 27, 2015 9:40:31 上午 org.apache.catalina.startup.VersionLoggerListener log
信息: Server number:         7.0.57.0
十一月 27, 2015 9:40:31 上午 org.apache.catalina.startup.VersionLoggerListener log
信息: OS Name:               Windows 7
十一月 27, 2015 9:40:31 上午 org.apache.catalina.startup.VersionLoggerListener log
信息: OS Version:            6.1
十一月 27, 2015 9:40:31 上午 org.apache.catalina.startup.VersionLoggerListener log
信息: Architecture:          amd64
十一月 27, 2015 9:40:31 上午 org.apache.catalina.startup.VersionLoggerListener log
信息: JAVA_HOME:             C:\Program Files\Java\jdk1.7.0_79\jre
十一月 27, 2015 9:40:31 上午 org.apache.catalina.startup.VersionLoggerListener log
信息: JVM Version:           1.7.0_79-b15
十一月 27, 2015 9:40:31 上午 org.apache.catalina.startup.VersionLoggerListener log
信息: JVM Vendor:            Oracle Corporation
十一月 27, 2015 9:40:31 上午 org.apache.catalina.startup.VersionLoggerListener log
信息: CATALINA_BASE:         F:\apache-tomcat-7.0.57
十一月 27, 2015 9:40:31 上午 org.apache.catalina.startup.VersionLoggerListener log
信息: CATALINA_HOME:         F:\apache-tomcat-7.0.57
十一月 27, 2015 9:40:31 上午 org.apache.catalina.startup.VersionLoggerListener log
信息: Command line argument: -Djava.util.logging.config.file=F:\apache-tomcat-7.0.57\conf\logging.properties
十一月 27, 2015 9:40:31 上午 org.apache.catalina.startup.VersionLoggerListener log
信息: Command line argument: -Djava.util.logging.manager=org.apache.juli.ClassLoaderLogManager
十一月 27, 2015 9:40:31 上午 org.apache.catalina.startup.VersionLoggerListener log
信息: Command line argument: -Djava.endorsed.dirs=F:\apache-tomcat-7.0.57\endorsed
十一月 27, 2015 9:40:31 上午 org.apache.catalina.startup.VersionLoggerListener log
信息: Command line argument: -Dcatalina.base=F:\apache-tomcat-7.0.57
十一月 27, 2015 9:40:31 上午 org.apache.catalina.startup.VersionLoggerListener log
信息: Command line argument: -Dcatalina.home=F:\apache-tomcat-7.0.57
十一月 27, 2015 9:40:31 上午 org.apache.catalina.startup.VersionLoggerListener log
信息: Command line argument: -Djava.io.tmpdir=F:\apache-tomcat-7.0.57\temp
十一月 27, 2015 9:40:31 上午 org.apache.catalina.core.AprLifecycleListener lifecycleEvent
信息: The APR based Apache Tomcat Native library which allows optimal performance in production environments was not found on the java.library.path: C:\Program Files\Java\jdk1.7.0_79\bin;C:\Windows\Sun\Java\bin;C:\Windows\system32;C:\Windows;C:\Program Files\Java\jdk1.7.0_79\bin;C:\Program Files\Java\jdk1.7.0_79\jre\bin;C:\Windows\system32;C:\Windows;C:\Windows\System32\Wbem;C:\Windows\System32\WindowsPowerShell\v1.0\;C:\Program Files (x86)\NVIDIA Corporation\PhysX\Common;C:\Program Files (x86)\Windows Kits\8.1\Windows Performance Toolkit\;C:\Program Files\Microsoft SQL Server\110\Tools\Binn\;C:\Program Files\nodejs\;C:\Users\myp\AppData\Roaming\npm;.
十一月 27, 2015 9:40:31 上午 org.apache.coyote.AbstractProtocol init
信息: Initializing ProtocolHandler ["http-bio-8080"]
十一月 27, 2015 9:40:31 上午 org.apache.coyote.AbstractProtocol init
信息: Initializing ProtocolHandler ["ajp-bio-8009"]
十一月 27, 2015 9:40:31 上午 org.apache.catalina.startup.Catalina load
信息: Initialization processed in 382 ms
十一月 27, 2015 9:40:31 上午 org.apache.catalina.core.StandardService startInternal
信息: Starting service Catalina
十一月 27, 2015 9:40:31 上午 org.apache.catalina.core.StandardEngine startInternal
信息: Starting Servlet Engine: Apache Tomcat/7.0.57
十一月 27, 2015 9:40:31 上午 org.apache.catalina.loader.WebappClassLoader validateJarFile
信息: validateJarFile(F:\apache-tomcat-7.0.57\webapps\trader-server\WEB-INF\lib\servlet-api.jar) - jar not loaded. See Servlet Spec 3.0, section 10.7.2. Offending class: javax/servlet/Servlet.class
十一月 27, 2015 9:40:32 上午 org.apache.catalina.startup.TaglibUriRule body
信息: TLD skipped. URI: http://java.sun.com/jstl/fmt_rt is already defined
十一月 27, 2015 9:40:32 上午 org.apache.catalina.startup.TaglibUriRule body
信息: TLD skipped. URI: http://jakarta.apache.org/taglibs/standard/scriptfree is already defined
十一月 27, 2015 9:40:32 上午 org.apache.catalina.startup.TaglibUriRule body
信息: TLD skipped. URI: http://java.sun.com/jstl/fmt is already defined
十一月 27, 2015 9:40:32 上午 org.apache.catalina.startup.TaglibUriRule body
信息: TLD skipped. URI: http://java.sun.com/jstl/xml is already defined
十一月 27, 2015 9:40:32 上午 org.apache.catalina.startup.TaglibUriRule body
信息: TLD skipped. URI: http://java.sun.com/jsp/jstl/sql is already defined
十一月 27, 2015 9:40:32 上午 org.apache.catalina.startup.TaglibUriRule body
信息: TLD skipped. URI: http://java.sun.com/jsp/jstl/core is already defined
十一月 27, 2015 9:40:32 上午 org.apache.catalina.startup.TaglibUriRule body
信息: TLD skipped. URI: http://java.sun.com/jstl/xml_rt is already defined
十一月 27, 2015 9:40:32 上午 org.apache.catalina.startup.TaglibUriRule body
信息: TLD skipped. URI: http://java.sun.com/jstl/sql is already defined
十一月 27, 2015 9:40:32 上午 org.apache.catalina.startup.TaglibUriRule body
信息: TLD skipped. URI: http://java.sun.com/jstl/sql_rt is already defined
十一月 27, 2015 9:40:32 上午 org.apache.catalina.startup.TaglibUriRule body
信息: TLD skipped. URI: http://jakarta.apache.org/taglibs/standard/permittedTaglibs is already defined
十一月 27, 2015 9:40:32 上午 org.apache.catalina.startup.TaglibUriRule body
信息: TLD skipped. URI: http://java.sun.com/jsp/jstl/xml is already defined
十一月 27, 2015 9:40:32 上午 org.apache.catalina.startup.TaglibUriRule body
信息: TLD skipped. URI: http://java.sun.com/jstl/core_rt is already defined
十一月 27, 2015 9:40:32 上午 org.apache.catalina.startup.TaglibUriRule body
信息: TLD skipped. URI: http://java.sun.com/jstl/core is already defined
十一月 27, 2015 9:40:32 上午 org.apache.catalina.startup.TaglibUriRule body
信息: TLD skipped. URI: http://java.sun.com/jsp/jstl/functions is already defined
十一月 27, 2015 9:40:32 上午 org.apache.catalina.startup.TaglibUriRule body
信息: TLD skipped. URI: http://java.sun.com/jsp/jstl/fmt is already defined
十一月 27, 2015 9:40:32 上午 com.sun.faces.config.ConfigureListener contextInitialized
信息: 初始化上下文 '/dataservices-samples' 的 Mojarra 2.0.3 (FCS b03)
十一月 27, 2015 9:40:33 上午 com.sun.faces.spi.InjectionProviderFactory createInstance
信息: JSF1048：有 PostConstruct/PreDestroy 注释。标有这些注释的 ManagedBeans 方法将表示注释已处理。
十一月 27, 2015 9:40:33 上午 org.apache.catalina.startup.HostConfig deployDirectory
信息: Deploying web application directory F:\apache-tomcat-7.0.57\backup
十一月 27, 2015 9:40:33 上午 org.apache.catalina.startup.HostConfig deployDirectory
信息: Deployment of web application directory F:\apache-tomcat-7.0.57\backup has finished in 26 ms
十一月 27, 2015 9:40:33 上午 org.apache.catalina.startup.HostConfig deployDirectory
信息: Deploying web application directory F:\apache-tomcat-7.0.57\bin
十一月 27, 2015 9:40:33 上午 org.apache.catalina.startup.HostConfig deployDirectory
信息: Deployment of web application directory F:\apache-tomcat-7.0.57\bin has finished in 28 ms
十一月 27, 2015 9:40:33 上午 org.apache.catalina.startup.HostConfig deployDirectory
信息: Deploying web application directory F:\apache-tomcat-7.0.57\conf
十一月 27, 2015 9:40:33 上午 org.apache.catalina.startup.HostConfig deployDirectory
信息: Deployment of web application directory F:\apache-tomcat-7.0.57\conf has finished in 27 ms
十一月 27, 2015 9:40:33 上午 org.apache.catalina.startup.HostConfig deployDirectory
信息: Deploying web application directory F:\apache-tomcat-7.0.57\lib
十一月 27, 2015 9:40:33 上午 org.apache.catalina.startup.HostConfig deployDirectory
信息: Deployment of web application directory F:\apache-tomcat-7.0.57\lib has finished in 27 ms
十一月 27, 2015 9:40:33 上午 org.apache.catalina.startup.HostConfig deployDirectory
信息: Deploying web application directory F:\apache-tomcat-7.0.57\logs
十一月 27, 2015 9:40:33 上午 org.apache.catalina.startup.HostConfig deployDirectory
信息: Deployment of web application directory F:\apache-tomcat-7.0.57\logs has finished in 27 ms
十一月 27, 2015 9:40:33 上午 org.apache.catalina.startup.HostConfig deployDirectory
信息: Deploying web application directory F:\apache-tomcat-7.0.57\picture
十一月 27, 2015 9:40:33 上午 org.apache.catalina.startup.HostConfig deployDirectory
信息: Deployment of web application directory F:\apache-tomcat-7.0.57\picture has finished in 29 ms
十一月 27, 2015 9:40:33 上午 org.apache.catalina.startup.HostConfig deployDirectory
信息: Deploying web application directory F:\apache-tomcat-7.0.57\temp
十一月 27, 2015 9:40:33 上午 org.apache.catalina.startup.HostConfig deployDirectory
信息: Deployment of web application directory F:\apache-tomcat-7.0.57\temp has finished in 30 ms
十一月 27, 2015 9:40:33 上午 org.apache.catalina.startup.HostConfig deployDirectory
信息: Deploying web application directory F:\apache-tomcat-7.0.57\webapps
十一月 27, 2015 9:40:33 上午 org.apache.catalina.startup.HostConfig deployDirectory
信息: Deployment of web application directory F:\apache-tomcat-7.0.57\webapps has finished in 27 ms
十一月 27, 2015 9:40:33 上午 org.apache.catalina.startup.HostConfig deployDirectory
信息: Deploying web application directory F:\apache-tomcat-7.0.57\work
十一月 27, 2015 9:40:33 上午 org.apache.catalina.startup.HostConfig deployDirectory
信息: Deployment of web application directory F:\apache-tomcat-7.0.57\work has finished in 22 ms
十一月 27, 2015 9:40:33 上午 org.apache.coyote.AbstractProtocol start
信息: Starting ProtocolHandler ["http-bio-8080"]
十一月 27, 2015 9:40:33 上午 org.apache.coyote.AbstractProtocol start
信息: Starting ProtocolHandler ["ajp-bio-8009"]
十一月 27, 2015 9:40:33 上午 org.apache.catalina.startup.Catalina start
信息: Server startup in 2734 ms
十一月 27, 2015 9:43:53 上午 org.apache.tomcat.util.digester.SetPropertiesRule begin
警告: [SetPropertiesRule]{Server/Service/Engine/Host/Context} Setting property 'source' to 'org.eclipse.jst.jee.server:trader-server' did not find a matching property.
十一月 27, 2015 9:43:53 上午 org.apache.catalina.startup.VersionLoggerListener log
信息: Server version:        Apache Tomcat/7.0.57
十一月 27, 2015 9:43:53 上午 org.apache.catalina.startup.VersionLoggerListener log
信息: Server built:          Nov 3 2014 08:39:16 UTC
十一月 27, 2015 9:43:53 上午 org.apache.catalina.startup.VersionLoggerListener log
信息: Server number:         7.0.57.0
十一月 27, 2015 9:43:53 上午 org.apache.catalina.startup.VersionLoggerListener log
信息: OS Name:               Windows 7
十一月 27, 2015 9:43:53 上午 org.apache.catalina.startup.VersionLoggerListener log
信息: OS Version:            6.1
十一月 27, 2015 9:43:53 上午 org.apache.catalina.startup.VersionLoggerListener log
信息: Architecture:          amd64
十一月 27, 2015 9:43:53 上午 org.apache.catalina.startup.VersionLoggerListener log
信息: JAVA_HOME:             C:\Program Files\Java\jdk1.7.0_79\jre
十一月 27, 2015 9:43:53 上午 org.apache.catalina.startup.VersionLoggerListener log
信息: JVM Version:           1.7.0_79-b15
十一月 27, 2015 9:43:53 上午 org.apache.catalina.startup.VersionLoggerListener log
信息: JVM Vendor:            Oracle Corporation
十一月 27, 2015 9:43:53 上午 org.apache.catalina.startup.VersionLoggerListener log
信息: CATALINA_BASE:         F:\apache-tomcat-7.0.57
十一月 27, 2015 9:43:53 上午 org.apache.catalina.startup.VersionLoggerListener log
信息: CATALINA_HOME:         F:\apache-tomcat-7.0.57
十一月 27, 2015 9:43:53 上午 org.apache.catalina.startup.VersionLoggerListener log
信息: Command line argument: -Djava.util.logging.config.file=F:\apache-tomcat-7.0.57\conf\logging.properties
十一月 27, 2015 9:43:53 上午 org.apache.catalina.startup.VersionLoggerListener log
信息: Command line argument: -Djava.util.logging.manager=org.apache.juli.ClassLoaderLogManager
十一月 27, 2015 9:43:53 上午 org.apache.catalina.startup.VersionLoggerListener log
信息: Command line argument: -Djava.endorsed.dirs=F:\apache-tomcat-7.0.57\endorsed
十一月 27, 2015 9:43:53 上午 org.apache.catalina.startup.VersionLoggerListener log
信息: Command line argument: -Dcatalina.base=F:\apache-tomcat-7.0.57
十一月 27, 2015 9:43:53 上午 org.apache.catalina.startup.VersionLoggerListener log
信息: Command line argument: -Dcatalina.home=F:\apache-tomcat-7.0.57
十一月 27, 2015 9:43:53 上午 org.apache.catalina.startup.VersionLoggerListener log
信息: Command line argument: -Djava.io.tmpdir=F:\apache-tomcat-7.0.57\temp
十一月 27, 2015 9:43:53 上午 org.apache.catalina.core.AprLifecycleListener lifecycleEvent
信息: The APR based Apache Tomcat Native library which allows optimal performance in production environments was not found on the java.library.path: C:\Program Files\Java\jdk1.7.0_79\bin;C:\Windows\Sun\Java\bin;C:\Windows\system32;C:\Windows;C:\Program Files\Java\jdk1.7.0_79\bin;C:\Program Files\Java\jdk1.7.0_79\jre\bin;C:\Windows\system32;C:\Windows;C:\Windows\System32\Wbem;C:\Windows\System32\WindowsPowerShell\v1.0\;C:\Program Files (x86)\NVIDIA Corporation\PhysX\Common;C:\Program Files (x86)\Windows Kits\8.1\Windows Performance Toolkit\;C:\Program Files\Microsoft SQL Server\110\Tools\Binn\;C:\Program Files\nodejs\;C:\Users\myp\AppData\Roaming\npm;.
十一月 27, 2015 9:43:53 上午 org.apache.coyote.AbstractProtocol init
信息: Initializing ProtocolHandler ["http-bio-8080"]
十一月 27, 2015 9:43:53 上午 org.apache.coyote.AbstractProtocol init
信息: Initializing ProtocolHandler ["ajp-bio-8009"]
十一月 27, 2015 9:43:53 上午 org.apache.catalina.startup.Catalina load
信息: Initialization processed in 394 ms
十一月 27, 2015 9:43:53 上午 org.apache.catalina.core.StandardService startInternal
信息: Starting service Catalina
十一月 27, 2015 9:43:53 上午 org.apache.catalina.core.StandardEngine startInternal
信息: Starting Servlet Engine: Apache Tomcat/7.0.57
十一月 27, 2015 9:43:53 上午 org.apache.catalina.loader.WebappClassLoader validateJarFile
信息: validateJarFile(F:\apache-tomcat-7.0.57\webapps\trader-server\WEB-INF\lib\servlet-api.jar) - jar not loaded. See Servlet Spec 3.0, section 10.7.2. Offending class: javax/servlet/Servlet.class
十一月 27, 2015 9:43:54 上午 org.apache.catalina.startup.TaglibUriRule body
信息: TLD skipped. URI: http://java.sun.com/jstl/fmt_rt is already defined
十一月 27, 2015 9:43:54 上午 org.apache.catalina.startup.TaglibUriRule body
信息: TLD skipped. URI: http://jakarta.apache.org/taglibs/standard/scriptfree is already defined
十一月 27, 2015 9:43:54 上午 org.apache.catalina.startup.TaglibUriRule body
信息: TLD skipped. URI: http://java.sun.com/jstl/fmt is already defined
十一月 27, 2015 9:43:54 上午 org.apache.catalina.startup.TaglibUriRule body
信息: TLD skipped. URI: http://java.sun.com/jstl/xml is already defined
十一月 27, 2015 9:43:54 上午 org.apache.catalina.startup.TaglibUriRule body
信息: TLD skipped. URI: http://java.sun.com/jsp/jstl/sql is already defined
十一月 27, 2015 9:43:54 上午 org.apache.catalina.startup.TaglibUriRule body
信息: TLD skipped. URI: http://java.sun.com/jsp/jstl/core is already defined
十一月 27, 2015 9:43:54 上午 org.apache.catalina.startup.TaglibUriRule body
信息: TLD skipped. URI: http://java.sun.com/jstl/xml_rt is already defined
十一月 27, 2015 9:43:54 上午 org.apache.catalina.startup.TaglibUriRule body
信息: TLD skipped. URI: http://java.sun.com/jstl/sql is already defined
十一月 27, 2015 9:43:54 上午 org.apache.catalina.startup.TaglibUriRule body
信息: TLD skipped. URI: http://java.sun.com/jstl/sql_rt is already defined
十一月 27, 2015 9:43:54 上午 org.apache.catalina.startup.TaglibUriRule body
信息: TLD skipped. URI: http://jakarta.apache.org/taglibs/standard/permittedTaglibs is already defined
十一月 27, 2015 9:43:54 上午 org.apache.catalina.startup.TaglibUriRule body
信息: TLD skipped. URI: http://java.sun.com/jsp/jstl/xml is already defined
十一月 27, 2015 9:43:54 上午 org.apache.catalina.startup.TaglibUriRule body
信息: TLD skipped. URI: http://java.sun.com/jstl/core_rt is already defined
十一月 27, 2015 9:43:54 上午 org.apache.catalina.startup.TaglibUriRule body
信息: TLD skipped. URI: http://java.sun.com/jstl/core is already defined
十一月 27, 2015 9:43:54 上午 org.apache.catalina.startup.TaglibUriRule body
信息: TLD skipped. URI: http://java.sun.com/jsp/jstl/functions is already defined
十一月 27, 2015 9:43:54 上午 org.apache.catalina.startup.TaglibUriRule body
信息: TLD skipped. URI: http://java.sun.com/jsp/jstl/fmt is already defined
十一月 27, 2015 9:43:54 上午 com.sun.faces.config.ConfigureListener contextInitialized
信息: 初始化上下文 '/dataservices-samples' 的 Mojarra 2.0.3 (FCS b03)
十一月 27, 2015 9:43:55 上午 com.sun.faces.spi.InjectionProviderFactory createInstance
信息: JSF1048：有 PostConstruct/PreDestroy 注释。标有这些注释的 ManagedBeans 方法将表示注释已处理。
十一月 27, 2015 9:43:55 上午 org.apache.catalina.startup.HostConfig deployDirectory
信息: Deploying web application directory F:\apache-tomcat-7.0.57\backup
十一月 27, 2015 9:43:55 上午 org.apache.catalina.startup.HostConfig deployDirectory
信息: Deployment of web application directory F:\apache-tomcat-7.0.57\backup has finished in 25 ms
十一月 27, 2015 9:43:55 上午 org.apache.catalina.startup.HostConfig deployDirectory
信息: Deploying web application directory F:\apache-tomcat-7.0.57\bin
十一月 27, 2015 9:43:55 上午 org.apache.catalina.startup.HostConfig deployDirectory
信息: Deployment of web application directory F:\apache-tomcat-7.0.57\bin has finished in 27 ms
十一月 27, 2015 9:43:55 上午 org.apache.catalina.startup.HostConfig deployDirectory
信息: Deploying web application directory F:\apache-tomcat-7.0.57\conf
十一月 27, 2015 9:43:55 上午 org.apache.catalina.startup.HostConfig deployDirectory
信息: Deployment of web application directory F:\apache-tomcat-7.0.57\conf has finished in 29 ms
十一月 27, 2015 9:43:55 上午 org.apache.catalina.startup.HostConfig deployDirectory
信息: Deploying web application directory F:\apache-tomcat-7.0.57\lib
十一月 27, 2015 9:43:56 上午 org.apache.catalina.startup.HostConfig deployDirectory
信息: Deployment of web application directory F:\apache-tomcat-7.0.57\lib has finished in 29 ms
十一月 27, 2015 9:43:56 上午 org.apache.catalina.startup.HostConfig deployDirectory
信息: Deploying web application directory F:\apache-tomcat-7.0.57\logs
十一月 27, 2015 9:43:56 上午 org.apache.catalina.startup.HostConfig deployDirectory
信息: Deployment of web application directory F:\apache-tomcat-7.0.57\logs has finished in 24 ms
十一月 27, 2015 9:43:56 上午 org.apache.catalina.startup.HostConfig deployDirectory
信息: Deploying web application directory F:\apache-tomcat-7.0.57\picture
十一月 27, 2015 9:43:56 上午 org.apache.catalina.startup.HostConfig deployDirectory
信息: Deployment of web application directory F:\apache-tomcat-7.0.57\picture has finished in 22 ms
十一月 27, 2015 9:43:56 上午 org.apache.catalina.startup.HostConfig deployDirectory
信息: Deploying web application directory F:\apache-tomcat-7.0.57\temp
十一月 27, 2015 9:43:56 上午 org.apache.catalina.startup.HostConfig deployDirectory
信息: Deployment of web application directory F:\apache-tomcat-7.0.57\temp has finished in 22 ms
十一月 27, 2015 9:43:56 上午 org.apache.catalina.startup.HostConfig deployDirectory
信息: Deploying web application directory F:\apache-tomcat-7.0.57\webapps
十一月 27, 2015 9:43:56 上午 org.apache.catalina.startup.HostConfig deployDirectory
信息: Deployment of web application directory F:\apache-tomcat-7.0.57\webapps has finished in 22 ms
十一月 27, 2015 9:43:56 上午 org.apache.catalina.startup.HostConfig deployDirectory
信息: Deploying web application directory F:\apache-tomcat-7.0.57\work
十一月 27, 2015 9:43:56 上午 org.apache.catalina.startup.HostConfig deployDirectory
信息: Deployment of web application directory F:\apache-tomcat-7.0.57\work has finished in 23 ms
十一月 27, 2015 9:43:56 上午 org.apache.coyote.AbstractProtocol start
信息: Starting ProtocolHandler ["http-bio-8080"]
十一月 27, 2015 9:43:56 上午 org.apache.coyote.AbstractProtocol start
信息: Starting ProtocolHandler ["ajp-bio-8009"]
十一月 27, 2015 9:43:56 上午 org.apache.catalina.startup.Catalina start
信息: Server startup in 2786 ms
十一月 27, 2015 9:45:03 上午 org.apache.tomcat.util.digester.SetPropertiesRule begin
警告: [SetPropertiesRule]{Server/Service/Engine/Host/Context} Setting property 'source' to 'org.eclipse.jst.jee.server:trader-server' did not find a matching property.
十一月 27, 2015 9:45:03 上午 org.apache.catalina.startup.VersionLoggerListener log
信息: Server version:        Apache Tomcat/7.0.57
十一月 27, 2015 9:45:03 上午 org.apache.catalina.startup.VersionLoggerListener log
信息: Server built:          Nov 3 2014 08:39:16 UTC
十一月 27, 2015 9:45:03 上午 org.apache.catalina.startup.VersionLoggerListener log
信息: Server number:         7.0.57.0
十一月 27, 2015 9:45:03 上午 org.apache.catalina.startup.VersionLoggerListener log
信息: OS Name:               Windows 7
十一月 27, 2015 9:45:03 上午 org.apache.catalina.startup.VersionLoggerListener log
信息: OS Version:            6.1
十一月 27, 2015 9:45:03 上午 org.apache.catalina.startup.VersionLoggerListener log
信息: Architecture:          amd64
十一月 27, 2015 9:45:03 上午 org.apache.catalina.startup.VersionLoggerListener log
信息: JAVA_HOME:             C:\Program Files\Java\jdk1.7.0_79\jre
十一月 27, 2015 9:45:03 上午 org.apache.catalina.startup.VersionLoggerListener log
信息: JVM Version:           1.7.0_79-b15
十一月 27, 2015 9:45:03 上午 org.apache.catalina.startup.VersionLoggerListener log
信息: JVM Vendor:            Oracle Corporation
十一月 27, 2015 9:45:03 上午 org.apache.catalina.startup.VersionLoggerListener log
信息: CATALINA_BASE:         F:\apache-tomcat-7.0.57
十一月 27, 2015 9:45:03 上午 org.apache.catalina.startup.VersionLoggerListener log
信息: CATALINA_HOME:         F:\apache-tomcat-7.0.57
十一月 27, 2015 9:45:03 上午 org.apache.catalina.startup.VersionLoggerListener log
信息: Command line argument: -Djava.util.logging.config.file=F:\apache-tomcat-7.0.57\conf\logging.properties
十一月 27, 2015 9:45:03 上午 org.apache.catalina.startup.VersionLoggerListener log
信息: Command line argument: -Djava.util.logging.manager=org.apache.juli.ClassLoaderLogManager
十一月 27, 2015 9:45:03 上午 org.apache.catalina.startup.VersionLoggerListener log
信息: Command line argument: -Djava.endorsed.dirs=F:\apache-tomcat-7.0.57\endorsed
十一月 27, 2015 9:45:03 上午 org.apache.catalina.startup.VersionLoggerListener log
信息: Command line argument: -Dcatalina.base=F:\apache-tomcat-7.0.57
十一月 27, 2015 9:45:03 上午 org.apache.catalina.startup.VersionLoggerListener log
信息: Command line argument: -Dcatalina.home=F:\apache-tomcat-7.0.57
十一月 27, 2015 9:45:03 上午 org.apache.catalina.startup.VersionLoggerListener log
信息: Command line argument: -Djava.io.tmpdir=F:\apache-tomcat-7.0.57\temp
十一月 27, 2015 9:45:03 上午 org.apache.catalina.core.AprLifecycleListener lifecycleEvent
信息: The APR based Apache Tomcat Native library which allows optimal performance in production environments was not found on the java.library.path: C:\Program Files\Java\jdk1.7.0_79\bin;C:\Windows\Sun\Java\bin;C:\Windows\system32;C:\Windows;C:\Program Files\Java\jdk1.7.0_79\bin;C:\Program Files\Java\jdk1.7.0_79\jre\bin;C:\Windows\system32;C:\Windows;C:\Windows\System32\Wbem;C:\Windows\System32\WindowsPowerShell\v1.0\;C:\Program Files (x86)\NVIDIA Corporation\PhysX\Common;C:\Program Files (x86)\Windows Kits\8.1\Windows Performance Toolkit\;C:\Program Files\Microsoft SQL Server\110\Tools\Binn\;C:\Program Files\nodejs\;C:\Users\myp\AppData\Roaming\npm;.
十一月 27, 2015 9:45:03 上午 org.apache.coyote.AbstractProtocol init
信息: Initializing ProtocolHandler ["http-bio-8080"]
十一月 27, 2015 9:45:03 上午 org.apache.coyote.AbstractProtocol init
信息: Initializing ProtocolHandler ["ajp-bio-8009"]
十一月 27, 2015 9:45:03 上午 org.apache.catalina.startup.Catalina load
信息: Initialization processed in 387 ms
十一月 27, 2015 9:45:03 上午 org.apache.catalina.core.StandardService startInternal
信息: Starting service Catalina
十一月 27, 2015 9:45:03 上午 org.apache.catalina.core.StandardEngine startInternal
信息: Starting Servlet Engine: Apache Tomcat/7.0.57
十一月 27, 2015 9:45:03 上午 org.apache.catalina.loader.WebappClassLoader validateJarFile
信息: validateJarFile(F:\apache-tomcat-7.0.57\webapps\trader-server\WEB-INF\lib\servlet-api.jar) - jar not loaded. See Servlet Spec 3.0, section 10.7.2. Offending class: javax/servlet/Servlet.class
十一月 27, 2015 9:45:04 上午 org.apache.catalina.startup.TaglibUriRule body
信息: TLD skipped. URI: http://java.sun.com/jstl/fmt_rt is already defined
十一月 27, 2015 9:45:04 上午 org.apache.catalina.startup.TaglibUriRule body
信息: TLD skipped. URI: http://jakarta.apache.org/taglibs/standard/scriptfree is already defined
十一月 27, 2015 9:45:04 上午 org.apache.catalina.startup.TaglibUriRule body
信息: TLD skipped. URI: http://java.sun.com/jstl/fmt is already defined
十一月 27, 2015 9:45:04 上午 org.apache.catalina.startup.TaglibUriRule body
信息: TLD skipped. URI: http://java.sun.com/jstl/xml is already defined
十一月 27, 2015 9:45:04 上午 org.apache.catalina.startup.TaglibUriRule body
信息: TLD skipped. URI: http://java.sun.com/jsp/jstl/sql is already defined
十一月 27, 2015 9:45:04 上午 org.apache.catalina.startup.TaglibUriRule body
信息: TLD skipped. URI: http://java.sun.com/jsp/jstl/core is already defined
十一月 27, 2015 9:45:04 上午 org.apache.catalina.startup.TaglibUriRule body
信息: TLD skipped. URI: http://java.sun.com/jstl/xml_rt is already defined
十一月 27, 2015 9:45:04 上午 org.apache.catalina.startup.TaglibUriRule body
信息: TLD skipped. URI: http://java.sun.com/jstl/sql is already defined
十一月 27, 2015 9:45:04 上午 org.apache.catalina.startup.TaglibUriRule body
信息: TLD skipped. URI: http://java.sun.com/jstl/sql_rt is already defined
十一月 27, 2015 9:45:04 上午 org.apache.catalina.startup.TaglibUriRule body
信息: TLD skipped. URI: http://jakarta.apache.org/taglibs/standard/permittedTaglibs is already defined
十一月 27, 2015 9:45:04 上午 org.apache.catalina.startup.TaglibUriRule body
信息: TLD skipped. URI: http://java.sun.com/jsp/jstl/xml is already defined
十一月 27, 2015 9:45:04 上午 org.apache.catalina.startup.TaglibUriRule body
信息: TLD skipped. URI: http://java.sun.com/jstl/core_rt is already defined
十一月 27, 2015 9:45:04 上午 org.apache.catalina.startup.TaglibUriRule body
信息: TLD skipped. URI: http://java.sun.com/jstl/core is already defined
十一月 27, 2015 9:45:04 上午 org.apache.catalina.startup.TaglibUriRule body
信息: TLD skipped. URI: http://java.sun.com/jsp/jstl/functions is already defined
十一月 27, 2015 9:45:04 上午 org.apache.catalina.startup.TaglibUriRule body
信息: TLD skipped. URI: http://java.sun.com/jsp/jstl/fmt is already defined
十一月 27, 2015 9:45:04 上午 com.sun.faces.config.ConfigureListener contextInitialized
信息: 初始化上下文 '/dataservices-samples' 的 Mojarra 2.0.3 (FCS b03)
十一月 27, 2015 9:45:05 上午 com.sun.faces.spi.InjectionProviderFactory createInstance
信息: JSF1048：有 PostConstruct/PreDestroy 注释。标有这些注释的 ManagedBeans 方法将表示注释已处理。
十一月 27, 2015 9:45:05 上午 org.apache.catalina.startup.HostConfig deployDirectory
信息: Deploying web application directory F:\apache-tomcat-7.0.57\backup
十一月 27, 2015 9:45:05 上午 org.apache.catalina.startup.HostConfig deployDirectory
信息: Deployment of web application directory F:\apache-tomcat-7.0.57\backup has finished in 24 ms
十一月 27, 2015 9:45:05 上午 org.apache.catalina.startup.HostConfig deployDirectory
信息: Deploying web application directory F:\apache-tomcat-7.0.57\bin
十一月 27, 2015 9:45:05 上午 org.apache.catalina.startup.HostConfig deployDirectory
信息: Deployment of web application directory F:\apache-tomcat-7.0.57\bin has finished in 25 ms
十一月 27, 2015 9:45:05 上午 org.apache.catalina.startup.HostConfig deployDirectory
信息: Deploying web application directory F:\apache-tomcat-7.0.57\conf
十一月 27, 2015 9:45:05 上午 org.apache.catalina.startup.HostConfig deployDirectory
信息: Deployment of web application directory F:\apache-tomcat-7.0.57\conf has finished in 33 ms
十一月 27, 2015 9:45:05 上午 org.apache.catalina.startup.HostConfig deployDirectory
信息: Deploying web application directory F:\apache-tomcat-7.0.57\lib
十一月 27, 2015 9:45:05 上午 org.apache.catalina.startup.HostConfig deployDirectory
信息: Deployment of web application directory F:\apache-tomcat-7.0.57\lib has finished in 22 ms
十一月 27, 2015 9:45:05 上午 org.apache.catalina.startup.HostConfig deployDirectory
信息: Deploying web application directory F:\apache-tomcat-7.0.57\logs
十一月 27, 2015 9:45:05 上午 org.apache.catalina.startup.HostConfig deployDirectory
信息: Deployment of web application directory F:\apache-tomcat-7.0.57\logs has finished in 24 ms
十一月 27, 2015 9:45:05 上午 org.apache.catalina.startup.HostConfig deployDirectory
信息: Deploying web application directory F:\apache-tomcat-7.0.57\picture
十一月 27, 2015 9:45:05 上午 org.apache.catalina.startup.HostConfig deployDirectory
信息: Deployment of web application directory F:\apache-tomcat-7.0.57\picture has finished in 26 ms
十一月 27, 2015 9:45:05 上午 org.apache.catalina.startup.HostConfig deployDirectory
信息: Deploying web application directory F:\apache-tomcat-7.0.57\temp
十一月 27, 2015 9:45:05 上午 org.apache.catalina.startup.HostConfig deployDirectory
信息: Deployment of web application directory F:\apache-tomcat-7.0.57\temp has finished in 22 ms
十一月 27, 2015 9:45:05 上午 org.apache.catalina.startup.HostConfig deployDirectory
信息: Deploying web application directory F:\apache-tomcat-7.0.57\webapps
十一月 27, 2015 9:45:05 上午 org.apache.catalina.startup.HostConfig deployDirectory
信息: Deployment of web application directory F:\apache-tomcat-7.0.57\webapps has finished in 22 ms
十一月 27, 2015 9:45:05 上午 org.apache.catalina.startup.HostConfig deployDirectory
信息: Deploying web application directory F:\apache-tomcat-7.0.57\work
十一月 27, 2015 9:45:05 上午 org.apache.catalina.startup.HostConfig deployDirectory
信息: Deployment of web application directory F:\apache-tomcat-7.0.57\work has finished in 23 ms
十一月 27, 2015 9:45:05 上午 org.apache.coyote.AbstractProtocol start
信息: Starting ProtocolHandler ["http-bio-8080"]
十一月 27, 2015 9:45:05 上午 org.apache.coyote.AbstractProtocol start
信息: Starting ProtocolHandler ["ajp-bio-8009"]
十一月 27, 2015 9:45:05 上午 org.apache.catalina.startup.Catalina start
信息: Server startup in 2721 ms
十一月 27, 2015 10:55:56 上午 org.apache.tomcat.util.digester.SetPropertiesRule begin
警告: [SetPropertiesRule]{Server/Service/Engine/Host/Context} Setting property 'source' to 'org.eclipse.jst.jee.server:trader-server' did not find a matching property.
十一月 27, 2015 10:55:56 上午 org.apache.catalina.startup.VersionLoggerListener log
信息: Server version:        Apache Tomcat/7.0.57
十一月 27, 2015 10:55:56 上午 org.apache.catalina.startup.VersionLoggerListener log
信息: Server built:          Nov 3 2014 08:39:16 UTC
十一月 27, 2015 10:55:56 上午 org.apache.catalina.startup.VersionLoggerListener log
信息: Server number:         7.0.57.0
十一月 27, 2015 10:55:56 上午 org.apache.catalina.startup.VersionLoggerListener log
信息: OS Name:               Windows 7
十一月 27, 2015 10:55:56 上午 org.apache.catalina.startup.VersionLoggerListener log
信息: OS Version:            6.1
十一月 27, 2015 10:55:56 上午 org.apache.catalina.startup.VersionLoggerListener log
信息: Architecture:          amd64
十一月 27, 2015 10:55:56 上午 org.apache.catalina.startup.VersionLoggerListener log
信息: JAVA_HOME:             C:\Program Files\Java\jdk1.7.0_79\jre
十一月 27, 2015 10:55:56 上午 org.apache.catalina.startup.VersionLoggerListener log
信息: JVM Version:           1.7.0_79-b15
十一月 27, 2015 10:55:56 上午 org.apache.catalina.startup.VersionLoggerListener log
信息: JVM Vendor:            Oracle Corporation
十一月 27, 2015 10:55:56 上午 org.apache.catalina.startup.VersionLoggerListener log
信息: CATALINA_BASE:         F:\apache-tomcat-7.0.57
十一月 27, 2015 10:55:56 上午 org.apache.catalina.startup.VersionLoggerListener log
信息: CATALINA_HOME:         F:\apache-tomcat-7.0.57
十一月 27, 2015 10:55:56 上午 org.apache.catalina.startup.VersionLoggerListener log
信息: Command line argument: -Djava.util.logging.config.file=F:\apache-tomcat-7.0.57\conf\logging.properties
十一月 27, 2015 10:55:56 上午 org.apache.catalina.startup.VersionLoggerListener log
信息: Command line argument: -Djava.util.logging.manager=org.apache.juli.ClassLoaderLogManager
十一月 27, 2015 10:55:56 上午 org.apache.catalina.startup.VersionLoggerListener log
信息: Command line argument: -Djava.endorsed.dirs=F:\apache-tomcat-7.0.57\endorsed
十一月 27, 2015 10:55:56 上午 org.apache.catalina.startup.VersionLoggerListener log
信息: Command line argument: -Dcatalina.base=F:\apache-tomcat-7.0.57
十一月 27, 2015 10:55:56 上午 org.apache.catalina.startup.VersionLoggerListener log
信息: Command line argument: -Dcatalina.home=F:\apache-tomcat-7.0.57
十一月 27, 2015 10:55:56 上午 org.apache.catalina.startup.VersionLoggerListener log
信息: Command line argument: -Djava.io.tmpdir=F:\apache-tomcat-7.0.57\temp
十一月 27, 2015 10:55:56 上午 org.apache.catalina.core.AprLifecycleListener lifecycleEvent
信息: The APR based Apache Tomcat Native library which allows optimal performance in production environments was not found on the java.library.path: C:\Program Files\Java\jdk1.7.0_79\bin;C:\Windows\Sun\Java\bin;C:\Windows\system32;C:\Windows;C:\Program Files\Java\jdk1.7.0_79\bin;C:\Program Files\Java\jdk1.7.0_79\jre\bin;C:\Windows\system32;C:\Windows;C:\Windows\System32\Wbem;C:\Windows\System32\WindowsPowerShell\v1.0\;C:\Program Files (x86)\NVIDIA Corporation\PhysX\Common;C:\Program Files (x86)\Windows Kits\8.1\Windows Performance Toolkit\;C:\Program Files\Microsoft SQL Server\110\Tools\Binn\;C:\Program Files\nodejs\;C:\Users\myp\AppData\Roaming\npm;.
十一月 27, 2015 10:55:56 上午 org.apache.coyote.AbstractProtocol init
信息: Initializing ProtocolHandler ["http-bio-8080"]
十一月 27, 2015 10:55:56 上午 org.apache.coyote.AbstractProtocol init
信息: Initializing ProtocolHandler ["ajp-bio-8009"]
十一月 27, 2015 10:55:56 上午 org.apache.catalina.startup.Catalina load
信息: Initialization processed in 367 ms
十一月 27, 2015 10:55:56 上午 org.apache.catalina.core.StandardService startInternal
信息: Starting service Catalina
十一月 27, 2015 10:55:56 上午 org.apache.catalina.core.StandardEngine startInternal
信息: Starting Servlet Engine: Apache Tomcat/7.0.57
十一月 27, 2015 10:55:56 上午 org.apache.catalina.loader.WebappClassLoader validateJarFile
信息: validateJarFile(F:\apache-tomcat-7.0.57\webapps\trader-server\WEB-INF\lib\servlet-api.jar) - jar not loaded. See Servlet Spec 3.0, section 10.7.2. Offending class: javax/servlet/Servlet.class
十一月 27, 2015 10:55:58 上午 org.apache.catalina.startup.TaglibUriRule body
信息: TLD skipped. URI: http://java.sun.com/jstl/fmt_rt is already defined
十一月 27, 2015 10:55:58 上午 org.apache.catalina.startup.TaglibUriRule body
信息: TLD skipped. URI: http://jakarta.apache.org/taglibs/standard/scriptfree is already defined
十一月 27, 2015 10:55:58 上午 org.apache.catalina.startup.TaglibUriRule body
信息: TLD skipped. URI: http://java.sun.com/jstl/fmt is already defined
十一月 27, 2015 10:55:58 上午 org.apache.catalina.startup.TaglibUriRule body
信息: TLD skipped. URI: http://java.sun.com/jstl/xml is already defined
十一月 27, 2015 10:55:58 上午 org.apache.catalina.startup.TaglibUriRule body
信息: TLD skipped. URI: http://java.sun.com/jsp/jstl/sql is already defined
十一月 27, 2015 10:55:58 上午 org.apache.catalina.startup.TaglibUriRule body
信息: TLD skipped. URI: http://java.sun.com/jsp/jstl/core is already defined
十一月 27, 2015 10:55:58 上午 org.apache.catalina.startup.TaglibUriRule body
信息: TLD skipped. URI: http://java.sun.com/jstl/xml_rt is already defined
十一月 27, 2015 10:55:58 上午 org.apache.catalina.startup.TaglibUriRule body
信息: TLD skipped. URI: http://java.sun.com/jstl/sql is already defined
十一月 27, 2015 10:55:58 上午 org.apache.catalina.startup.TaglibUriRule body
信息: TLD skipped. URI: http://java.sun.com/jstl/sql_rt is already defined
十一月 27, 2015 10:55:58 上午 org.apache.catalina.startup.TaglibUriRule body
信息: TLD skipped. URI: http://jakarta.apache.org/taglibs/standard/permittedTaglibs is already defined
十一月 27, 2015 10:55:58 上午 org.apache.catalina.startup.TaglibUriRule body
信息: TLD skipped. URI: http://java.sun.com/jsp/jstl/xml is already defined
十一月 27, 2015 10:55:58 上午 org.apache.catalina.startup.TaglibUriRule body
信息: TLD skipped. URI: http://java.sun.com/jstl/core_rt is already defined
十一月 27, 2015 10:55:58 上午 org.apache.catalina.startup.TaglibUriRule body
信息: TLD skipped. URI: http://java.sun.com/jstl/core is already defined
十一月 27, 2015 10:55:58 上午 org.apache.catalina.startup.TaglibUriRule body
信息: TLD skipped. URI: http://java.sun.com/jsp/jstl/functions is already defined
十一月 27, 2015 10:55:58 上午 org.apache.catalina.startup.TaglibUriRule body
信息: TLD skipped. URI: http://java.sun.com/jsp/jstl/fmt is already defined
十一月 27, 2015 10:55:58 上午 com.sun.faces.config.ConfigureListener contextInitialized
信息: 初始化上下文 '/dataservices-samples' 的 Mojarra 2.0.3 (FCS b03)
十一月 27, 2015 10:55:58 上午 com.sun.faces.spi.InjectionProviderFactory createInstance
信息: JSF1048：有 PostConstruct/PreDestroy 注释。标有这些注释的 ManagedBeans 方法将表示注释已处理。
十一月 27, 2015 10:55:59 上午 org.apache.catalina.startup.HostConfig deployDirectory
信息: Deploying web application directory F:\apache-tomcat-7.0.57\backup
十一月 27, 2015 10:55:59 上午 org.apache.catalina.startup.HostConfig deployDirectory
信息: Deployment of web application directory F:\apache-tomcat-7.0.57\backup has finished in 25 ms
十一月 27, 2015 10:55:59 上午 org.apache.catalina.startup.HostConfig deployDirectory
信息: Deploying web application directory F:\apache-tomcat-7.0.57\bin
十一月 27, 2015 10:55:59 上午 org.apache.catalina.startup.HostConfig deployDirectory
信息: Deployment of web application directory F:\apache-tomcat-7.0.57\bin has finished in 24 ms
十一月 27, 2015 10:55:59 上午 org.apache.catalina.startup.HostConfig deployDirectory
信息: Deploying web application directory F:\apache-tomcat-7.0.57\conf
十一月 27, 2015 10:55:59 上午 org.apache.catalina.startup.HostConfig deployDirectory
信息: Deployment of web application directory F:\apache-tomcat-7.0.57\conf has finished in 24 ms
十一月 27, 2015 10:55:59 上午 org.apache.catalina.startup.HostConfig deployDirectory
信息: Deploying web application directory F:\apache-tomcat-7.0.57\lib
十一月 27, 2015 10:55:59 上午 org.apache.catalina.startup.HostConfig deployDirectory
信息: Deployment of web application directory F:\apache-tomcat-7.0.57\lib has finished in 25 ms
十一月 27, 2015 10:55:59 上午 org.apache.catalina.startup.HostConfig deployDirectory
信息: Deploying web application directory F:\apache-tomcat-7.0.57\logs
十一月 27, 2015 10:55:59 上午 org.apache.catalina.startup.HostConfig deployDirectory
信息: Deployment of web application directory F:\apache-tomcat-7.0.57\logs has finished in 23 ms
十一月 27, 2015 10:55:59 上午 org.apache.catalina.startup.HostConfig deployDirectory
信息: Deploying web application directory F:\apache-tomcat-7.0.57\picture
十一月 27, 2015 10:55:59 上午 org.apache.catalina.startup.HostConfig deployDirectory
信息: Deployment of web application directory F:\apache-tomcat-7.0.57\picture has finished in 21 ms
十一月 27, 2015 10:55:59 上午 org.apache.catalina.startup.HostConfig deployDirectory
信息: Deploying web application directory F:\apache-tomcat-7.0.57\temp
十一月 27, 2015 10:55:59 上午 org.apache.catalina.startup.HostConfig deployDirectory
信息: Deployment of web application directory F:\apache-tomcat-7.0.57\temp has finished in 21 ms
十一月 27, 2015 10:55:59 上午 org.apache.catalina.startup.HostConfig deployDirectory
信息: Deploying web application directory F:\apache-tomcat-7.0.57\webapps
十一月 27, 2015 10:55:59 上午 org.apache.catalina.startup.HostConfig deployDirectory
信息: Deployment of web application directory F:\apache-tomcat-7.0.57\webapps has finished in 21 ms
十一月 27, 2015 10:55:59 上午 org.apache.catalina.startup.HostConfig deployDirectory
信息: Deploying web application directory F:\apache-tomcat-7.0.57\work
十一月 27, 2015 10:55:59 上午 org.apache.catalina.startup.HostConfig deployDirectory
信息: Deployment of web application directory F:\apache-tomcat-7.0.57\work has finished in 22 ms
十一月 27, 2015 10:55:59 上午 org.apache.coyote.AbstractProtocol start
信息: Starting ProtocolHandler ["http-bio-8080"]
十一月 27, 2015 10:55:59 上午 org.apache.coyote.AbstractProtocol start
信息: Starting ProtocolHandler ["ajp-bio-8009"]
十一月 27, 2015 10:55:59 上午 org.apache.catalina.startup.Catalina start
信息: Server startup in 2620 ms
