十二月 08, 2015 1:21:09 下午 org.apache.tomcat.util.digester.SetPropertiesRule begin
警告: [SetPropertiesRule]{Server/Service/Engine/Host/Context} Setting property 'source' to 'org.eclipse.jst.jee.server:trader-server' did not find a matching property.
十二月 08, 2015 1:21:09 下午 org.apache.catalina.startup.VersionLoggerListener log
信息: Server version:        Apache Tomcat/7.0.57
十二月 08, 2015 1:21:09 下午 org.apache.catalina.startup.VersionLoggerListener log
信息: Server built:          Nov 3 2014 08:39:16 UTC
十二月 08, 2015 1:21:09 下午 org.apache.catalina.startup.VersionLoggerListener log
信息: Server number:         7.0.57.0
十二月 08, 2015 1:21:09 下午 org.apache.catalina.startup.VersionLoggerListener log
信息: OS Name:               Windows 7
十二月 08, 2015 1:21:09 下午 org.apache.catalina.startup.VersionLoggerListener log
信息: OS Version:            6.1
十二月 08, 2015 1:21:09 下午 org.apache.catalina.startup.VersionLoggerListener log
信息: Architecture:          amd64
十二月 08, 2015 1:21:09 下午 org.apache.catalina.startup.VersionLoggerListener log
信息: JAVA_HOME:             C:\Program Files\Java\jdk1.7.0_79\jre
十二月 08, 2015 1:21:09 下午 org.apache.catalina.startup.VersionLoggerListener log
信息: JVM Version:           1.7.0_79-b15
十二月 08, 2015 1:21:09 下午 org.apache.catalina.startup.VersionLoggerListener log
信息: JVM Vendor:            Oracle Corporation
十二月 08, 2015 1:21:09 下午 org.apache.catalina.startup.VersionLoggerListener log
信息: CATALINA_BASE:         F:\FlexProject\室内最新\apache-tomcat-7.0.57
十二月 08, 2015 1:21:09 下午 org.apache.catalina.startup.VersionLoggerListener log
信息: CATALINA_HOME:         F:\FlexProject\室内最新\apache-tomcat-7.0.57
十二月 08, 2015 1:21:09 下午 org.apache.catalina.startup.VersionLoggerListener log
信息: Command line argument: -Djava.util.logging.config.file=F:\FlexProject\室内最新\apache-tomcat-7.0.57\conf\logging.properties
十二月 08, 2015 1:21:09 下午 org.apache.catalina.startup.VersionLoggerListener log
信息: Command line argument: -Djava.util.logging.manager=org.apache.juli.ClassLoaderLogManager
十二月 08, 2015 1:21:09 下午 org.apache.catalina.startup.VersionLoggerListener log
信息: Command line argument: -Djava.endorsed.dirs=F:\FlexProject\室内最新\apache-tomcat-7.0.57\endorsed
十二月 08, 2015 1:21:09 下午 org.apache.catalina.startup.VersionLoggerListener log
信息: Command line argument: -Dcatalina.base=F:\FlexProject\室内最新\apache-tomcat-7.0.57
十二月 08, 2015 1:21:09 下午 org.apache.catalina.startup.VersionLoggerListener log
信息: Command line argument: -Dcatalina.home=F:\FlexProject\室内最新\apache-tomcat-7.0.57
十二月 08, 2015 1:21:09 下午 org.apache.catalina.startup.VersionLoggerListener log
信息: Command line argument: -Djava.io.tmpdir=F:\FlexProject\室内最新\apache-tomcat-7.0.57\temp
十二月 08, 2015 1:21:09 下午 org.apache.catalina.core.AprLifecycleListener lifecycleEvent
信息: The APR based Apache Tomcat Native library which allows optimal performance in production environments was not found on the java.library.path: C:\Program Files\Java\jdk1.7.0_79\bin;C:\Windows\Sun\Java\bin;C:\Windows\system32;C:\Windows;C:\Program Files\Java\jdk1.7.0_79\bin;C:\Program Files\Java\jdk1.7.0_79\jre\bin;C:\Windows\system32;C:\Windows;C:\Windows\System32\Wbem;C:\Windows\System32\WindowsPowerShell\v1.0\;C:\Program Files (x86)\NVIDIA Corporation\PhysX\Common;C:\Program Files (x86)\Windows Kits\8.1\Windows Performance Toolkit\;C:\Program Files\Microsoft SQL Server\110\Tools\Binn\;C:\Program Files\nodejs\;C:\Users\myp\AppData\Roaming\npm;.
十二月 08, 2015 1:21:09 下午 org.apache.coyote.AbstractProtocol init
信息: Initializing ProtocolHandler ["http-bio-8080"]
十二月 08, 2015 1:21:09 下午 org.apache.coyote.AbstractProtocol init
信息: Initializing ProtocolHandler ["ajp-bio-8009"]
十二月 08, 2015 1:21:09 下午 org.apache.catalina.startup.Catalina load
信息: Initialization processed in 404 ms
十二月 08, 2015 1:21:09 下午 org.apache.catalina.core.StandardService startInternal
信息: Starting service Catalina
十二月 08, 2015 1:21:09 下午 org.apache.catalina.core.StandardEngine startInternal
信息: Starting Servlet Engine: Apache Tomcat/7.0.57
十二月 08, 2015 1:21:09 下午 org.apache.catalina.loader.WebappClassLoader validateJarFile
信息: validateJarFile(F:\FlexProject\室内最新\apache-tomcat-7.0.57\webapps\trader-server\WEB-INF\lib\servlet-api.jar) - jar not loaded. See Servlet Spec 3.0, section 10.7.2. Offending class: javax/servlet/Servlet.class
十二月 08, 2015 1:21:11 下午 org.apache.catalina.startup.TaglibUriRule body
信息: TLD skipped. URI: http://java.sun.com/jstl/fmt_rt is already defined
十二月 08, 2015 1:21:11 下午 org.apache.catalina.startup.TaglibUriRule body
信息: TLD skipped. URI: http://jakarta.apache.org/taglibs/standard/scriptfree is already defined
十二月 08, 2015 1:21:11 下午 org.apache.catalina.startup.TaglibUriRule body
信息: TLD skipped. URI: http://java.sun.com/jstl/fmt is already defined
十二月 08, 2015 1:21:11 下午 org.apache.catalina.startup.TaglibUriRule body
信息: TLD skipped. URI: http://java.sun.com/jstl/xml is already defined
十二月 08, 2015 1:21:11 下午 org.apache.catalina.startup.TaglibUriRule body
信息: TLD skipped. URI: http://java.sun.com/jsp/jstl/sql is already defined
十二月 08, 2015 1:21:11 下午 org.apache.catalina.startup.TaglibUriRule body
信息: TLD skipped. URI: http://java.sun.com/jsp/jstl/core is already defined
十二月 08, 2015 1:21:11 下午 org.apache.catalina.startup.TaglibUriRule body
信息: TLD skipped. URI: http://java.sun.com/jstl/xml_rt is already defined
十二月 08, 2015 1:21:11 下午 org.apache.catalina.startup.TaglibUriRule body
信息: TLD skipped. URI: http://java.sun.com/jstl/sql is already defined
十二月 08, 2015 1:21:11 下午 org.apache.catalina.startup.TaglibUriRule body
信息: TLD skipped. URI: http://java.sun.com/jstl/sql_rt is already defined
十二月 08, 2015 1:21:11 下午 org.apache.catalina.startup.TaglibUriRule body
信息: TLD skipped. URI: http://jakarta.apache.org/taglibs/standard/permittedTaglibs is already defined
十二月 08, 2015 1:21:11 下午 org.apache.catalina.startup.TaglibUriRule body
信息: TLD skipped. URI: http://java.sun.com/jsp/jstl/xml is already defined
十二月 08, 2015 1:21:11 下午 org.apache.catalina.startup.TaglibUriRule body
信息: TLD skipped. URI: http://java.sun.com/jstl/core_rt is already defined
十二月 08, 2015 1:21:11 下午 org.apache.catalina.startup.TaglibUriRule body
信息: TLD skipped. URI: http://java.sun.com/jstl/core is already defined
十二月 08, 2015 1:21:11 下午 org.apache.catalina.startup.TaglibUriRule body
信息: TLD skipped. URI: http://java.sun.com/jsp/jstl/functions is already defined
十二月 08, 2015 1:21:11 下午 org.apache.catalina.startup.TaglibUriRule body
信息: TLD skipped. URI: http://java.sun.com/jsp/jstl/fmt is already defined
十二月 08, 2015 1:21:11 下午 com.sun.faces.config.ConfigureListener contextInitialized
信息: 初始化上下文 '/dataservices-samples' 的 Mojarra 2.0.3 (FCS b03)
十二月 08, 2015 1:21:12 下午 com.sun.faces.spi.InjectionProviderFactory createInstance
信息: JSF1048：有 PostConstruct/PreDestroy 注释。标有这些注释的 ManagedBeans 方法将表示注释已处理。
十二月 08, 2015 1:21:12 下午 org.apache.catalina.startup.HostConfig deployDirectory
信息: Deploying web application directory F:\FlexProject\室内最新\apache-tomcat-7.0.57\backup
十二月 08, 2015 1:21:12 下午 org.apache.catalina.startup.HostConfig deployDirectory
信息: Deployment of web application directory F:\FlexProject\室内最新\apache-tomcat-7.0.57\backup has finished in 26 ms
十二月 08, 2015 1:21:12 下午 org.apache.catalina.startup.HostConfig deployDirectory
信息: Deploying web application directory F:\FlexProject\室内最新\apache-tomcat-7.0.57\bin
十二月 08, 2015 1:21:12 下午 org.apache.catalina.startup.HostConfig deployDirectory
信息: Deployment of web application directory F:\FlexProject\室内最新\apache-tomcat-7.0.57\bin has finished in 24 ms
十二月 08, 2015 1:21:12 下午 org.apache.catalina.startup.HostConfig deployDirectory
信息: Deploying web application directory F:\FlexProject\室内最新\apache-tomcat-7.0.57\conf
十二月 08, 2015 1:21:12 下午 org.apache.catalina.startup.HostConfig deployDirectory
信息: Deployment of web application directory F:\FlexProject\室内最新\apache-tomcat-7.0.57\conf has finished in 25 ms
十二月 08, 2015 1:21:12 下午 org.apache.catalina.startup.HostConfig deployDirectory
信息: Deploying web application directory F:\FlexProject\室内最新\apache-tomcat-7.0.57\lib
十二月 08, 2015 1:21:12 下午 org.apache.catalina.startup.HostConfig deployDirectory
信息: Deployment of web application directory F:\FlexProject\室内最新\apache-tomcat-7.0.57\lib has finished in 23 ms
十二月 08, 2015 1:21:12 下午 org.apache.catalina.startup.HostConfig deployDirectory
信息: Deploying web application directory F:\FlexProject\室内最新\apache-tomcat-7.0.57\logs
十二月 08, 2015 1:21:12 下午 org.apache.catalina.startup.HostConfig deployDirectory
信息: Deployment of web application directory F:\FlexProject\室内最新\apache-tomcat-7.0.57\logs has finished in 20 ms
十二月 08, 2015 1:21:12 下午 org.apache.catalina.startup.HostConfig deployDirectory
信息: Deploying web application directory F:\FlexProject\室内最新\apache-tomcat-7.0.57\picture
十二月 08, 2015 1:21:12 下午 org.apache.catalina.startup.HostConfig deployDirectory
信息: Deployment of web application directory F:\FlexProject\室内最新\apache-tomcat-7.0.57\picture has finished in 20 ms
十二月 08, 2015 1:21:12 下午 org.apache.catalina.startup.HostConfig deployDirectory
信息: Deploying web application directory F:\FlexProject\室内最新\apache-tomcat-7.0.57\temp
十二月 08, 2015 1:21:12 下午 org.apache.catalina.startup.HostConfig deployDirectory
信息: Deployment of web application directory F:\FlexProject\室内最新\apache-tomcat-7.0.57\temp has finished in 20 ms
十二月 08, 2015 1:21:12 下午 org.apache.catalina.startup.HostConfig deployDirectory
信息: Deploying web application directory F:\FlexProject\室内最新\apache-tomcat-7.0.57\webapps
十二月 08, 2015 1:21:12 下午 org.apache.catalina.startup.HostConfig deployDirectory
信息: Deployment of web application directory F:\FlexProject\室内最新\apache-tomcat-7.0.57\webapps has finished in 22 ms
十二月 08, 2015 1:21:12 下午 org.apache.catalina.startup.HostConfig deployDirectory
信息: Deploying web application directory F:\FlexProject\室内最新\apache-tomcat-7.0.57\work
十二月 08, 2015 1:21:12 下午 org.apache.catalina.startup.HostConfig deployDirectory
信息: Deployment of web application directory F:\FlexProject\室内最新\apache-tomcat-7.0.57\work has finished in 23 ms
十二月 08, 2015 1:21:12 下午 org.apache.coyote.AbstractProtocol start
信息: Starting ProtocolHandler ["http-bio-8080"]
十二月 08, 2015 1:21:12 下午 org.apache.coyote.AbstractProtocol start
信息: Starting ProtocolHandler ["ajp-bio-8009"]
十二月 08, 2015 1:21:12 下午 org.apache.catalina.startup.Catalina start
信息: Server startup in 3527 ms
十二月 08, 2015 1:21:52 下午 org.apache.jasper.compiler.TldLocationsCache tldScanJar
信息: At least one JAR was scanned for TLDs yet contained no TLDs. Enable debug logging for this logger for a complete list of JARs that were scanned but no TLDs were found in them. Skipping unneeded JARs during scanning can improve startup time and JSP compilation time.
十二月 08, 2015 1:23:01 下午 org.apache.tomcat.util.digester.SetPropertiesRule begin
警告: [SetPropertiesRule]{Server/Service/Engine/Host/Context} Setting property 'source' to 'org.eclipse.jst.jee.server:trader-server' did not find a matching property.
十二月 08, 2015 1:23:01 下午 org.apache.catalina.startup.VersionLoggerListener log
信息: Server version:        Apache Tomcat/7.0.57
十二月 08, 2015 1:23:01 下午 org.apache.catalina.startup.VersionLoggerListener log
信息: Server built:          Nov 3 2014 08:39:16 UTC
十二月 08, 2015 1:23:01 下午 org.apache.catalina.startup.VersionLoggerListener log
信息: Server number:         7.0.57.0
十二月 08, 2015 1:23:01 下午 org.apache.catalina.startup.VersionLoggerListener log
信息: OS Name:               Windows 7
十二月 08, 2015 1:23:01 下午 org.apache.catalina.startup.VersionLoggerListener log
信息: OS Version:            6.1
十二月 08, 2015 1:23:01 下午 org.apache.catalina.startup.VersionLoggerListener log
信息: Architecture:          amd64
十二月 08, 2015 1:23:01 下午 org.apache.catalina.startup.VersionLoggerListener log
信息: JAVA_HOME:             C:\Program Files\Java\jdk1.7.0_79\jre
十二月 08, 2015 1:23:01 下午 org.apache.catalina.startup.VersionLoggerListener log
信息: JVM Version:           1.7.0_79-b15
十二月 08, 2015 1:23:01 下午 org.apache.catalina.startup.VersionLoggerListener log
信息: JVM Vendor:            Oracle Corporation
十二月 08, 2015 1:23:01 下午 org.apache.catalina.startup.VersionLoggerListener log
信息: CATALINA_BASE:         F:\FlexProject\室内最新\apache-tomcat-7.0.57
十二月 08, 2015 1:23:01 下午 org.apache.catalina.startup.VersionLoggerListener log
信息: CATALINA_HOME:         F:\FlexProject\室内最新\apache-tomcat-7.0.57
十二月 08, 2015 1:23:01 下午 org.apache.catalina.startup.VersionLoggerListener log
信息: Command line argument: -Djava.util.logging.config.file=F:\FlexProject\室内最新\apache-tomcat-7.0.57\conf\logging.properties
十二月 08, 2015 1:23:01 下午 org.apache.catalina.startup.VersionLoggerListener log
信息: Command line argument: -Djava.util.logging.manager=org.apache.juli.ClassLoaderLogManager
十二月 08, 2015 1:23:01 下午 org.apache.catalina.startup.VersionLoggerListener log
信息: Command line argument: -Djava.endorsed.dirs=F:\FlexProject\室内最新\apache-tomcat-7.0.57\endorsed
十二月 08, 2015 1:23:01 下午 org.apache.catalina.startup.VersionLoggerListener log
信息: Command line argument: -Dcatalina.base=F:\FlexProject\室内最新\apache-tomcat-7.0.57
十二月 08, 2015 1:23:01 下午 org.apache.catalina.startup.VersionLoggerListener log
信息: Command line argument: -Dcatalina.home=F:\FlexProject\室内最新\apache-tomcat-7.0.57
十二月 08, 2015 1:23:01 下午 org.apache.catalina.startup.VersionLoggerListener log
信息: Command line argument: -Djava.io.tmpdir=F:\FlexProject\室内最新\apache-tomcat-7.0.57\temp
十二月 08, 2015 1:23:01 下午 org.apache.catalina.core.AprLifecycleListener lifecycleEvent
信息: The APR based Apache Tomcat Native library which allows optimal performance in production environments was not found on the java.library.path: C:\Program Files\Java\jdk1.7.0_79\bin;C:\Windows\Sun\Java\bin;C:\Windows\system32;C:\Windows;C:\Program Files\Java\jdk1.7.0_79\bin;C:\Program Files\Java\jdk1.7.0_79\jre\bin;C:\Windows\system32;C:\Windows;C:\Windows\System32\Wbem;C:\Windows\System32\WindowsPowerShell\v1.0\;C:\Program Files (x86)\NVIDIA Corporation\PhysX\Common;C:\Program Files (x86)\Windows Kits\8.1\Windows Performance Toolkit\;C:\Program Files\Microsoft SQL Server\110\Tools\Binn\;C:\Program Files\nodejs\;C:\Users\myp\AppData\Roaming\npm;.
十二月 08, 2015 1:23:01 下午 org.apache.coyote.AbstractProtocol init
信息: Initializing ProtocolHandler ["http-bio-8080"]
十二月 08, 2015 1:23:01 下午 org.apache.coyote.AbstractProtocol init
信息: Initializing ProtocolHandler ["ajp-bio-8009"]
十二月 08, 2015 1:23:01 下午 org.apache.catalina.startup.Catalina load
信息: Initialization processed in 363 ms
十二月 08, 2015 1:23:01 下午 org.apache.catalina.core.StandardService startInternal
信息: Starting service Catalina
十二月 08, 2015 1:23:01 下午 org.apache.catalina.core.StandardEngine startInternal
信息: Starting Servlet Engine: Apache Tomcat/7.0.57
十二月 08, 2015 1:23:01 下午 org.apache.catalina.loader.WebappClassLoader validateJarFile
信息: validateJarFile(F:\FlexProject\室内最新\apache-tomcat-7.0.57\webapps\trader-server\WEB-INF\lib\servlet-api.jar) - jar not loaded. See Servlet Spec 3.0, section 10.7.2. Offending class: javax/servlet/Servlet.class
十二月 08, 2015 1:23:03 下午 org.apache.catalina.startup.TaglibUriRule body
信息: TLD skipped. URI: http://java.sun.com/jstl/fmt_rt is already defined
十二月 08, 2015 1:23:03 下午 org.apache.catalina.startup.TaglibUriRule body
信息: TLD skipped. URI: http://jakarta.apache.org/taglibs/standard/scriptfree is already defined
十二月 08, 2015 1:23:03 下午 org.apache.catalina.startup.TaglibUriRule body
信息: TLD skipped. URI: http://java.sun.com/jstl/fmt is already defined
十二月 08, 2015 1:23:03 下午 org.apache.catalina.startup.TaglibUriRule body
信息: TLD skipped. URI: http://java.sun.com/jstl/xml is already defined
十二月 08, 2015 1:23:03 下午 org.apache.catalina.startup.TaglibUriRule body
信息: TLD skipped. URI: http://java.sun.com/jsp/jstl/sql is already defined
十二月 08, 2015 1:23:03 下午 org.apache.catalina.startup.TaglibUriRule body
信息: TLD skipped. URI: http://java.sun.com/jsp/jstl/core is already defined
十二月 08, 2015 1:23:03 下午 org.apache.catalina.startup.TaglibUriRule body
信息: TLD skipped. URI: http://java.sun.com/jstl/xml_rt is already defined
十二月 08, 2015 1:23:03 下午 org.apache.catalina.startup.TaglibUriRule body
信息: TLD skipped. URI: http://java.sun.com/jstl/sql is already defined
十二月 08, 2015 1:23:03 下午 org.apache.catalina.startup.TaglibUriRule body
信息: TLD skipped. URI: http://java.sun.com/jstl/sql_rt is already defined
十二月 08, 2015 1:23:03 下午 org.apache.catalina.startup.TaglibUriRule body
信息: TLD skipped. URI: http://jakarta.apache.org/taglibs/standard/permittedTaglibs is already defined
十二月 08, 2015 1:23:03 下午 org.apache.catalina.startup.TaglibUriRule body
信息: TLD skipped. URI: http://java.sun.com/jsp/jstl/xml is already defined
十二月 08, 2015 1:23:03 下午 org.apache.catalina.startup.TaglibUriRule body
信息: TLD skipped. URI: http://java.sun.com/jstl/core_rt is already defined
十二月 08, 2015 1:23:03 下午 org.apache.catalina.startup.TaglibUriRule body
信息: TLD skipped. URI: http://java.sun.com/jstl/core is already defined
十二月 08, 2015 1:23:03 下午 org.apache.catalina.startup.TaglibUriRule body
信息: TLD skipped. URI: http://java.sun.com/jsp/jstl/functions is already defined
十二月 08, 2015 1:23:03 下午 org.apache.catalina.startup.TaglibUriRule body
信息: TLD skipped. URI: http://java.sun.com/jsp/jstl/fmt is already defined
十二月 08, 2015 1:23:03 下午 com.sun.faces.config.ConfigureListener contextInitialized
信息: 初始化上下文 '/dataservices-samples' 的 Mojarra 2.0.3 (FCS b03)
十二月 08, 2015 1:23:03 下午 com.sun.faces.spi.InjectionProviderFactory createInstance
信息: JSF1048：有 PostConstruct/PreDestroy 注释。标有这些注释的 ManagedBeans 方法将表示注释已处理。
十二月 08, 2015 1:23:04 下午 org.apache.catalina.startup.HostConfig deployDirectory
信息: Deploying web application directory F:\FlexProject\室内最新\apache-tomcat-7.0.57\backup
十二月 08, 2015 1:23:04 下午 org.apache.catalina.startup.HostConfig deployDirectory
信息: Deployment of web application directory F:\FlexProject\室内最新\apache-tomcat-7.0.57\backup has finished in 27 ms
十二月 08, 2015 1:23:04 下午 org.apache.catalina.startup.HostConfig deployDirectory
信息: Deploying web application directory F:\FlexProject\室内最新\apache-tomcat-7.0.57\bin
十二月 08, 2015 1:23:04 下午 org.apache.catalina.startup.HostConfig deployDirectory
信息: Deployment of web application directory F:\FlexProject\室内最新\apache-tomcat-7.0.57\bin has finished in 26 ms
十二月 08, 2015 1:23:04 下午 org.apache.catalina.startup.HostConfig deployDirectory
信息: Deploying web application directory F:\FlexProject\室内最新\apache-tomcat-7.0.57\conf
十二月 08, 2015 1:23:04 下午 org.apache.catalina.startup.HostConfig deployDirectory
信息: Deployment of web application directory F:\FlexProject\室内最新\apache-tomcat-7.0.57\conf has finished in 28 ms
十二月 08, 2015 1:23:04 下午 org.apache.catalina.startup.HostConfig deployDirectory
信息: Deploying web application directory F:\FlexProject\室内最新\apache-tomcat-7.0.57\lib
十二月 08, 2015 1:23:04 下午 org.apache.catalina.startup.HostConfig deployDirectory
信息: Deployment of web application directory F:\FlexProject\室内最新\apache-tomcat-7.0.57\lib has finished in 30 ms
十二月 08, 2015 1:23:04 下午 org.apache.catalina.startup.HostConfig deployDirectory
信息: Deploying web application directory F:\FlexProject\室内最新\apache-tomcat-7.0.57\logs
十二月 08, 2015 1:23:04 下午 org.apache.catalina.startup.HostConfig deployDirectory
信息: Deployment of web application directory F:\FlexProject\室内最新\apache-tomcat-7.0.57\logs has finished in 24 ms
十二月 08, 2015 1:23:04 下午 org.apache.catalina.startup.HostConfig deployDirectory
信息: Deploying web application directory F:\FlexProject\室内最新\apache-tomcat-7.0.57\picture
十二月 08, 2015 1:23:04 下午 org.apache.catalina.startup.HostConfig deployDirectory
信息: Deployment of web application directory F:\FlexProject\室内最新\apache-tomcat-7.0.57\picture has finished in 23 ms
十二月 08, 2015 1:23:04 下午 org.apache.catalina.startup.HostConfig deployDirectory
信息: Deploying web application directory F:\FlexProject\室内最新\apache-tomcat-7.0.57\temp
十二月 08, 2015 1:23:04 下午 org.apache.catalina.startup.HostConfig deployDirectory
信息: Deployment of web application directory F:\FlexProject\室内最新\apache-tomcat-7.0.57\temp has finished in 22 ms
十二月 08, 2015 1:23:04 下午 org.apache.catalina.startup.HostConfig deployDirectory
信息: Deploying web application directory F:\FlexProject\室内最新\apache-tomcat-7.0.57\webapps
十二月 08, 2015 1:23:04 下午 org.apache.catalina.startup.HostConfig deployDirectory
信息: Deployment of web application directory F:\FlexProject\室内最新\apache-tomcat-7.0.57\webapps has finished in 23 ms
十二月 08, 2015 1:23:04 下午 org.apache.catalina.startup.HostConfig deployDirectory
信息: Deploying web application directory F:\FlexProject\室内最新\apache-tomcat-7.0.57\work
十二月 08, 2015 1:23:04 下午 org.apache.catalina.startup.HostConfig deployDirectory
信息: Deployment of web application directory F:\FlexProject\室内最新\apache-tomcat-7.0.57\work has finished in 23 ms
十二月 08, 2015 1:23:04 下午 org.apache.coyote.AbstractProtocol start
信息: Starting ProtocolHandler ["http-bio-8080"]
十二月 08, 2015 1:23:04 下午 org.apache.coyote.AbstractProtocol start
信息: Starting ProtocolHandler ["ajp-bio-8009"]
十二月 08, 2015 1:23:04 下午 org.apache.catalina.startup.Catalina start
信息: Server startup in 2685 ms
十二月 08, 2015 1:23:49 下午 org.apache.jasper.compiler.TldLocationsCache tldScanJar
信息: At least one JAR was scanned for TLDs yet contained no TLDs. Enable debug logging for this logger for a complete list of JARs that were scanned but no TLDs were found in them. Skipping unneeded JARs during scanning can improve startup time and JSP compilation time.
十二月 08, 2015 5:57:07 下午 org.apache.tomcat.util.digester.SetPropertiesRule begin
警告: [SetPropertiesRule]{Server/Service/Engine/Host/Context} Setting property 'source' to 'org.eclipse.jst.jee.server:trader-server' did not find a matching property.
十二月 08, 2015 5:57:07 下午 org.apache.catalina.startup.VersionLoggerListener log
信息: Server version:        Apache Tomcat/7.0.57
十二月 08, 2015 5:57:07 下午 org.apache.catalina.startup.VersionLoggerListener log
信息: Server built:          Nov 3 2014 08:39:16 UTC
十二月 08, 2015 5:57:07 下午 org.apache.catalina.startup.VersionLoggerListener log
信息: Server number:         7.0.57.0
十二月 08, 2015 5:57:07 下午 org.apache.catalina.startup.VersionLoggerListener log
信息: OS Name:               Windows 7
十二月 08, 2015 5:57:07 下午 org.apache.catalina.startup.VersionLoggerListener log
信息: OS Version:            6.1
十二月 08, 2015 5:57:07 下午 org.apache.catalina.startup.VersionLoggerListener log
信息: Architecture:          amd64
十二月 08, 2015 5:57:07 下午 org.apache.catalina.startup.VersionLoggerListener log
信息: JAVA_HOME:             C:\Program Files\Java\jdk1.7.0_79\jre
十二月 08, 2015 5:57:07 下午 org.apache.catalina.startup.VersionLoggerListener log
信息: JVM Version:           1.7.0_79-b15
十二月 08, 2015 5:57:07 下午 org.apache.catalina.startup.VersionLoggerListener log
信息: JVM Vendor:            Oracle Corporation
十二月 08, 2015 5:57:07 下午 org.apache.catalina.startup.VersionLoggerListener log
信息: CATALINA_BASE:         F:\FlexProject\室内最新\apache-tomcat-7.0.57
十二月 08, 2015 5:57:07 下午 org.apache.catalina.startup.VersionLoggerListener log
信息: CATALINA_HOME:         F:\FlexProject\室内最新\apache-tomcat-7.0.57
十二月 08, 2015 5:57:07 下午 org.apache.catalina.startup.VersionLoggerListener log
信息: Command line argument: -Djava.util.logging.config.file=F:\FlexProject\室内最新\apache-tomcat-7.0.57\conf\logging.properties
十二月 08, 2015 5:57:07 下午 org.apache.catalina.startup.VersionLoggerListener log
信息: Command line argument: -Djava.util.logging.manager=org.apache.juli.ClassLoaderLogManager
十二月 08, 2015 5:57:07 下午 org.apache.catalina.startup.VersionLoggerListener log
信息: Command line argument: -Djava.endorsed.dirs=F:\FlexProject\室内最新\apache-tomcat-7.0.57\endorsed
十二月 08, 2015 5:57:07 下午 org.apache.catalina.startup.VersionLoggerListener log
信息: Command line argument: -Dcatalina.base=F:\FlexProject\室内最新\apache-tomcat-7.0.57
十二月 08, 2015 5:57:07 下午 org.apache.catalina.startup.VersionLoggerListener log
信息: Command line argument: -Dcatalina.home=F:\FlexProject\室内最新\apache-tomcat-7.0.57
十二月 08, 2015 5:57:07 下午 org.apache.catalina.startup.VersionLoggerListener log
信息: Command line argument: -Djava.io.tmpdir=F:\FlexProject\室内最新\apache-tomcat-7.0.57\temp
十二月 08, 2015 5:57:07 下午 org.apache.catalina.core.AprLifecycleListener lifecycleEvent
信息: The APR based Apache Tomcat Native library which allows optimal performance in production environments was not found on the java.library.path: C:\Program Files\Java\jdk1.7.0_79\bin;C:\Windows\Sun\Java\bin;C:\Windows\system32;C:\Windows;C:\Program Files\Java\jdk1.7.0_79\bin;C:\Program Files\Java\jdk1.7.0_79\jre\bin;C:\Windows\system32;C:\Windows;C:\Windows\System32\Wbem;C:\Windows\System32\WindowsPowerShell\v1.0\;C:\Program Files (x86)\NVIDIA Corporation\PhysX\Common;C:\Program Files (x86)\Windows Kits\8.1\Windows Performance Toolkit\;C:\Program Files\Microsoft SQL Server\110\Tools\Binn\;C:\Program Files\nodejs\;C:\Users\myp\AppData\Roaming\npm;.
十二月 08, 2015 5:57:08 下午 org.apache.coyote.AbstractProtocol init
信息: Initializing ProtocolHandler ["http-bio-8080"]
十二月 08, 2015 5:57:08 下午 org.apache.coyote.AbstractProtocol init
信息: Initializing ProtocolHandler ["ajp-bio-8009"]
十二月 08, 2015 5:57:08 下午 org.apache.catalina.startup.Catalina load
信息: Initialization processed in 419 ms
十二月 08, 2015 5:57:08 下午 org.apache.catalina.core.StandardService startInternal
信息: Starting service Catalina
十二月 08, 2015 5:57:08 下午 org.apache.catalina.core.StandardEngine startInternal
信息: Starting Servlet Engine: Apache Tomcat/7.0.57
十二月 08, 2015 5:57:08 下午 org.apache.catalina.loader.WebappClassLoader validateJarFile
信息: validateJarFile(F:\FlexProject\室内最新\apache-tomcat-7.0.57\webapps\trader-server\WEB-INF\lib\servlet-api.jar) - jar not loaded. See Servlet Spec 3.0, section 10.7.2. Offending class: javax/servlet/Servlet.class
十二月 08, 2015 5:57:09 下午 org.apache.catalina.startup.TaglibUriRule body
信息: TLD skipped. URI: http://java.sun.com/jstl/fmt_rt is already defined
十二月 08, 2015 5:57:09 下午 org.apache.catalina.startup.TaglibUriRule body
信息: TLD skipped. URI: http://jakarta.apache.org/taglibs/standard/scriptfree is already defined
十二月 08, 2015 5:57:09 下午 org.apache.catalina.startup.TaglibUriRule body
信息: TLD skipped. URI: http://java.sun.com/jstl/fmt is already defined
十二月 08, 2015 5:57:09 下午 org.apache.catalina.startup.TaglibUriRule body
信息: TLD skipped. URI: http://java.sun.com/jstl/xml is already defined
十二月 08, 2015 5:57:09 下午 org.apache.catalina.startup.TaglibUriRule body
信息: TLD skipped. URI: http://java.sun.com/jsp/jstl/sql is already defined
十二月 08, 2015 5:57:09 下午 org.apache.catalina.startup.TaglibUriRule body
信息: TLD skipped. URI: http://java.sun.com/jsp/jstl/core is already defined
十二月 08, 2015 5:57:09 下午 org.apache.catalina.startup.TaglibUriRule body
信息: TLD skipped. URI: http://java.sun.com/jstl/xml_rt is already defined
十二月 08, 2015 5:57:09 下午 org.apache.catalina.startup.TaglibUriRule body
信息: TLD skipped. URI: http://java.sun.com/jstl/sql is already defined
十二月 08, 2015 5:57:09 下午 org.apache.catalina.startup.TaglibUriRule body
信息: TLD skipped. URI: http://java.sun.com/jstl/sql_rt is already defined
十二月 08, 2015 5:57:09 下午 org.apache.catalina.startup.TaglibUriRule body
信息: TLD skipped. URI: http://jakarta.apache.org/taglibs/standard/permittedTaglibs is already defined
十二月 08, 2015 5:57:09 下午 org.apache.catalina.startup.TaglibUriRule body
信息: TLD skipped. URI: http://java.sun.com/jsp/jstl/xml is already defined
十二月 08, 2015 5:57:09 下午 org.apache.catalina.startup.TaglibUriRule body
信息: TLD skipped. URI: http://java.sun.com/jstl/core_rt is already defined
十二月 08, 2015 5:57:09 下午 org.apache.catalina.startup.TaglibUriRule body
信息: TLD skipped. URI: http://java.sun.com/jstl/core is already defined
十二月 08, 2015 5:57:09 下午 org.apache.catalina.startup.TaglibUriRule body
信息: TLD skipped. URI: http://java.sun.com/jsp/jstl/functions is already defined
十二月 08, 2015 5:57:09 下午 org.apache.catalina.startup.TaglibUriRule body
信息: TLD skipped. URI: http://java.sun.com/jsp/jstl/fmt is already defined
十二月 08, 2015 5:57:10 下午 com.sun.faces.config.ConfigureListener contextInitialized
信息: 初始化上下文 '/dataservices-samples' 的 Mojarra 2.0.3 (FCS b03)
十二月 08, 2015 5:57:10 下午 com.sun.faces.spi.InjectionProviderFactory createInstance
信息: JSF1048：有 PostConstruct/PreDestroy 注释。标有这些注释的 ManagedBeans 方法将表示注释已处理。
十二月 08, 2015 5:57:11 下午 org.apache.catalina.startup.HostConfig deployDirectory
信息: Deploying web application directory F:\FlexProject\室内最新\apache-tomcat-7.0.57\backup
十二月 08, 2015 5:57:11 下午 org.apache.catalina.startup.HostConfig deployDirectory
信息: Deployment of web application directory F:\FlexProject\室内最新\apache-tomcat-7.0.57\backup has finished in 34 ms
十二月 08, 2015 5:57:11 下午 org.apache.catalina.startup.HostConfig deployDirectory
信息: Deploying web application directory F:\FlexProject\室内最新\apache-tomcat-7.0.57\bin
十二月 08, 2015 5:57:11 下午 org.apache.catalina.startup.HostConfig deployDirectory
信息: Deployment of web application directory F:\FlexProject\室内最新\apache-tomcat-7.0.57\bin has finished in 32 ms
十二月 08, 2015 5:57:11 下午 org.apache.catalina.startup.HostConfig deployDirectory
信息: Deploying web application directory F:\FlexProject\室内最新\apache-tomcat-7.0.57\conf
十二月 08, 2015 5:57:11 下午 org.apache.catalina.startup.HostConfig deployDirectory
信息: Deployment of web application directory F:\FlexProject\室内最新\apache-tomcat-7.0.57\conf has finished in 38 ms
十二月 08, 2015 5:57:11 下午 org.apache.catalina.startup.HostConfig deployDirectory
信息: Deploying web application directory F:\FlexProject\室内最新\apache-tomcat-7.0.57\lib
十二月 08, 2015 5:57:11 下午 org.apache.catalina.startup.HostConfig deployDirectory
信息: Deployment of web application directory F:\FlexProject\室内最新\apache-tomcat-7.0.57\lib has finished in 31 ms
十二月 08, 2015 5:57:11 下午 org.apache.catalina.startup.HostConfig deployDirectory
信息: Deploying web application directory F:\FlexProject\室内最新\apache-tomcat-7.0.57\logs
十二月 08, 2015 5:57:11 下午 org.apache.catalina.startup.HostConfig deployDirectory
信息: Deployment of web application directory F:\FlexProject\室内最新\apache-tomcat-7.0.57\logs has finished in 32 ms
十二月 08, 2015 5:57:11 下午 org.apache.catalina.startup.HostConfig deployDirectory
信息: Deploying web application directory F:\FlexProject\室内最新\apache-tomcat-7.0.57\picture
十二月 08, 2015 5:57:11 下午 org.apache.catalina.startup.HostConfig deployDirectory
信息: Deployment of web application directory F:\FlexProject\室内最新\apache-tomcat-7.0.57\picture has finished in 29 ms
十二月 08, 2015 5:57:11 下午 org.apache.catalina.startup.HostConfig deployDirectory
信息: Deploying web application directory F:\FlexProject\室内最新\apache-tomcat-7.0.57\temp
十二月 08, 2015 5:57:11 下午 org.apache.catalina.startup.HostConfig deployDirectory
信息: Deployment of web application directory F:\FlexProject\室内最新\apache-tomcat-7.0.57\temp has finished in 30 ms
十二月 08, 2015 5:57:11 下午 org.apache.catalina.startup.HostConfig deployDirectory
信息: Deploying web application directory F:\FlexProject\室内最新\apache-tomcat-7.0.57\webapps
十二月 08, 2015 5:57:11 下午 org.apache.catalina.startup.HostConfig deployDirectory
信息: Deployment of web application directory F:\FlexProject\室内最新\apache-tomcat-7.0.57\webapps has finished in 32 ms
十二月 08, 2015 5:57:11 下午 org.apache.catalina.startup.HostConfig deployDirectory
信息: Deploying web application directory F:\FlexProject\室内最新\apache-tomcat-7.0.57\work
十二月 08, 2015 5:57:11 下午 org.apache.catalina.startup.HostConfig deployDirectory
信息: Deployment of web application directory F:\FlexProject\室内最新\apache-tomcat-7.0.57\work has finished in 33 ms
十二月 08, 2015 5:57:11 下午 org.apache.coyote.AbstractProtocol start
信息: Starting ProtocolHandler ["http-bio-8080"]
十二月 08, 2015 5:57:11 下午 org.apache.coyote.AbstractProtocol start
信息: Starting ProtocolHandler ["ajp-bio-8009"]
十二月 08, 2015 5:57:11 下午 org.apache.catalina.startup.Catalina start
信息: Server startup in 3503 ms
十二月 08, 2015 5:58:58 下午 org.apache.tomcat.util.digester.SetPropertiesRule begin
警告: [SetPropertiesRule]{Server/Service/Engine/Host/Context} Setting property 'source' to 'org.eclipse.jst.jee.server:trader-server' did not find a matching property.
十二月 08, 2015 5:58:58 下午 org.apache.catalina.startup.VersionLoggerListener log
信息: Server version:        Apache Tomcat/7.0.57
十二月 08, 2015 5:58:58 下午 org.apache.catalina.startup.VersionLoggerListener log
信息: Server built:          Nov 3 2014 08:39:16 UTC
十二月 08, 2015 5:58:58 下午 org.apache.catalina.startup.VersionLoggerListener log
信息: Server number:         7.0.57.0
十二月 08, 2015 5:58:58 下午 org.apache.catalina.startup.VersionLoggerListener log
信息: OS Name:               Windows 7
十二月 08, 2015 5:58:58 下午 org.apache.catalina.startup.VersionLoggerListener log
信息: OS Version:            6.1
十二月 08, 2015 5:58:58 下午 org.apache.catalina.startup.VersionLoggerListener log
信息: Architecture:          amd64
十二月 08, 2015 5:58:58 下午 org.apache.catalina.startup.VersionLoggerListener log
信息: JAVA_HOME:             C:\Program Files\Java\jdk1.7.0_79\jre
十二月 08, 2015 5:58:58 下午 org.apache.catalina.startup.VersionLoggerListener log
信息: JVM Version:           1.7.0_79-b15
十二月 08, 2015 5:58:58 下午 org.apache.catalina.startup.VersionLoggerListener log
信息: JVM Vendor:            Oracle Corporation
十二月 08, 2015 5:58:58 下午 org.apache.catalina.startup.VersionLoggerListener log
信息: CATALINA_BASE:         F:\FlexProject\室内最新\apache-tomcat-7.0.57
十二月 08, 2015 5:58:58 下午 org.apache.catalina.startup.VersionLoggerListener log
信息: CATALINA_HOME:         F:\FlexProject\室内最新\apache-tomcat-7.0.57
十二月 08, 2015 5:58:58 下午 org.apache.catalina.startup.VersionLoggerListener log
信息: Command line argument: -Djava.util.logging.config.file=F:\FlexProject\室内最新\apache-tomcat-7.0.57\conf\logging.properties
十二月 08, 2015 5:58:58 下午 org.apache.catalina.startup.VersionLoggerListener log
信息: Command line argument: -Djava.util.logging.manager=org.apache.juli.ClassLoaderLogManager
十二月 08, 2015 5:58:58 下午 org.apache.catalina.startup.VersionLoggerListener log
信息: Command line argument: -Djava.endorsed.dirs=F:\FlexProject\室内最新\apache-tomcat-7.0.57\endorsed
十二月 08, 2015 5:58:58 下午 org.apache.catalina.startup.VersionLoggerListener log
信息: Command line argument: -Dcatalina.base=F:\FlexProject\室内最新\apache-tomcat-7.0.57
十二月 08, 2015 5:58:58 下午 org.apache.catalina.startup.VersionLoggerListener log
信息: Command line argument: -Dcatalina.home=F:\FlexProject\室内最新\apache-tomcat-7.0.57
十二月 08, 2015 5:58:58 下午 org.apache.catalina.startup.VersionLoggerListener log
信息: Command line argument: -Djava.io.tmpdir=F:\FlexProject\室内最新\apache-tomcat-7.0.57\temp
十二月 08, 2015 5:58:58 下午 org.apache.catalina.core.AprLifecycleListener lifecycleEvent
信息: The APR based Apache Tomcat Native library which allows optimal performance in production environments was not found on the java.library.path: C:\Program Files\Java\jdk1.7.0_79\bin;C:\Windows\Sun\Java\bin;C:\Windows\system32;C:\Windows;C:\Program Files\Java\jdk1.7.0_79\bin;C:\Program Files\Java\jdk1.7.0_79\jre\bin;C:\Windows\system32;C:\Windows;C:\Windows\System32\Wbem;C:\Windows\System32\WindowsPowerShell\v1.0\;C:\Program Files (x86)\NVIDIA Corporation\PhysX\Common;C:\Program Files (x86)\Windows Kits\8.1\Windows Performance Toolkit\;C:\Program Files\Microsoft SQL Server\110\Tools\Binn\;C:\Program Files\nodejs\;C:\Users\myp\AppData\Roaming\npm;.
十二月 08, 2015 5:58:58 下午 org.apache.coyote.AbstractProtocol init
信息: Initializing ProtocolHandler ["http-bio-8080"]
十二月 08, 2015 5:58:58 下午 org.apache.coyote.AbstractProtocol init
信息: Initializing ProtocolHandler ["ajp-bio-8009"]
十二月 08, 2015 5:58:58 下午 org.apache.catalina.startup.Catalina load
信息: Initialization processed in 397 ms
十二月 08, 2015 5:58:58 下午 org.apache.catalina.core.StandardService startInternal
信息: Starting service Catalina
十二月 08, 2015 5:58:58 下午 org.apache.catalina.core.StandardEngine startInternal
信息: Starting Servlet Engine: Apache Tomcat/7.0.57
十二月 08, 2015 5:58:59 下午 org.apache.catalina.loader.WebappClassLoader validateJarFile
信息: validateJarFile(F:\FlexProject\室内最新\apache-tomcat-7.0.57\webapps\trader-server\WEB-INF\lib\servlet-api.jar) - jar not loaded. See Servlet Spec 3.0, section 10.7.2. Offending class: javax/servlet/Servlet.class
十二月 08, 2015 5:59:00 下午 org.apache.catalina.startup.TaglibUriRule body
信息: TLD skipped. URI: http://java.sun.com/jstl/fmt_rt is already defined
十二月 08, 2015 5:59:00 下午 org.apache.catalina.startup.TaglibUriRule body
信息: TLD skipped. URI: http://jakarta.apache.org/taglibs/standard/scriptfree is already defined
十二月 08, 2015 5:59:00 下午 org.apache.catalina.startup.TaglibUriRule body
信息: TLD skipped. URI: http://java.sun.com/jstl/fmt is already defined
十二月 08, 2015 5:59:00 下午 org.apache.catalina.startup.TaglibUriRule body
信息: TLD skipped. URI: http://java.sun.com/jstl/xml is already defined
十二月 08, 2015 5:59:00 下午 org.apache.catalina.startup.TaglibUriRule body
信息: TLD skipped. URI: http://java.sun.com/jsp/jstl/sql is already defined
十二月 08, 2015 5:59:00 下午 org.apache.catalina.startup.TaglibUriRule body
信息: TLD skipped. URI: http://java.sun.com/jsp/jstl/core is already defined
十二月 08, 2015 5:59:00 下午 org.apache.catalina.startup.TaglibUriRule body
信息: TLD skipped. URI: http://java.sun.com/jstl/xml_rt is already defined
十二月 08, 2015 5:59:00 下午 org.apache.catalina.startup.TaglibUriRule body
信息: TLD skipped. URI: http://java.sun.com/jstl/sql is already defined
十二月 08, 2015 5:59:00 下午 org.apache.catalina.startup.TaglibUriRule body
信息: TLD skipped. URI: http://java.sun.com/jstl/sql_rt is already defined
十二月 08, 2015 5:59:00 下午 org.apache.catalina.startup.TaglibUriRule body
信息: TLD skipped. URI: http://jakarta.apache.org/taglibs/standard/permittedTaglibs is already defined
十二月 08, 2015 5:59:00 下午 org.apache.catalina.startup.TaglibUriRule body
信息: TLD skipped. URI: http://java.sun.com/jsp/jstl/xml is already defined
十二月 08, 2015 5:59:00 下午 org.apache.catalina.startup.TaglibUriRule body
信息: TLD skipped. URI: http://java.sun.com/jstl/core_rt is already defined
十二月 08, 2015 5:59:00 下午 org.apache.catalina.startup.TaglibUriRule body
信息: TLD skipped. URI: http://java.sun.com/jstl/core is already defined
十二月 08, 2015 5:59:00 下午 org.apache.catalina.startup.TaglibUriRule body
信息: TLD skipped. URI: http://java.sun.com/jsp/jstl/functions is already defined
十二月 08, 2015 5:59:00 下午 org.apache.catalina.startup.TaglibUriRule body
信息: TLD skipped. URI: http://java.sun.com/jsp/jstl/fmt is already defined
十二月 08, 2015 5:59:00 下午 com.sun.faces.config.ConfigureListener contextInitialized
信息: 初始化上下文 '/dataservices-samples' 的 Mojarra 2.0.3 (FCS b03)
十二月 08, 2015 5:59:01 下午 com.sun.faces.spi.InjectionProviderFactory createInstance
信息: JSF1048：有 PostConstruct/PreDestroy 注释。标有这些注释的 ManagedBeans 方法将表示注释已处理。
十二月 08, 2015 5:59:02 下午 org.apache.catalina.startup.HostConfig deployDirectory
信息: Deploying web application directory F:\FlexProject\室内最新\apache-tomcat-7.0.57\backup
十二月 08, 2015 5:59:02 下午 org.apache.catalina.startup.HostConfig deployDirectory
信息: Deployment of web application directory F:\FlexProject\室内最新\apache-tomcat-7.0.57\backup has finished in 36 ms
十二月 08, 2015 5:59:02 下午 org.apache.catalina.startup.HostConfig deployDirectory
信息: Deploying web application directory F:\FlexProject\室内最新\apache-tomcat-7.0.57\bin
十二月 08, 2015 5:59:02 下午 org.apache.catalina.startup.HostConfig deployDirectory
信息: Deployment of web application directory F:\FlexProject\室内最新\apache-tomcat-7.0.57\bin has finished in 37 ms
十二月 08, 2015 5:59:02 下午 org.apache.catalina.startup.HostConfig deployDirectory
信息: Deploying web application directory F:\FlexProject\室内最新\apache-tomcat-7.0.57\conf
十二月 08, 2015 5:59:02 下午 org.apache.catalina.startup.HostConfig deployDirectory
信息: Deployment of web application directory F:\FlexProject\室内最新\apache-tomcat-7.0.57\conf has finished in 43 ms
十二月 08, 2015 5:59:02 下午 org.apache.catalina.startup.HostConfig deployDirectory
信息: Deploying web application directory F:\FlexProject\室内最新\apache-tomcat-7.0.57\lib
十二月 08, 2015 5:59:02 下午 org.apache.catalina.startup.HostConfig deployDirectory
信息: Deployment of web application directory F:\FlexProject\室内最新\apache-tomcat-7.0.57\lib has finished in 32 ms
十二月 08, 2015 5:59:02 下午 org.apache.catalina.startup.HostConfig deployDirectory
信息: Deploying web application directory F:\FlexProject\室内最新\apache-tomcat-7.0.57\logs
十二月 08, 2015 5:59:02 下午 org.apache.catalina.startup.HostConfig deployDirectory
信息: Deployment of web application directory F:\FlexProject\室内最新\apache-tomcat-7.0.57\logs has finished in 32 ms
十二月 08, 2015 5:59:02 下午 org.apache.catalina.startup.HostConfig deployDirectory
信息: Deploying web application directory F:\FlexProject\室内最新\apache-tomcat-7.0.57\picture
十二月 08, 2015 5:59:02 下午 org.apache.catalina.startup.HostConfig deployDirectory
信息: Deployment of web application directory F:\FlexProject\室内最新\apache-tomcat-7.0.57\picture has finished in 32 ms
十二月 08, 2015 5:59:02 下午 org.apache.catalina.startup.HostConfig deployDirectory
信息: Deploying web application directory F:\FlexProject\室内最新\apache-tomcat-7.0.57\temp
十二月 08, 2015 5:59:02 下午 org.apache.catalina.startup.HostConfig deployDirectory
信息: Deployment of web application directory F:\FlexProject\室内最新\apache-tomcat-7.0.57\temp has finished in 33 ms
十二月 08, 2015 5:59:02 下午 org.apache.catalina.startup.HostConfig deployDirectory
信息: Deploying web application directory F:\FlexProject\室内最新\apache-tomcat-7.0.57\webapps
十二月 08, 2015 5:59:02 下午 org.apache.catalina.startup.HostConfig deployDirectory
信息: Deployment of web application directory F:\FlexProject\室内最新\apache-tomcat-7.0.57\webapps has finished in 32 ms
十二月 08, 2015 5:59:02 下午 org.apache.catalina.startup.HostConfig deployDirectory
信息: Deploying web application directory F:\FlexProject\室内最新\apache-tomcat-7.0.57\work
十二月 08, 2015 5:59:02 下午 org.apache.catalina.startup.HostConfig deployDirectory
信息: Deployment of web application directory F:\FlexProject\室内最新\apache-tomcat-7.0.57\work has finished in 32 ms
十二月 08, 2015 5:59:02 下午 org.apache.coyote.AbstractProtocol start
信息: Starting ProtocolHandler ["http-bio-8080"]
十二月 08, 2015 5:59:02 下午 org.apache.coyote.AbstractProtocol start
信息: Starting ProtocolHandler ["ajp-bio-8009"]
十二月 08, 2015 5:59:02 下午 org.apache.catalina.startup.Catalina start
信息: Server startup in 3469 ms
十二月 08, 2015 5:59:46 下午 org.apache.jasper.compiler.TldLocationsCache tldScanJar
信息: At least one JAR was scanned for TLDs yet contained no TLDs. Enable debug logging for this logger for a complete list of JARs that were scanned but no TLDs were found in them. Skipping unneeded JARs during scanning can improve startup time and JSP compilation time.
十二月 08, 2015 6:02:20 下午 org.apache.tomcat.util.digester.SetPropertiesRule begin
警告: [SetPropertiesRule]{Server/Service/Engine/Host/Context} Setting property 'source' to 'org.eclipse.jst.jee.server:trader-server' did not find a matching property.
十二月 08, 2015 6:02:20 下午 org.apache.catalina.startup.VersionLoggerListener log
信息: Server version:        Apache Tomcat/7.0.57
十二月 08, 2015 6:02:20 下午 org.apache.catalina.startup.VersionLoggerListener log
信息: Server built:          Nov 3 2014 08:39:16 UTC
十二月 08, 2015 6:02:20 下午 org.apache.catalina.startup.VersionLoggerListener log
信息: Server number:         7.0.57.0
十二月 08, 2015 6:02:20 下午 org.apache.catalina.startup.VersionLoggerListener log
信息: OS Name:               Windows 7
十二月 08, 2015 6:02:20 下午 org.apache.catalina.startup.VersionLoggerListener log
信息: OS Version:            6.1
十二月 08, 2015 6:02:20 下午 org.apache.catalina.startup.VersionLoggerListener log
信息: Architecture:          amd64
十二月 08, 2015 6:02:20 下午 org.apache.catalina.startup.VersionLoggerListener log
信息: JAVA_HOME:             C:\Program Files\Java\jdk1.7.0_79\jre
十二月 08, 2015 6:02:20 下午 org.apache.catalina.startup.VersionLoggerListener log
信息: JVM Version:           1.7.0_79-b15
十二月 08, 2015 6:02:20 下午 org.apache.catalina.startup.VersionLoggerListener log
信息: JVM Vendor:            Oracle Corporation
十二月 08, 2015 6:02:20 下午 org.apache.catalina.startup.VersionLoggerListener log
信息: CATALINA_BASE:         F:\FlexProject\室内最新\apache-tomcat-7.0.57
十二月 08, 2015 6:02:20 下午 org.apache.catalina.startup.VersionLoggerListener log
信息: CATALINA_HOME:         F:\FlexProject\室内最新\apache-tomcat-7.0.57
十二月 08, 2015 6:02:20 下午 org.apache.catalina.startup.VersionLoggerListener log
信息: Command line argument: -Djava.util.logging.config.file=F:\FlexProject\室内最新\apache-tomcat-7.0.57\conf\logging.properties
十二月 08, 2015 6:02:20 下午 org.apache.catalina.startup.VersionLoggerListener log
信息: Command line argument: -Djava.util.logging.manager=org.apache.juli.ClassLoaderLogManager
十二月 08, 2015 6:02:20 下午 org.apache.catalina.startup.VersionLoggerListener log
信息: Command line argument: -Djava.endorsed.dirs=F:\FlexProject\室内最新\apache-tomcat-7.0.57\endorsed
十二月 08, 2015 6:02:20 下午 org.apache.catalina.startup.VersionLoggerListener log
信息: Command line argument: -Dcatalina.base=F:\FlexProject\室内最新\apache-tomcat-7.0.57
十二月 08, 2015 6:02:20 下午 org.apache.catalina.startup.VersionLoggerListener log
信息: Command line argument: -Dcatalina.home=F:\FlexProject\室内最新\apache-tomcat-7.0.57
十二月 08, 2015 6:02:20 下午 org.apache.catalina.startup.VersionLoggerListener log
信息: Command line argument: -Djava.io.tmpdir=F:\FlexProject\室内最新\apache-tomcat-7.0.57\temp
十二月 08, 2015 6:02:20 下午 org.apache.catalina.core.AprLifecycleListener lifecycleEvent
信息: The APR based Apache Tomcat Native library which allows optimal performance in production environments was not found on the java.library.path: C:\Program Files\Java\jdk1.7.0_79\bin;C:\Windows\Sun\Java\bin;C:\Windows\system32;C:\Windows;C:\Program Files\Java\jdk1.7.0_79\bin;C:\Program Files\Java\jdk1.7.0_79\jre\bin;C:\Windows\system32;C:\Windows;C:\Windows\System32\Wbem;C:\Windows\System32\WindowsPowerShell\v1.0\;C:\Program Files (x86)\NVIDIA Corporation\PhysX\Common;C:\Program Files (x86)\Windows Kits\8.1\Windows Performance Toolkit\;C:\Program Files\Microsoft SQL Server\110\Tools\Binn\;C:\Program Files\nodejs\;C:\Users\myp\AppData\Roaming\npm;.
十二月 08, 2015 6:02:20 下午 org.apache.coyote.AbstractProtocol init
信息: Initializing ProtocolHandler ["http-bio-8080"]
十二月 08, 2015 6:02:20 下午 org.apache.coyote.AbstractProtocol init
信息: Initializing ProtocolHandler ["ajp-bio-8009"]
十二月 08, 2015 6:02:20 下午 org.apache.catalina.startup.Catalina load
信息: Initialization processed in 405 ms
十二月 08, 2015 6:02:20 下午 org.apache.catalina.core.StandardService startInternal
信息: Starting service Catalina
十二月 08, 2015 6:02:20 下午 org.apache.catalina.core.StandardEngine startInternal
信息: Starting Servlet Engine: Apache Tomcat/7.0.57
十二月 08, 2015 6:02:20 下午 org.apache.catalina.loader.WebappClassLoader validateJarFile
信息: validateJarFile(F:\FlexProject\室内最新\apache-tomcat-7.0.57\webapps\trader-server\WEB-INF\lib\servlet-api.jar) - jar not loaded. See Servlet Spec 3.0, section 10.7.2. Offending class: javax/servlet/Servlet.class
十二月 08, 2015 6:02:22 下午 org.apache.catalina.startup.TaglibUriRule body
信息: TLD skipped. URI: http://java.sun.com/jstl/fmt_rt is already defined
十二月 08, 2015 6:02:22 下午 org.apache.catalina.startup.TaglibUriRule body
信息: TLD skipped. URI: http://jakarta.apache.org/taglibs/standard/scriptfree is already defined
十二月 08, 2015 6:02:22 下午 org.apache.catalina.startup.TaglibUriRule body
信息: TLD skipped. URI: http://java.sun.com/jstl/fmt is already defined
十二月 08, 2015 6:02:22 下午 org.apache.catalina.startup.TaglibUriRule body
信息: TLD skipped. URI: http://java.sun.com/jstl/xml is already defined
十二月 08, 2015 6:02:22 下午 org.apache.catalina.startup.TaglibUriRule body
信息: TLD skipped. URI: http://java.sun.com/jsp/jstl/sql is already defined
十二月 08, 2015 6:02:22 下午 org.apache.catalina.startup.TaglibUriRule body
信息: TLD skipped. URI: http://java.sun.com/jsp/jstl/core is already defined
十二月 08, 2015 6:02:22 下午 org.apache.catalina.startup.TaglibUriRule body
信息: TLD skipped. URI: http://java.sun.com/jstl/xml_rt is already defined
十二月 08, 2015 6:02:22 下午 org.apache.catalina.startup.TaglibUriRule body
信息: TLD skipped. URI: http://java.sun.com/jstl/sql is already defined
十二月 08, 2015 6:02:22 下午 org.apache.catalina.startup.TaglibUriRule body
信息: TLD skipped. URI: http://java.sun.com/jstl/sql_rt is already defined
十二月 08, 2015 6:02:22 下午 org.apache.catalina.startup.TaglibUriRule body
信息: TLD skipped. URI: http://jakarta.apache.org/taglibs/standard/permittedTaglibs is already defined
十二月 08, 2015 6:02:22 下午 org.apache.catalina.startup.TaglibUriRule body
信息: TLD skipped. URI: http://java.sun.com/jsp/jstl/xml is already defined
十二月 08, 2015 6:02:22 下午 org.apache.catalina.startup.TaglibUriRule body
信息: TLD skipped. URI: http://java.sun.com/jstl/core_rt is already defined
十二月 08, 2015 6:02:22 下午 org.apache.catalina.startup.TaglibUriRule body
信息: TLD skipped. URI: http://java.sun.com/jstl/core is already defined
十二月 08, 2015 6:02:22 下午 org.apache.catalina.startup.TaglibUriRule body
信息: TLD skipped. URI: http://java.sun.com/jsp/jstl/functions is already defined
十二月 08, 2015 6:02:22 下午 org.apache.catalina.startup.TaglibUriRule body
信息: TLD skipped. URI: http://java.sun.com/jsp/jstl/fmt is already defined
十二月 08, 2015 6:02:22 下午 com.sun.faces.config.ConfigureListener contextInitialized
信息: 初始化上下文 '/dataservices-samples' 的 Mojarra 2.0.3 (FCS b03)
十二月 08, 2015 6:02:22 下午 com.sun.faces.spi.InjectionProviderFactory createInstance
信息: JSF1048：有 PostConstruct/PreDestroy 注释。标有这些注释的 ManagedBeans 方法将表示注释已处理。
十二月 08, 2015 6:02:23 下午 org.apache.catalina.startup.HostConfig deployDirectory
信息: Deploying web application directory F:\FlexProject\室内最新\apache-tomcat-7.0.57\backup
十二月 08, 2015 6:02:23 下午 org.apache.catalina.startup.HostConfig deployDirectory
信息: Deployment of web application directory F:\FlexProject\室内最新\apache-tomcat-7.0.57\backup has finished in 41 ms
十二月 08, 2015 6:02:23 下午 org.apache.catalina.startup.HostConfig deployDirectory
信息: Deploying web application directory F:\FlexProject\室内最新\apache-tomcat-7.0.57\bin
十二月 08, 2015 6:02:23 下午 org.apache.catalina.startup.HostConfig deployDirectory
信息: Deployment of web application directory F:\FlexProject\室内最新\apache-tomcat-7.0.57\bin has finished in 33 ms
十二月 08, 2015 6:02:23 下午 org.apache.catalina.startup.HostConfig deployDirectory
信息: Deploying web application directory F:\FlexProject\室内最新\apache-tomcat-7.0.57\conf
十二月 08, 2015 6:02:23 下午 org.apache.catalina.startup.HostConfig deployDirectory
信息: Deployment of web application directory F:\FlexProject\室内最新\apache-tomcat-7.0.57\conf has finished in 35 ms
十二月 08, 2015 6:02:23 下午 org.apache.catalina.startup.HostConfig deployDirectory
信息: Deploying web application directory F:\FlexProject\室内最新\apache-tomcat-7.0.57\lib
十二月 08, 2015 6:02:23 下午 org.apache.catalina.startup.HostConfig deployDirectory
信息: Deployment of web application directory F:\FlexProject\室内最新\apache-tomcat-7.0.57\lib has finished in 31 ms
十二月 08, 2015 6:02:23 下午 org.apache.catalina.startup.HostConfig deployDirectory
信息: Deploying web application directory F:\FlexProject\室内最新\apache-tomcat-7.0.57\logs
十二月 08, 2015 6:02:23 下午 org.apache.catalina.startup.HostConfig deployDirectory
信息: Deployment of web application directory F:\FlexProject\室内最新\apache-tomcat-7.0.57\logs has finished in 31 ms
十二月 08, 2015 6:02:23 下午 org.apache.catalina.startup.HostConfig deployDirectory
信息: Deploying web application directory F:\FlexProject\室内最新\apache-tomcat-7.0.57\picture
十二月 08, 2015 6:02:23 下午 org.apache.catalina.startup.HostConfig deployDirectory
信息: Deployment of web application directory F:\FlexProject\室内最新\apache-tomcat-7.0.57\picture has finished in 30 ms
十二月 08, 2015 6:02:23 下午 org.apache.catalina.startup.HostConfig deployDirectory
信息: Deploying web application directory F:\FlexProject\室内最新\apache-tomcat-7.0.57\temp
十二月 08, 2015 6:02:23 下午 org.apache.catalina.startup.HostConfig deployDirectory
信息: Deployment of web application directory F:\FlexProject\室内最新\apache-tomcat-7.0.57\temp has finished in 32 ms
十二月 08, 2015 6:02:23 下午 org.apache.catalina.startup.HostConfig deployDirectory
信息: Deploying web application directory F:\FlexProject\室内最新\apache-tomcat-7.0.57\webapps
十二月 08, 2015 6:02:23 下午 org.apache.catalina.startup.HostConfig deployDirectory
信息: Deployment of web application directory F:\FlexProject\室内最新\apache-tomcat-7.0.57\webapps has finished in 31 ms
十二月 08, 2015 6:02:23 下午 org.apache.catalina.startup.HostConfig deployDirectory
信息: Deploying web application directory F:\FlexProject\室内最新\apache-tomcat-7.0.57\work
十二月 08, 2015 6:02:23 下午 org.apache.catalina.startup.HostConfig deployDirectory
信息: Deployment of web application directory F:\FlexProject\室内最新\apache-tomcat-7.0.57\work has finished in 30 ms
十二月 08, 2015 6:02:23 下午 org.apache.coyote.AbstractProtocol start
信息: Starting ProtocolHandler ["http-bio-8080"]
十二月 08, 2015 6:02:23 下午 org.apache.coyote.AbstractProtocol start
信息: Starting ProtocolHandler ["ajp-bio-8009"]
十二月 08, 2015 6:02:23 下午 org.apache.catalina.startup.Catalina start
信息: Server startup in 3416 ms
十二月 08, 2015 6:03:40 下午 org.apache.tomcat.util.digester.SetPropertiesRule begin
警告: [SetPropertiesRule]{Server/Service/Engine/Host/Context} Setting property 'source' to 'org.eclipse.jst.jee.server:trader-server' did not find a matching property.
十二月 08, 2015 6:03:40 下午 org.apache.catalina.startup.VersionLoggerListener log
信息: Server version:        Apache Tomcat/7.0.57
十二月 08, 2015 6:03:40 下午 org.apache.catalina.startup.VersionLoggerListener log
信息: Server built:          Nov 3 2014 08:39:16 UTC
十二月 08, 2015 6:03:40 下午 org.apache.catalina.startup.VersionLoggerListener log
信息: Server number:         7.0.57.0
十二月 08, 2015 6:03:40 下午 org.apache.catalina.startup.VersionLoggerListener log
信息: OS Name:               Windows 7
十二月 08, 2015 6:03:40 下午 org.apache.catalina.startup.VersionLoggerListener log
信息: OS Version:            6.1
十二月 08, 2015 6:03:40 下午 org.apache.catalina.startup.VersionLoggerListener log
信息: Architecture:          amd64
十二月 08, 2015 6:03:40 下午 org.apache.catalina.startup.VersionLoggerListener log
信息: JAVA_HOME:             C:\Program Files\Java\jdk1.7.0_79\jre
十二月 08, 2015 6:03:40 下午 org.apache.catalina.startup.VersionLoggerListener log
信息: JVM Version:           1.7.0_79-b15
十二月 08, 2015 6:03:40 下午 org.apache.catalina.startup.VersionLoggerListener log
信息: JVM Vendor:            Oracle Corporation
十二月 08, 2015 6:03:40 下午 org.apache.catalina.startup.VersionLoggerListener log
信息: CATALINA_BASE:         F:\FlexProject\室内最新\apache-tomcat-7.0.57
十二月 08, 2015 6:03:40 下午 org.apache.catalina.startup.VersionLoggerListener log
信息: CATALINA_HOME:         F:\FlexProject\室内最新\apache-tomcat-7.0.57
十二月 08, 2015 6:03:40 下午 org.apache.catalina.startup.VersionLoggerListener log
信息: Command line argument: -Djava.util.logging.config.file=F:\FlexProject\室内最新\apache-tomcat-7.0.57\conf\logging.properties
十二月 08, 2015 6:03:40 下午 org.apache.catalina.startup.VersionLoggerListener log
信息: Command line argument: -Djava.util.logging.manager=org.apache.juli.ClassLoaderLogManager
十二月 08, 2015 6:03:40 下午 org.apache.catalina.startup.VersionLoggerListener log
信息: Command line argument: -Djava.endorsed.dirs=F:\FlexProject\室内最新\apache-tomcat-7.0.57\endorsed
十二月 08, 2015 6:03:40 下午 org.apache.catalina.startup.VersionLoggerListener log
信息: Command line argument: -Dcatalina.base=F:\FlexProject\室内最新\apache-tomcat-7.0.57
十二月 08, 2015 6:03:40 下午 org.apache.catalina.startup.VersionLoggerListener log
信息: Command line argument: -Dcatalina.home=F:\FlexProject\室内最新\apache-tomcat-7.0.57
十二月 08, 2015 6:03:40 下午 org.apache.catalina.startup.VersionLoggerListener log
信息: Command line argument: -Djava.io.tmpdir=F:\FlexProject\室内最新\apache-tomcat-7.0.57\temp
十二月 08, 2015 6:03:40 下午 org.apache.catalina.core.AprLifecycleListener lifecycleEvent
信息: The APR based Apache Tomcat Native library which allows optimal performance in production environments was not found on the java.library.path: C:\Program Files\Java\jdk1.7.0_79\bin;C:\Windows\Sun\Java\bin;C:\Windows\system32;C:\Windows;C:\Program Files\Java\jdk1.7.0_79\bin;C:\Program Files\Java\jdk1.7.0_79\jre\bin;C:\Windows\system32;C:\Windows;C:\Windows\System32\Wbem;C:\Windows\System32\WindowsPowerShell\v1.0\;C:\Program Files (x86)\NVIDIA Corporation\PhysX\Common;C:\Program Files (x86)\Windows Kits\8.1\Windows Performance Toolkit\;C:\Program Files\Microsoft SQL Server\110\Tools\Binn\;C:\Program Files\nodejs\;C:\Users\myp\AppData\Roaming\npm;.
十二月 08, 2015 6:03:40 下午 org.apache.coyote.AbstractProtocol init
信息: Initializing ProtocolHandler ["http-bio-8080"]
十二月 08, 2015 6:03:40 下午 org.apache.coyote.AbstractProtocol init
信息: Initializing ProtocolHandler ["ajp-bio-8009"]
十二月 08, 2015 6:03:40 下午 org.apache.catalina.startup.Catalina load
信息: Initialization processed in 397 ms
十二月 08, 2015 6:03:40 下午 org.apache.catalina.core.StandardService startInternal
信息: Starting service Catalina
十二月 08, 2015 6:03:40 下午 org.apache.catalina.core.StandardEngine startInternal
信息: Starting Servlet Engine: Apache Tomcat/7.0.57
十二月 08, 2015 6:03:41 下午 org.apache.catalina.loader.WebappClassLoader validateJarFile
信息: validateJarFile(F:\FlexProject\室内最新\apache-tomcat-7.0.57\webapps\trader-server\WEB-INF\lib\servlet-api.jar) - jar not loaded. See Servlet Spec 3.0, section 10.7.2. Offending class: javax/servlet/Servlet.class
十二月 08, 2015 6:03:42 下午 org.apache.catalina.startup.TaglibUriRule body
信息: TLD skipped. URI: http://java.sun.com/jstl/fmt_rt is already defined
十二月 08, 2015 6:03:42 下午 org.apache.catalina.startup.TaglibUriRule body
信息: TLD skipped. URI: http://jakarta.apache.org/taglibs/standard/scriptfree is already defined
十二月 08, 2015 6:03:42 下午 org.apache.catalina.startup.TaglibUriRule body
信息: TLD skipped. URI: http://java.sun.com/jstl/fmt is already defined
十二月 08, 2015 6:03:42 下午 org.apache.catalina.startup.TaglibUriRule body
信息: TLD skipped. URI: http://java.sun.com/jstl/xml is already defined
十二月 08, 2015 6:03:42 下午 org.apache.catalina.startup.TaglibUriRule body
信息: TLD skipped. URI: http://java.sun.com/jsp/jstl/sql is already defined
十二月 08, 2015 6:03:42 下午 org.apache.catalina.startup.TaglibUriRule body
信息: TLD skipped. URI: http://java.sun.com/jsp/jstl/core is already defined
十二月 08, 2015 6:03:42 下午 org.apache.catalina.startup.TaglibUriRule body
信息: TLD skipped. URI: http://java.sun.com/jstl/xml_rt is already defined
十二月 08, 2015 6:03:42 下午 org.apache.catalina.startup.TaglibUriRule body
信息: TLD skipped. URI: http://java.sun.com/jstl/sql is already defined
十二月 08, 2015 6:03:42 下午 org.apache.catalina.startup.TaglibUriRule body
信息: TLD skipped. URI: http://java.sun.com/jstl/sql_rt is already defined
十二月 08, 2015 6:03:42 下午 org.apache.catalina.startup.TaglibUriRule body
信息: TLD skipped. URI: http://jakarta.apache.org/taglibs/standard/permittedTaglibs is already defined
十二月 08, 2015 6:03:42 下午 org.apache.catalina.startup.TaglibUriRule body
信息: TLD skipped. URI: http://java.sun.com/jsp/jstl/xml is already defined
十二月 08, 2015 6:03:42 下午 org.apache.catalina.startup.TaglibUriRule body
信息: TLD skipped. URI: http://java.sun.com/jstl/core_rt is already defined
十二月 08, 2015 6:03:42 下午 org.apache.catalina.startup.TaglibUriRule body
信息: TLD skipped. URI: http://java.sun.com/jstl/core is already defined
十二月 08, 2015 6:03:42 下午 org.apache.catalina.startup.TaglibUriRule body
信息: TLD skipped. URI: http://java.sun.com/jsp/jstl/functions is already defined
十二月 08, 2015 6:03:42 下午 org.apache.catalina.startup.TaglibUriRule body
信息: TLD skipped. URI: http://java.sun.com/jsp/jstl/fmt is already defined
十二月 08, 2015 6:03:42 下午 com.sun.faces.config.ConfigureListener contextInitialized
信息: 初始化上下文 '/dataservices-samples' 的 Mojarra 2.0.3 (FCS b03)
十二月 08, 2015 6:03:43 下午 com.sun.faces.spi.InjectionProviderFactory createInstance
信息: JSF1048：有 PostConstruct/PreDestroy 注释。标有这些注释的 ManagedBeans 方法将表示注释已处理。
十二月 08, 2015 6:03:44 下午 org.apache.catalina.startup.HostConfig deployDirectory
信息: Deploying web application directory F:\FlexProject\室内最新\apache-tomcat-7.0.57\backup
十二月 08, 2015 6:03:44 下午 org.apache.catalina.startup.HostConfig deployDirectory
信息: Deployment of web application directory F:\FlexProject\室内最新\apache-tomcat-7.0.57\backup has finished in 33 ms
十二月 08, 2015 6:03:44 下午 org.apache.catalina.startup.HostConfig deployDirectory
信息: Deploying web application directory F:\FlexProject\室内最新\apache-tomcat-7.0.57\bin
十二月 08, 2015 6:03:44 下午 org.apache.catalina.startup.HostConfig deployDirectory
信息: Deployment of web application directory F:\FlexProject\室内最新\apache-tomcat-7.0.57\bin has finished in 33 ms
十二月 08, 2015 6:03:44 下午 org.apache.catalina.startup.HostConfig deployDirectory
信息: Deploying web application directory F:\FlexProject\室内最新\apache-tomcat-7.0.57\conf
十二月 08, 2015 6:03:44 下午 org.apache.catalina.startup.HostConfig deployDirectory
信息: Deployment of web application directory F:\FlexProject\室内最新\apache-tomcat-7.0.57\conf has finished in 31 ms
十二月 08, 2015 6:03:44 下午 org.apache.catalina.startup.HostConfig deployDirectory
信息: Deploying web application directory F:\FlexProject\室内最新\apache-tomcat-7.0.57\lib
十二月 08, 2015 6:03:44 下午 org.apache.catalina.startup.HostConfig deployDirectory
信息: Deployment of web application directory F:\FlexProject\室内最新\apache-tomcat-7.0.57\lib has finished in 32 ms
十二月 08, 2015 6:03:44 下午 org.apache.catalina.startup.HostConfig deployDirectory
信息: Deploying web application directory F:\FlexProject\室内最新\apache-tomcat-7.0.57\logs
十二月 08, 2015 6:03:44 下午 org.apache.catalina.startup.HostConfig deployDirectory
信息: Deployment of web application directory F:\FlexProject\室内最新\apache-tomcat-7.0.57\logs has finished in 43 ms
十二月 08, 2015 6:03:44 下午 org.apache.catalina.startup.HostConfig deployDirectory
信息: Deploying web application directory F:\FlexProject\室内最新\apache-tomcat-7.0.57\picture
十二月 08, 2015 6:03:44 下午 org.apache.catalina.startup.HostConfig deployDirectory
信息: Deployment of web application directory F:\FlexProject\室内最新\apache-tomcat-7.0.57\picture has finished in 31 ms
十二月 08, 2015 6:03:44 下午 org.apache.catalina.startup.HostConfig deployDirectory
信息: Deploying web application directory F:\FlexProject\室内最新\apache-tomcat-7.0.57\temp
十二月 08, 2015 6:03:44 下午 org.apache.catalina.startup.HostConfig deployDirectory
信息: Deployment of web application directory F:\FlexProject\室内最新\apache-tomcat-7.0.57\temp has finished in 33 ms
十二月 08, 2015 6:03:44 下午 org.apache.catalina.startup.HostConfig deployDirectory
信息: Deploying web application directory F:\FlexProject\室内最新\apache-tomcat-7.0.57\webapps
十二月 08, 2015 6:03:44 下午 org.apache.catalina.startup.HostConfig deployDirectory
信息: Deployment of web application directory F:\FlexProject\室内最新\apache-tomcat-7.0.57\webapps has finished in 34 ms
十二月 08, 2015 6:03:44 下午 org.apache.catalina.startup.HostConfig deployDirectory
信息: Deploying web application directory F:\FlexProject\室内最新\apache-tomcat-7.0.57\work
十二月 08, 2015 6:03:44 下午 org.apache.catalina.startup.HostConfig deployDirectory
信息: Deployment of web application directory F:\FlexProject\室内最新\apache-tomcat-7.0.57\work has finished in 33 ms
十二月 08, 2015 6:03:44 下午 org.apache.coyote.AbstractProtocol start
信息: Starting ProtocolHandler ["http-bio-8080"]
十二月 08, 2015 6:03:44 下午 org.apache.coyote.AbstractProtocol start
信息: Starting ProtocolHandler ["ajp-bio-8009"]
十二月 08, 2015 6:03:44 下午 org.apache.catalina.startup.Catalina start
信息: Server startup in 3440 ms
十二月 08, 2015 6:07:34 下午 org.apache.tomcat.util.digester.SetPropertiesRule begin
警告: [SetPropertiesRule]{Server/Service/Engine/Host/Context} Setting property 'source' to 'org.eclipse.jst.jee.server:trader-server' did not find a matching property.
十二月 08, 2015 6:07:34 下午 org.apache.catalina.startup.VersionLoggerListener log
信息: Server version:        Apache Tomcat/7.0.57
十二月 08, 2015 6:07:34 下午 org.apache.catalina.startup.VersionLoggerListener log
信息: Server built:          Nov 3 2014 08:39:16 UTC
十二月 08, 2015 6:07:34 下午 org.apache.catalina.startup.VersionLoggerListener log
信息: Server number:         7.0.57.0
十二月 08, 2015 6:07:34 下午 org.apache.catalina.startup.VersionLoggerListener log
信息: OS Name:               Windows 7
十二月 08, 2015 6:07:34 下午 org.apache.catalina.startup.VersionLoggerListener log
信息: OS Version:            6.1
十二月 08, 2015 6:07:34 下午 org.apache.catalina.startup.VersionLoggerListener log
信息: Architecture:          amd64
十二月 08, 2015 6:07:34 下午 org.apache.catalina.startup.VersionLoggerListener log
信息: JAVA_HOME:             C:\Program Files\Java\jdk1.7.0_79\jre
十二月 08, 2015 6:07:34 下午 org.apache.catalina.startup.VersionLoggerListener log
信息: JVM Version:           1.7.0_79-b15
十二月 08, 2015 6:07:34 下午 org.apache.catalina.startup.VersionLoggerListener log
信息: JVM Vendor:            Oracle Corporation
十二月 08, 2015 6:07:34 下午 org.apache.catalina.startup.VersionLoggerListener log
信息: CATALINA_BASE:         F:\FlexProject\室内最新\apache-tomcat-7.0.57
十二月 08, 2015 6:07:34 下午 org.apache.catalina.startup.VersionLoggerListener log
信息: CATALINA_HOME:         F:\FlexProject\室内最新\apache-tomcat-7.0.57
十二月 08, 2015 6:07:34 下午 org.apache.catalina.startup.VersionLoggerListener log
信息: Command line argument: -Djava.util.logging.config.file=F:\FlexProject\室内最新\apache-tomcat-7.0.57\conf\logging.properties
十二月 08, 2015 6:07:34 下午 org.apache.catalina.startup.VersionLoggerListener log
信息: Command line argument: -Djava.util.logging.manager=org.apache.juli.ClassLoaderLogManager
十二月 08, 2015 6:07:34 下午 org.apache.catalina.startup.VersionLoggerListener log
信息: Command line argument: -Djava.endorsed.dirs=F:\FlexProject\室内最新\apache-tomcat-7.0.57\endorsed
十二月 08, 2015 6:07:34 下午 org.apache.catalina.startup.VersionLoggerListener log
信息: Command line argument: -Dcatalina.base=F:\FlexProject\室内最新\apache-tomcat-7.0.57
十二月 08, 2015 6:07:34 下午 org.apache.catalina.startup.VersionLoggerListener log
信息: Command line argument: -Dcatalina.home=F:\FlexProject\室内最新\apache-tomcat-7.0.57
十二月 08, 2015 6:07:34 下午 org.apache.catalina.startup.VersionLoggerListener log
信息: Command line argument: -Djava.io.tmpdir=F:\FlexProject\室内最新\apache-tomcat-7.0.57\temp
十二月 08, 2015 6:07:34 下午 org.apache.catalina.core.AprLifecycleListener lifecycleEvent
信息: The APR based Apache Tomcat Native library which allows optimal performance in production environments was not found on the java.library.path: C:\Program Files\Java\jdk1.7.0_79\bin;C:\Windows\Sun\Java\bin;C:\Windows\system32;C:\Windows;C:\Program Files\Java\jdk1.7.0_79\bin;C:\Program Files\Java\jdk1.7.0_79\jre\bin;C:\Windows\system32;C:\Windows;C:\Windows\System32\Wbem;C:\Windows\System32\WindowsPowerShell\v1.0\;C:\Program Files (x86)\NVIDIA Corporation\PhysX\Common;C:\Program Files (x86)\Windows Kits\8.1\Windows Performance Toolkit\;C:\Program Files\Microsoft SQL Server\110\Tools\Binn\;C:\Program Files\nodejs\;C:\Users\myp\AppData\Roaming\npm;.
十二月 08, 2015 6:07:34 下午 org.apache.coyote.AbstractProtocol init
信息: Initializing ProtocolHandler ["http-bio-8080"]
十二月 08, 2015 6:07:34 下午 org.apache.coyote.AbstractProtocol init
信息: Initializing ProtocolHandler ["ajp-bio-8009"]
十二月 08, 2015 6:07:34 下午 org.apache.catalina.startup.Catalina load
信息: Initialization processed in 391 ms
十二月 08, 2015 6:07:34 下午 org.apache.catalina.core.StandardService startInternal
信息: Starting service Catalina
十二月 08, 2015 6:07:34 下午 org.apache.catalina.core.StandardEngine startInternal
信息: Starting Servlet Engine: Apache Tomcat/7.0.57
十二月 08, 2015 6:07:34 下午 org.apache.catalina.loader.WebappClassLoader validateJarFile
信息: validateJarFile(F:\FlexProject\室内最新\apache-tomcat-7.0.57\webapps\trader-server\WEB-INF\lib\servlet-api.jar) - jar not loaded. See Servlet Spec 3.0, section 10.7.2. Offending class: javax/servlet/Servlet.class
十二月 08, 2015 6:07:36 下午 org.apache.catalina.startup.TaglibUriRule body
信息: TLD skipped. URI: http://java.sun.com/jstl/fmt_rt is already defined
十二月 08, 2015 6:07:36 下午 org.apache.catalina.startup.TaglibUriRule body
信息: TLD skipped. URI: http://jakarta.apache.org/taglibs/standard/scriptfree is already defined
十二月 08, 2015 6:07:36 下午 org.apache.catalina.startup.TaglibUriRule body
信息: TLD skipped. URI: http://java.sun.com/jstl/fmt is already defined
十二月 08, 2015 6:07:36 下午 org.apache.catalina.startup.TaglibUriRule body
信息: TLD skipped. URI: http://java.sun.com/jstl/xml is already defined
十二月 08, 2015 6:07:36 下午 org.apache.catalina.startup.TaglibUriRule body
信息: TLD skipped. URI: http://java.sun.com/jsp/jstl/sql is already defined
十二月 08, 2015 6:07:36 下午 org.apache.catalina.startup.TaglibUriRule body
信息: TLD skipped. URI: http://java.sun.com/jsp/jstl/core is already defined
十二月 08, 2015 6:07:36 下午 org.apache.catalina.startup.TaglibUriRule body
信息: TLD skipped. URI: http://java.sun.com/jstl/xml_rt is already defined
十二月 08, 2015 6:07:36 下午 org.apache.catalina.startup.TaglibUriRule body
信息: TLD skipped. URI: http://java.sun.com/jstl/sql is already defined
十二月 08, 2015 6:07:36 下午 org.apache.catalina.startup.TaglibUriRule body
信息: TLD skipped. URI: http://java.sun.com/jstl/sql_rt is already defined
十二月 08, 2015 6:07:36 下午 org.apache.catalina.startup.TaglibUriRule body
信息: TLD skipped. URI: http://jakarta.apache.org/taglibs/standard/permittedTaglibs is already defined
十二月 08, 2015 6:07:36 下午 org.apache.catalina.startup.TaglibUriRule body
信息: TLD skipped. URI: http://java.sun.com/jsp/jstl/xml is already defined
十二月 08, 2015 6:07:36 下午 org.apache.catalina.startup.TaglibUriRule body
信息: TLD skipped. URI: http://java.sun.com/jstl/core_rt is already defined
十二月 08, 2015 6:07:36 下午 org.apache.catalina.startup.TaglibUriRule body
信息: TLD skipped. URI: http://java.sun.com/jstl/core is already defined
十二月 08, 2015 6:07:36 下午 org.apache.catalina.startup.TaglibUriRule body
信息: TLD skipped. URI: http://java.sun.com/jsp/jstl/functions is already defined
十二月 08, 2015 6:07:36 下午 org.apache.catalina.startup.TaglibUriRule body
信息: TLD skipped. URI: http://java.sun.com/jsp/jstl/fmt is already defined
十二月 08, 2015 6:07:36 下午 com.sun.faces.config.ConfigureListener contextInitialized
信息: 初始化上下文 '/dataservices-samples' 的 Mojarra 2.0.3 (FCS b03)
十二月 08, 2015 6:07:36 下午 com.sun.faces.spi.InjectionProviderFactory createInstance
信息: JSF1048：有 PostConstruct/PreDestroy 注释。标有这些注释的 ManagedBeans 方法将表示注释已处理。
十二月 08, 2015 6:07:37 下午 org.apache.catalina.startup.HostConfig deployDirectory
信息: Deploying web application directory F:\FlexProject\室内最新\apache-tomcat-7.0.57\backup
十二月 08, 2015 6:07:37 下午 org.apache.catalina.startup.HostConfig deployDirectory
信息: Deployment of web application directory F:\FlexProject\室内最新\apache-tomcat-7.0.57\backup has finished in 38 ms
十二月 08, 2015 6:07:37 下午 org.apache.catalina.startup.HostConfig deployDirectory
信息: Deploying web application directory F:\FlexProject\室内最新\apache-tomcat-7.0.57\bin
十二月 08, 2015 6:07:37 下午 org.apache.catalina.startup.HostConfig deployDirectory
信息: Deployment of web application directory F:\FlexProject\室内最新\apache-tomcat-7.0.57\bin has finished in 39 ms
十二月 08, 2015 6:07:37 下午 org.apache.catalina.startup.HostConfig deployDirectory
信息: Deploying web application directory F:\FlexProject\室内最新\apache-tomcat-7.0.57\conf
十二月 08, 2015 6:07:37 下午 org.apache.catalina.startup.HostConfig deployDirectory
信息: Deployment of web application directory F:\FlexProject\室内最新\apache-tomcat-7.0.57\conf has finished in 33 ms
十二月 08, 2015 6:07:37 下午 org.apache.catalina.startup.HostConfig deployDirectory
信息: Deploying web application directory F:\FlexProject\室内最新\apache-tomcat-7.0.57\lib
十二月 08, 2015 6:07:37 下午 org.apache.catalina.startup.HostConfig deployDirectory
信息: Deployment of web application directory F:\FlexProject\室内最新\apache-tomcat-7.0.57\lib has finished in 30 ms
十二月 08, 2015 6:07:37 下午 org.apache.catalina.startup.HostConfig deployDirectory
信息: Deploying web application directory F:\FlexProject\室内最新\apache-tomcat-7.0.57\logs
十二月 08, 2015 6:07:37 下午 org.apache.catalina.startup.HostConfig deployDirectory
信息: Deployment of web application directory F:\FlexProject\室内最新\apache-tomcat-7.0.57\logs has finished in 29 ms
十二月 08, 2015 6:07:37 下午 org.apache.catalina.startup.HostConfig deployDirectory
信息: Deploying web application directory F:\FlexProject\室内最新\apache-tomcat-7.0.57\picture
十二月 08, 2015 6:07:37 下午 org.apache.catalina.startup.HostConfig deployDirectory
信息: Deployment of web application directory F:\FlexProject\室内最新\apache-tomcat-7.0.57\picture has finished in 29 ms
十二月 08, 2015 6:07:37 下午 org.apache.catalina.startup.HostConfig deployDirectory
信息: Deploying web application directory F:\FlexProject\室内最新\apache-tomcat-7.0.57\temp
十二月 08, 2015 6:07:37 下午 org.apache.catalina.startup.HostConfig deployDirectory
信息: Deployment of web application directory F:\FlexProject\室内最新\apache-tomcat-7.0.57\temp has finished in 30 ms
十二月 08, 2015 6:07:37 下午 org.apache.catalina.startup.HostConfig deployDirectory
信息: Deploying web application directory F:\FlexProject\室内最新\apache-tomcat-7.0.57\webapps
十二月 08, 2015 6:07:37 下午 org.apache.catalina.startup.HostConfig deployDirectory
信息: Deployment of web application directory F:\FlexProject\室内最新\apache-tomcat-7.0.57\webapps has finished in 30 ms
十二月 08, 2015 6:07:37 下午 org.apache.catalina.startup.HostConfig deployDirectory
信息: Deploying web application directory F:\FlexProject\室内最新\apache-tomcat-7.0.57\work
十二月 08, 2015 6:07:37 下午 org.apache.catalina.startup.HostConfig deployDirectory
信息: Deployment of web application directory F:\FlexProject\室内最新\apache-tomcat-7.0.57\work has finished in 31 ms
十二月 08, 2015 6:07:37 下午 org.apache.coyote.AbstractProtocol start
信息: Starting ProtocolHandler ["http-bio-8080"]
十二月 08, 2015 6:07:37 下午 org.apache.coyote.AbstractProtocol start
信息: Starting ProtocolHandler ["ajp-bio-8009"]
十二月 08, 2015 6:07:37 下午 org.apache.catalina.startup.Catalina start
信息: Server startup in 3407 ms
十二月 08, 2015 6:08:31 下午 org.apache.catalina.startup.Catalina stopServer
严重: Could not contact localhost:8005. Tomcat may not be running.
十二月 08, 2015 6:08:31 下午 org.apache.catalina.startup.Catalina stopServer
严重: Catalina.stop: 
java.net.ConnectException: Connection refused: connect
	at java.net.DualStackPlainSocketImpl.connect0(Native Method)
	at java.net.DualStackPlainSocketImpl.socketConnect(DualStackPlainSocketImpl.java:79)
	at java.net.AbstractPlainSocketImpl.doConnect(AbstractPlainSocketImpl.java:339)
	at java.net.AbstractPlainSocketImpl.connectToAddress(AbstractPlainSocketImpl.java:200)
	at java.net.AbstractPlainSocketImpl.connect(AbstractPlainSocketImpl.java:182)
	at java.net.PlainSocketImpl.connect(PlainSocketImpl.java:172)
	at java.net.SocksSocketImpl.connect(SocksSocketImpl.java:392)
	at java.net.Socket.connect(Socket.java:579)
	at java.net.Socket.connect(Socket.java:528)
	at java.net.Socket.<init>(Socket.java:425)
	at java.net.Socket.<init>(Socket.java:208)
	at org.apache.catalina.startup.Catalina.stopServer(Catalina.java:498)
	at sun.reflect.NativeMethodAccessorImpl.invoke0(Native Method)
	at sun.reflect.NativeMethodAccessorImpl.invoke(NativeMethodAccessorImpl.java:57)
	at sun.reflect.DelegatingMethodAccessorImpl.invoke(DelegatingMethodAccessorImpl.java:43)
	at java.lang.reflect.Method.invoke(Method.java:606)
	at org.apache.catalina.startup.Bootstrap.stopServer(Bootstrap.java:370)
	at org.apache.catalina.startup.Bootstrap.main(Bootstrap.java:457)

十二月 08, 2015 6:08:33 下午 org.apache.tomcat.util.digester.SetPropertiesRule begin
警告: [SetPropertiesRule]{Server/Service/Engine/Host/Context} Setting property 'source' to 'org.eclipse.jst.jee.server:trader-server' did not find a matching property.
十二月 08, 2015 6:08:33 下午 org.apache.catalina.startup.VersionLoggerListener log
信息: Server version:        Apache Tomcat/7.0.57
十二月 08, 2015 6:08:33 下午 org.apache.catalina.startup.VersionLoggerListener log
信息: Server built:          Nov 3 2014 08:39:16 UTC
十二月 08, 2015 6:08:33 下午 org.apache.catalina.startup.VersionLoggerListener log
信息: Server number:         7.0.57.0
十二月 08, 2015 6:08:33 下午 org.apache.catalina.startup.VersionLoggerListener log
信息: OS Name:               Windows 7
十二月 08, 2015 6:08:33 下午 org.apache.catalina.startup.VersionLoggerListener log
信息: OS Version:            6.1
十二月 08, 2015 6:08:33 下午 org.apache.catalina.startup.VersionLoggerListener log
信息: Architecture:          amd64
十二月 08, 2015 6:08:33 下午 org.apache.catalina.startup.VersionLoggerListener log
信息: JAVA_HOME:             C:\Program Files\Java\jdk1.7.0_79\jre
十二月 08, 2015 6:08:33 下午 org.apache.catalina.startup.VersionLoggerListener log
信息: JVM Version:           1.7.0_79-b15
十二月 08, 2015 6:08:33 下午 org.apache.catalina.startup.VersionLoggerListener log
信息: JVM Vendor:            Oracle Corporation
十二月 08, 2015 6:08:33 下午 org.apache.catalina.startup.VersionLoggerListener log
信息: CATALINA_BASE:         F:\FlexProject\室内最新\apache-tomcat-7.0.57
十二月 08, 2015 6:08:33 下午 org.apache.catalina.startup.VersionLoggerListener log
信息: CATALINA_HOME:         F:\FlexProject\室内最新\apache-tomcat-7.0.57
十二月 08, 2015 6:08:33 下午 org.apache.catalina.startup.VersionLoggerListener log
信息: Command line argument: -Djava.util.logging.config.file=F:\FlexProject\室内最新\apache-tomcat-7.0.57\conf\logging.properties
十二月 08, 2015 6:08:33 下午 org.apache.catalina.startup.VersionLoggerListener log
信息: Command line argument: -Djava.util.logging.manager=org.apache.juli.ClassLoaderLogManager
十二月 08, 2015 6:08:33 下午 org.apache.catalina.startup.VersionLoggerListener log
信息: Command line argument: -Djava.endorsed.dirs=F:\FlexProject\室内最新\apache-tomcat-7.0.57\endorsed
十二月 08, 2015 6:08:33 下午 org.apache.catalina.startup.VersionLoggerListener log
信息: Command line argument: -Dcatalina.base=F:\FlexProject\室内最新\apache-tomcat-7.0.57
十二月 08, 2015 6:08:33 下午 org.apache.catalina.startup.VersionLoggerListener log
信息: Command line argument: -Dcatalina.home=F:\FlexProject\室内最新\apache-tomcat-7.0.57
十二月 08, 2015 6:08:33 下午 org.apache.catalina.startup.VersionLoggerListener log
信息: Command line argument: -Djava.io.tmpdir=F:\FlexProject\室内最新\apache-tomcat-7.0.57\temp
十二月 08, 2015 6:08:33 下午 org.apache.catalina.core.AprLifecycleListener lifecycleEvent
信息: The APR based Apache Tomcat Native library which allows optimal performance in production environments was not found on the java.library.path: C:\Program Files\Java\jdk1.7.0_79\bin;C:\Windows\Sun\Java\bin;C:\Windows\system32;C:\Windows;C:\Program Files\Java\jdk1.7.0_79\bin;C:\Program Files\Java\jdk1.7.0_79\jre\bin;C:\Windows\system32;C:\Windows;C:\Windows\System32\Wbem;C:\Windows\System32\WindowsPowerShell\v1.0\;C:\Program Files (x86)\NVIDIA Corporation\PhysX\Common;C:\Program Files (x86)\Windows Kits\8.1\Windows Performance Toolkit\;C:\Program Files\Microsoft SQL Server\110\Tools\Binn\;C:\Program Files\nodejs\;C:\Users\myp\AppData\Roaming\npm;.
十二月 08, 2015 6:08:33 下午 org.apache.coyote.AbstractProtocol init
信息: Initializing ProtocolHandler ["http-bio-8080"]
十二月 08, 2015 6:08:33 下午 org.apache.coyote.AbstractProtocol init
信息: Initializing ProtocolHandler ["ajp-bio-8009"]
十二月 08, 2015 6:08:33 下午 org.apache.catalina.startup.Catalina load
信息: Initialization processed in 391 ms
十二月 08, 2015 6:08:33 下午 org.apache.catalina.core.StandardService startInternal
信息: Starting service Catalina
十二月 08, 2015 6:08:33 下午 org.apache.catalina.core.StandardEngine startInternal
信息: Starting Servlet Engine: Apache Tomcat/7.0.57
十二月 08, 2015 6:08:33 下午 org.apache.catalina.loader.WebappClassLoader validateJarFile
信息: validateJarFile(F:\FlexProject\室内最新\apache-tomcat-7.0.57\webapps\trader-server\WEB-INF\lib\servlet-api.jar) - jar not loaded. See Servlet Spec 3.0, section 10.7.2. Offending class: javax/servlet/Servlet.class
十二月 08, 2015 6:08:35 下午 org.apache.catalina.startup.TaglibUriRule body
信息: TLD skipped. URI: http://java.sun.com/jstl/fmt_rt is already defined
十二月 08, 2015 6:08:35 下午 org.apache.catalina.startup.TaglibUriRule body
信息: TLD skipped. URI: http://jakarta.apache.org/taglibs/standard/scriptfree is already defined
十二月 08, 2015 6:08:35 下午 org.apache.catalina.startup.TaglibUriRule body
信息: TLD skipped. URI: http://java.sun.com/jstl/fmt is already defined
十二月 08, 2015 6:08:35 下午 org.apache.catalina.startup.TaglibUriRule body
信息: TLD skipped. URI: http://java.sun.com/jstl/xml is already defined
十二月 08, 2015 6:08:35 下午 org.apache.catalina.startup.TaglibUriRule body
信息: TLD skipped. URI: http://java.sun.com/jsp/jstl/sql is already defined
十二月 08, 2015 6:08:35 下午 org.apache.catalina.startup.TaglibUriRule body
信息: TLD skipped. URI: http://java.sun.com/jsp/jstl/core is already defined
十二月 08, 2015 6:08:35 下午 org.apache.catalina.startup.TaglibUriRule body
信息: TLD skipped. URI: http://java.sun.com/jstl/xml_rt is already defined
十二月 08, 2015 6:08:35 下午 org.apache.catalina.startup.TaglibUriRule body
信息: TLD skipped. URI: http://java.sun.com/jstl/sql is already defined
十二月 08, 2015 6:08:35 下午 org.apache.catalina.startup.TaglibUriRule body
信息: TLD skipped. URI: http://java.sun.com/jstl/sql_rt is already defined
十二月 08, 2015 6:08:35 下午 org.apache.catalina.startup.TaglibUriRule body
信息: TLD skipped. URI: http://jakarta.apache.org/taglibs/standard/permittedTaglibs is already defined
十二月 08, 2015 6:08:35 下午 org.apache.catalina.startup.TaglibUriRule body
信息: TLD skipped. URI: http://java.sun.com/jsp/jstl/xml is already defined
十二月 08, 2015 6:08:35 下午 org.apache.catalina.startup.TaglibUriRule body
信息: TLD skipped. URI: http://java.sun.com/jstl/core_rt is already defined
十二月 08, 2015 6:08:35 下午 org.apache.catalina.startup.TaglibUriRule body
信息: TLD skipped. URI: http://java.sun.com/jstl/core is already defined
十二月 08, 2015 6:08:35 下午 org.apache.catalina.startup.TaglibUriRule body
信息: TLD skipped. URI: http://java.sun.com/jsp/jstl/functions is already defined
十二月 08, 2015 6:08:35 下午 org.apache.catalina.startup.TaglibUriRule body
信息: TLD skipped. URI: http://java.sun.com/jsp/jstl/fmt is already defined
十二月 08, 2015 6:08:35 下午 com.sun.faces.config.ConfigureListener contextInitialized
信息: 初始化上下文 '/dataservices-samples' 的 Mojarra 2.0.3 (FCS b03)
十二月 08, 2015 6:08:36 下午 com.sun.faces.spi.InjectionProviderFactory createInstance
信息: JSF1048：有 PostConstruct/PreDestroy 注释。标有这些注释的 ManagedBeans 方法将表示注释已处理。
十二月 08, 2015 6:08:36 下午 org.apache.catalina.startup.HostConfig deployDirectory
信息: Deploying web application directory F:\FlexProject\室内最新\apache-tomcat-7.0.57\backup
十二月 08, 2015 6:08:36 下午 org.apache.catalina.startup.HostConfig deployDirectory
信息: Deployment of web application directory F:\FlexProject\室内最新\apache-tomcat-7.0.57\backup has finished in 33 ms
十二月 08, 2015 6:08:36 下午 org.apache.catalina.startup.HostConfig deployDirectory
信息: Deploying web application directory F:\FlexProject\室内最新\apache-tomcat-7.0.57\bin
十二月 08, 2015 6:08:36 下午 org.apache.catalina.startup.HostConfig deployDirectory
信息: Deployment of web application directory F:\FlexProject\室内最新\apache-tomcat-7.0.57\bin has finished in 34 ms
十二月 08, 2015 6:08:36 下午 org.apache.catalina.startup.HostConfig deployDirectory
信息: Deploying web application directory F:\FlexProject\室内最新\apache-tomcat-7.0.57\conf
十二月 08, 2015 6:08:36 下午 org.apache.catalina.startup.HostConfig deployDirectory
信息: Deployment of web application directory F:\FlexProject\室内最新\apache-tomcat-7.0.57\conf has finished in 33 ms
十二月 08, 2015 6:08:36 下午 org.apache.catalina.startup.HostConfig deployDirectory
信息: Deploying web application directory F:\FlexProject\室内最新\apache-tomcat-7.0.57\lib
十二月 08, 2015 6:08:36 下午 org.apache.catalina.startup.HostConfig deployDirectory
信息: Deployment of web application directory F:\FlexProject\室内最新\apache-tomcat-7.0.57\lib has finished in 31 ms
十二月 08, 2015 6:08:36 下午 org.apache.catalina.startup.HostConfig deployDirectory
信息: Deploying web application directory F:\FlexProject\室内最新\apache-tomcat-7.0.57\logs
十二月 08, 2015 6:08:37 下午 org.apache.catalina.startup.HostConfig deployDirectory
信息: Deployment of web application directory F:\FlexProject\室内最新\apache-tomcat-7.0.57\logs has finished in 33 ms
十二月 08, 2015 6:08:37 下午 org.apache.catalina.startup.HostConfig deployDirectory
信息: Deploying web application directory F:\FlexProject\室内最新\apache-tomcat-7.0.57\picture
十二月 08, 2015 6:08:37 下午 org.apache.catalina.startup.HostConfig deployDirectory
信息: Deployment of web application directory F:\FlexProject\室内最新\apache-tomcat-7.0.57\picture has finished in 31 ms
十二月 08, 2015 6:08:37 下午 org.apache.catalina.startup.HostConfig deployDirectory
信息: Deploying web application directory F:\FlexProject\室内最新\apache-tomcat-7.0.57\temp
十二月 08, 2015 6:08:37 下午 org.apache.catalina.startup.HostConfig deployDirectory
信息: Deployment of web application directory F:\FlexProject\室内最新\apache-tomcat-7.0.57\temp has finished in 32 ms
十二月 08, 2015 6:08:37 下午 org.apache.catalina.startup.HostConfig deployDirectory
信息: Deploying web application directory F:\FlexProject\室内最新\apache-tomcat-7.0.57\webapps
十二月 08, 2015 6:08:37 下午 org.apache.catalina.startup.HostConfig deployDirectory
信息: Deployment of web application directory F:\FlexProject\室内最新\apache-tomcat-7.0.57\webapps has finished in 31 ms
十二月 08, 2015 6:08:37 下午 org.apache.catalina.startup.HostConfig deployDirectory
信息: Deploying web application directory F:\FlexProject\室内最新\apache-tomcat-7.0.57\work
十二月 08, 2015 6:08:37 下午 org.apache.catalina.startup.HostConfig deployDirectory
信息: Deployment of web application directory F:\FlexProject\室内最新\apache-tomcat-7.0.57\work has finished in 30 ms
十二月 08, 2015 6:08:37 下午 org.apache.coyote.AbstractProtocol start
信息: Starting ProtocolHandler ["http-bio-8080"]
十二月 08, 2015 6:08:37 下午 org.apache.coyote.AbstractProtocol start
信息: Starting ProtocolHandler ["ajp-bio-8009"]
十二月 08, 2015 6:08:37 下午 org.apache.catalina.startup.Catalina start
信息: Server startup in 3400 ms
十二月 08, 2015 6:09:14 下午 org.apache.tomcat.util.digester.SetPropertiesRule begin
警告: [SetPropertiesRule]{Server/Service/Engine/Host/Context} Setting property 'source' to 'org.eclipse.jst.jee.server:trader-server' did not find a matching property.
十二月 08, 2015 6:09:14 下午 org.apache.catalina.startup.VersionLoggerListener log
信息: Server version:        Apache Tomcat/7.0.57
十二月 08, 2015 6:09:14 下午 org.apache.catalina.startup.VersionLoggerListener log
信息: Server built:          Nov 3 2014 08:39:16 UTC
十二月 08, 2015 6:09:14 下午 org.apache.catalina.startup.VersionLoggerListener log
信息: Server number:         7.0.57.0
十二月 08, 2015 6:09:14 下午 org.apache.catalina.startup.VersionLoggerListener log
信息: OS Name:               Windows 7
十二月 08, 2015 6:09:14 下午 org.apache.catalina.startup.VersionLoggerListener log
信息: OS Version:            6.1
十二月 08, 2015 6:09:14 下午 org.apache.catalina.startup.VersionLoggerListener log
信息: Architecture:          amd64
十二月 08, 2015 6:09:14 下午 org.apache.catalina.startup.VersionLoggerListener log
信息: JAVA_HOME:             C:\Program Files\Java\jdk1.7.0_79\jre
十二月 08, 2015 6:09:14 下午 org.apache.catalina.startup.VersionLoggerListener log
信息: JVM Version:           1.7.0_79-b15
十二月 08, 2015 6:09:14 下午 org.apache.catalina.startup.VersionLoggerListener log
信息: JVM Vendor:            Oracle Corporation
十二月 08, 2015 6:09:14 下午 org.apache.catalina.startup.VersionLoggerListener log
信息: CATALINA_BASE:         F:\FlexProject\室内最新\apache-tomcat-7.0.57
十二月 08, 2015 6:09:14 下午 org.apache.catalina.startup.VersionLoggerListener log
信息: CATALINA_HOME:         F:\FlexProject\室内最新\apache-tomcat-7.0.57
十二月 08, 2015 6:09:14 下午 org.apache.catalina.startup.VersionLoggerListener log
信息: Command line argument: -Djava.util.logging.config.file=F:\FlexProject\室内最新\apache-tomcat-7.0.57\conf\logging.properties
十二月 08, 2015 6:09:14 下午 org.apache.catalina.startup.VersionLoggerListener log
信息: Command line argument: -Djava.util.logging.manager=org.apache.juli.ClassLoaderLogManager
十二月 08, 2015 6:09:14 下午 org.apache.catalina.startup.VersionLoggerListener log
信息: Command line argument: -Djava.endorsed.dirs=F:\FlexProject\室内最新\apache-tomcat-7.0.57\endorsed
十二月 08, 2015 6:09:14 下午 org.apache.catalina.startup.VersionLoggerListener log
信息: Command line argument: -Dcatalina.base=F:\FlexProject\室内最新\apache-tomcat-7.0.57
十二月 08, 2015 6:09:14 下午 org.apache.catalina.startup.VersionLoggerListener log
信息: Command line argument: -Dcatalina.home=F:\FlexProject\室内最新\apache-tomcat-7.0.57
十二月 08, 2015 6:09:14 下午 org.apache.catalina.startup.VersionLoggerListener log
信息: Command line argument: -Djava.io.tmpdir=F:\FlexProject\室内最新\apache-tomcat-7.0.57\temp
十二月 08, 2015 6:09:14 下午 org.apache.catalina.core.AprLifecycleListener lifecycleEvent
信息: The APR based Apache Tomcat Native library which allows optimal performance in production environments was not found on the java.library.path: C:\Program Files\Java\jdk1.7.0_79\bin;C:\Windows\Sun\Java\bin;C:\Windows\system32;C:\Windows;C:\Program Files\Java\jdk1.7.0_79\bin;C:\Program Files\Java\jdk1.7.0_79\jre\bin;C:\Windows\system32;C:\Windows;C:\Windows\System32\Wbem;C:\Windows\System32\WindowsPowerShell\v1.0\;C:\Program Files (x86)\NVIDIA Corporation\PhysX\Common;C:\Program Files (x86)\Windows Kits\8.1\Windows Performance Toolkit\;C:\Program Files\Microsoft SQL Server\110\Tools\Binn\;C:\Program Files\nodejs\;C:\Users\myp\AppData\Roaming\npm;.
十二月 08, 2015 6:09:14 下午 org.apache.coyote.AbstractProtocol init
信息: Initializing ProtocolHandler ["http-bio-8080"]
十二月 08, 2015 6:09:14 下午 org.apache.coyote.AbstractProtocol init
信息: Initializing ProtocolHandler ["ajp-bio-8009"]
十二月 08, 2015 6:09:14 下午 org.apache.catalina.startup.Catalina load
信息: Initialization processed in 400 ms
十二月 08, 2015 6:09:15 下午 org.apache.catalina.core.StandardService startInternal
信息: Starting service Catalina
十二月 08, 2015 6:09:15 下午 org.apache.catalina.core.StandardEngine startInternal
信息: Starting Servlet Engine: Apache Tomcat/7.0.57
十二月 08, 2015 6:09:15 下午 org.apache.catalina.loader.WebappClassLoader validateJarFile
信息: validateJarFile(F:\FlexProject\室内最新\apache-tomcat-7.0.57\webapps\trader-server\WEB-INF\lib\servlet-api.jar) - jar not loaded. See Servlet Spec 3.0, section 10.7.2. Offending class: javax/servlet/Servlet.class
十二月 08, 2015 6:09:16 下午 org.apache.catalina.startup.TaglibUriRule body
信息: TLD skipped. URI: http://java.sun.com/jstl/fmt_rt is already defined
十二月 08, 2015 6:09:16 下午 org.apache.catalina.startup.TaglibUriRule body
信息: TLD skipped. URI: http://jakarta.apache.org/taglibs/standard/scriptfree is already defined
十二月 08, 2015 6:09:16 下午 org.apache.catalina.startup.TaglibUriRule body
信息: TLD skipped. URI: http://java.sun.com/jstl/fmt is already defined
十二月 08, 2015 6:09:16 下午 org.apache.catalina.startup.TaglibUriRule body
信息: TLD skipped. URI: http://java.sun.com/jstl/xml is already defined
十二月 08, 2015 6:09:16 下午 org.apache.catalina.startup.TaglibUriRule body
信息: TLD skipped. URI: http://java.sun.com/jsp/jstl/sql is already defined
十二月 08, 2015 6:09:16 下午 org.apache.catalina.startup.TaglibUriRule body
信息: TLD skipped. URI: http://java.sun.com/jsp/jstl/core is already defined
十二月 08, 2015 6:09:16 下午 org.apache.catalina.startup.TaglibUriRule body
信息: TLD skipped. URI: http://java.sun.com/jstl/xml_rt is already defined
十二月 08, 2015 6:09:16 下午 org.apache.catalina.startup.TaglibUriRule body
信息: TLD skipped. URI: http://java.sun.com/jstl/sql is already defined
十二月 08, 2015 6:09:16 下午 org.apache.catalina.startup.TaglibUriRule body
信息: TLD skipped. URI: http://java.sun.com/jstl/sql_rt is already defined
十二月 08, 2015 6:09:16 下午 org.apache.catalina.startup.TaglibUriRule body
信息: TLD skipped. URI: http://jakarta.apache.org/taglibs/standard/permittedTaglibs is already defined
十二月 08, 2015 6:09:16 下午 org.apache.catalina.startup.TaglibUriRule body
信息: TLD skipped. URI: http://java.sun.com/jsp/jstl/xml is already defined
十二月 08, 2015 6:09:16 下午 org.apache.catalina.startup.TaglibUriRule body
信息: TLD skipped. URI: http://java.sun.com/jstl/core_rt is already defined
十二月 08, 2015 6:09:16 下午 org.apache.catalina.startup.TaglibUriRule body
信息: TLD skipped. URI: http://java.sun.com/jstl/core is already defined
十二月 08, 2015 6:09:16 下午 org.apache.catalina.startup.TaglibUriRule body
信息: TLD skipped. URI: http://java.sun.com/jsp/jstl/functions is already defined
十二月 08, 2015 6:09:16 下午 org.apache.catalina.startup.TaglibUriRule body
信息: TLD skipped. URI: http://java.sun.com/jsp/jstl/fmt is already defined
十二月 08, 2015 6:09:16 下午 com.sun.faces.config.ConfigureListener contextInitialized
信息: 初始化上下文 '/dataservices-samples' 的 Mojarra 2.0.3 (FCS b03)
十二月 08, 2015 6:09:17 下午 com.sun.faces.spi.InjectionProviderFactory createInstance
信息: JSF1048：有 PostConstruct/PreDestroy 注释。标有这些注释的 ManagedBeans 方法将表示注释已处理。
十二月 08, 2015 6:09:18 下午 org.apache.catalina.startup.HostConfig deployDirectory
信息: Deploying web application directory F:\FlexProject\室内最新\apache-tomcat-7.0.57\backup
十二月 08, 2015 6:09:18 下午 org.apache.catalina.startup.HostConfig deployDirectory
信息: Deployment of web application directory F:\FlexProject\室内最新\apache-tomcat-7.0.57\backup has finished in 33 ms
十二月 08, 2015 6:09:18 下午 org.apache.catalina.startup.HostConfig deployDirectory
信息: Deploying web application directory F:\FlexProject\室内最新\apache-tomcat-7.0.57\bin
十二月 08, 2015 6:09:18 下午 org.apache.catalina.startup.HostConfig deployDirectory
信息: Deployment of web application directory F:\FlexProject\室内最新\apache-tomcat-7.0.57\bin has finished in 32 ms
十二月 08, 2015 6:09:18 下午 org.apache.catalina.startup.HostConfig deployDirectory
信息: Deploying web application directory F:\FlexProject\室内最新\apache-tomcat-7.0.57\conf
十二月 08, 2015 6:09:18 下午 org.apache.catalina.startup.HostConfig deployDirectory
信息: Deployment of web application directory F:\FlexProject\室内最新\apache-tomcat-7.0.57\conf has finished in 33 ms
十二月 08, 2015 6:09:18 下午 org.apache.catalina.startup.HostConfig deployDirectory
信息: Deploying web application directory F:\FlexProject\室内最新\apache-tomcat-7.0.57\lib
十二月 08, 2015 6:09:18 下午 org.apache.catalina.startup.HostConfig deployDirectory
信息: Deployment of web application directory F:\FlexProject\室内最新\apache-tomcat-7.0.57\lib has finished in 30 ms
十二月 08, 2015 6:09:18 下午 org.apache.catalina.startup.HostConfig deployDirectory
信息: Deploying web application directory F:\FlexProject\室内最新\apache-tomcat-7.0.57\logs
十二月 08, 2015 6:09:18 下午 org.apache.catalina.startup.HostConfig deployDirectory
信息: Deployment of web application directory F:\FlexProject\室内最新\apache-tomcat-7.0.57\logs has finished in 31 ms
十二月 08, 2015 6:09:18 下午 org.apache.catalina.startup.HostConfig deployDirectory
信息: Deploying web application directory F:\FlexProject\室内最新\apache-tomcat-7.0.57\picture
十二月 08, 2015 6:09:18 下午 org.apache.catalina.startup.HostConfig deployDirectory
信息: Deployment of web application directory F:\FlexProject\室内最新\apache-tomcat-7.0.57\picture has finished in 30 ms
十二月 08, 2015 6:09:18 下午 org.apache.catalina.startup.HostConfig deployDirectory
信息: Deploying web application directory F:\FlexProject\室内最新\apache-tomcat-7.0.57\temp
十二月 08, 2015 6:09:18 下午 org.apache.catalina.startup.HostConfig deployDirectory
信息: Deployment of web application directory F:\FlexProject\室内最新\apache-tomcat-7.0.57\temp has finished in 31 ms
十二月 08, 2015 6:09:18 下午 org.apache.catalina.startup.HostConfig deployDirectory
信息: Deploying web application directory F:\FlexProject\室内最新\apache-tomcat-7.0.57\webapps
十二月 08, 2015 6:09:18 下午 org.apache.catalina.startup.HostConfig deployDirectory
信息: Deployment of web application directory F:\FlexProject\室内最新\apache-tomcat-7.0.57\webapps has finished in 31 ms
十二月 08, 2015 6:09:18 下午 org.apache.catalina.startup.HostConfig deployDirectory
信息: Deploying web application directory F:\FlexProject\室内最新\apache-tomcat-7.0.57\work
十二月 08, 2015 6:09:18 下午 org.apache.catalina.startup.HostConfig deployDirectory
信息: Deployment of web application directory F:\FlexProject\室内最新\apache-tomcat-7.0.57\work has finished in 33 ms
十二月 08, 2015 6:09:18 下午 org.apache.coyote.AbstractProtocol start
信息: Starting ProtocolHandler ["http-bio-8080"]
十二月 08, 2015 6:09:18 下午 org.apache.coyote.AbstractProtocol start
信息: Starting ProtocolHandler ["ajp-bio-8009"]
十二月 08, 2015 6:09:18 下午 org.apache.catalina.startup.Catalina start
信息: Server startup in 3429 ms
