四月 03, 2015 9:29:57 上午 org.apache.catalina.startup.VersionLoggerListener log
信息: Server version:        Apache Tomcat/7.0.57
四月 03, 2015 9:29:57 上午 org.apache.catalina.startup.VersionLoggerListener log
信息: Server built:          Nov 3 2014 08:39:16 UTC
四月 03, 2015 9:29:57 上午 org.apache.catalina.startup.VersionLoggerListener log
信息: Server number:         7.0.57.0
四月 03, 2015 9:29:57 上午 org.apache.catalina.startup.VersionLoggerListener log
信息: OS Name:               Windows 7
四月 03, 2015 9:29:57 上午 org.apache.catalina.startup.VersionLoggerListener log
信息: OS Version:            6.1
四月 03, 2015 9:29:57 上午 org.apache.catalina.startup.VersionLoggerListener log
信息: Architecture:          amd64
四月 03, 2015 9:29:57 上午 org.apache.catalina.startup.VersionLoggerListener log
信息: JAVA_HOME:             C:\Program Files\Java\jdk1.8.0_25\jre
四月 03, 2015 9:29:57 上午 org.apache.catalina.startup.VersionLoggerListener log
信息: JVM Version:           1.8.0_25-b18
四月 03, 2015 9:29:57 上午 org.apache.catalina.startup.VersionLoggerListener log
信息: JVM Vendor:            Oracle Corporation
四月 03, 2015 9:29:57 上午 org.apache.catalina.startup.VersionLoggerListener log
信息: CATALINA_BASE:         C:\Users\xing\Desktop\apache-tomcat-7.0.57
四月 03, 2015 9:29:57 上午 org.apache.catalina.startup.VersionLoggerListener log
信息: CATALINA_HOME:         C:\Users\xing\Desktop\apache-tomcat-7.0.57
四月 03, 2015 9:29:57 上午 org.apache.catalina.startup.VersionLoggerListener log
信息: Command line argument: -Djava.util.logging.config.file=C:\Users\xing\Desktop\apache-tomcat-7.0.57\conf\logging.properties
四月 03, 2015 9:29:57 上午 org.apache.catalina.startup.VersionLoggerListener log
信息: Command line argument: -Djava.util.logging.manager=org.apache.juli.ClassLoaderLogManager
四月 03, 2015 9:29:57 上午 org.apache.catalina.startup.VersionLoggerListener log
信息: Command line argument: -Djava.endorsed.dirs=C:\Users\xing\Desktop\apache-tomcat-7.0.57\endorsed
四月 03, 2015 9:29:57 上午 org.apache.catalina.startup.VersionLoggerListener log
信息: Command line argument: -Dcatalina.base=C:\Users\xing\Desktop\apache-tomcat-7.0.57
四月 03, 2015 9:29:57 上午 org.apache.catalina.startup.VersionLoggerListener log
信息: Command line argument: -Dcatalina.home=C:\Users\xing\Desktop\apache-tomcat-7.0.57
四月 03, 2015 9:29:57 上午 org.apache.catalina.startup.VersionLoggerListener log
信息: Command line argument: -Djava.io.tmpdir=C:\Users\xing\Desktop\apache-tomcat-7.0.57\temp
四月 03, 2015 9:29:57 上午 org.apache.catalina.core.AprLifecycleListener lifecycleEvent
信息: The APR based Apache Tomcat Native library which allows optimal performance in production environments was not found on the java.library.path: C:\Program Files\Java\jdk1.8.0_25\bin;C:\Windows\Sun\Java\bin;C:\Windows\system32;C:\Windows;C:\ProgramData\Oracle\Java\javapath;C:\Program Files (x86)\NVIDIA Corporation\PhysX\Common;C:\Program Files (x86)\Intel\iCLS Client\;C:\Program Files\Intel\iCLS Client\;C:\Windows\system32;C:\Windows;C:\Windows\System32\Wbem;C:\Windows\System32\WindowsPowerShell\v1.0\;C:\Program Files (x86)\Windows Kits\8.1\Windows Performance Toolkit\;C:\Program Files\Microsoft SQL Server\110\Tools\Binn\;C:\Program Files\Intel\Intel(R) Management Engine Components\DAL;C:\Program Files (x86)\Intel\Intel(R) Management Engine Components\DAL;C:\Program Files\Intel\Intel(R) Management Engine Components\IPT;C:\Program Files (x86)\Intel\Intel(R) Management Engine Components\IPT;C:\Program Files\Java\jdk1.8.0_25\bin;C:\Program Files\Java\jdk1.8.0_25\jre\bin;C:\Program Files\Java\jdk1.8.0_25\bin;C:\Program Files\Common Files\Autodesk Shared\;C:\Program Files (x86)\Autodesk\Backburner\;.
四月 03, 2015 9:29:57 上午 org.apache.coyote.AbstractProtocol init
信息: Initializing ProtocolHandler ["http-bio-8080"]
四月 03, 2015 9:29:58 上午 org.apache.coyote.AbstractProtocol init
信息: Initializing ProtocolHandler ["ajp-bio-8009"]
四月 03, 2015 9:29:58 上午 org.apache.catalina.startup.Catalina load
信息: Initialization processed in 311 ms
四月 03, 2015 9:29:58 上午 org.apache.catalina.core.StandardService startInternal
信息: Starting service Catalina
四月 03, 2015 9:29:58 上午 org.apache.catalina.core.StandardEngine startInternal
信息: Starting Servlet Engine: Apache Tomcat/7.0.57
四月 03, 2015 9:29:58 上午 org.apache.catalina.startup.HostConfig deployDirectory
信息: Deploying web application directory C:\Users\xing\Desktop\apache-tomcat-7.0.57\webapps\docs
四月 03, 2015 9:29:58 上午 org.apache.catalina.startup.HostConfig deployDirectory
信息: Deployment of web application directory C:\Users\xing\Desktop\apache-tomcat-7.0.57\webapps\docs has finished in 315 ms
四月 03, 2015 9:29:58 上午 org.apache.catalina.startup.HostConfig deployDirectory
信息: Deploying web application directory C:\Users\xing\Desktop\apache-tomcat-7.0.57\webapps\examples
四月 03, 2015 9:29:58 上午 org.apache.catalina.startup.HostConfig deployDirectory
信息: Deployment of web application directory C:\Users\xing\Desktop\apache-tomcat-7.0.57\webapps\examples has finished in 231 ms
四月 03, 2015 9:29:58 上午 org.apache.catalina.startup.HostConfig deployDirectory
信息: Deploying web application directory C:\Users\xing\Desktop\apache-tomcat-7.0.57\webapps\host-manager
四月 03, 2015 9:29:58 上午 org.apache.catalina.startup.HostConfig deployDirectory
信息: Deployment of web application directory C:\Users\xing\Desktop\apache-tomcat-7.0.57\webapps\host-manager has finished in 43 ms
四月 03, 2015 9:29:58 上午 org.apache.catalina.startup.HostConfig deployDirectory
信息: Deploying web application directory C:\Users\xing\Desktop\apache-tomcat-7.0.57\webapps\manager
四月 03, 2015 9:29:58 上午 org.apache.catalina.startup.HostConfig deployDirectory
信息: Deployment of web application directory C:\Users\xing\Desktop\apache-tomcat-7.0.57\webapps\manager has finished in 40 ms
四月 03, 2015 9:29:58 上午 org.apache.catalina.startup.HostConfig deployDirectory
信息: Deploying web application directory C:\Users\xing\Desktop\apache-tomcat-7.0.57\webapps\ROOT
四月 03, 2015 9:29:58 上午 org.apache.catalina.startup.HostConfig deployDirectory
信息: Deployment of web application directory C:\Users\xing\Desktop\apache-tomcat-7.0.57\webapps\ROOT has finished in 41 ms
四月 03, 2015 9:29:58 上午 org.apache.coyote.AbstractProtocol start
信息: Starting ProtocolHandler ["http-bio-8080"]
四月 03, 2015 9:29:58 上午 org.apache.coyote.AbstractProtocol start
信息: Starting ProtocolHandler ["ajp-bio-8009"]
四月 03, 2015 9:29:58 上午 org.apache.catalina.startup.Catalina start
信息: Server startup in 735 ms
四月 03, 2015 11:40:35 上午 org.apache.tomcat.util.digester.SetPropertiesRule begin
警告: [SetPropertiesRule]{Server/Service/Engine/Host/Context} Setting property 'source' to 'org.eclipse.jst.jee.server:trader-server' did not find a matching property.
四月 03, 2015 11:40:35 上午 org.apache.catalina.startup.VersionLoggerListener log
信息: Server version:        Apache Tomcat/7.0.57
四月 03, 2015 11:40:35 上午 org.apache.catalina.startup.VersionLoggerListener log
信息: Server built:          Nov 3 2014 08:39:16 UTC
四月 03, 2015 11:40:35 上午 org.apache.catalina.startup.VersionLoggerListener log
信息: Server number:         7.0.57.0
四月 03, 2015 11:40:35 上午 org.apache.catalina.startup.VersionLoggerListener log
信息: OS Name:               Windows 7
四月 03, 2015 11:40:35 上午 org.apache.catalina.startup.VersionLoggerListener log
信息: OS Version:            6.1
四月 03, 2015 11:40:35 上午 org.apache.catalina.startup.VersionLoggerListener log
信息: Architecture:          amd64
四月 03, 2015 11:40:35 上午 org.apache.catalina.startup.VersionLoggerListener log
信息: JAVA_HOME:             C:\Program Files\Java\jdk1.7.0_67\jre
四月 03, 2015 11:40:35 上午 org.apache.catalina.startup.VersionLoggerListener log
信息: JVM Version:           1.7.0_67-b01
四月 03, 2015 11:40:35 上午 org.apache.catalina.startup.VersionLoggerListener log
信息: JVM Vendor:            Oracle Corporation
四月 03, 2015 11:40:35 上午 org.apache.catalina.startup.VersionLoggerListener log
信息: CATALINA_BASE:         D:\apache-tomcat-7.0.57
四月 03, 2015 11:40:35 上午 org.apache.catalina.startup.VersionLoggerListener log
信息: CATALINA_HOME:         D:\apache-tomcat-7.0.57
四月 03, 2015 11:40:35 上午 org.apache.catalina.startup.VersionLoggerListener log
信息: Command line argument: -Djava.util.logging.config.file=D:\apache-tomcat-7.0.57\conf\logging.properties
四月 03, 2015 11:40:35 上午 org.apache.catalina.startup.VersionLoggerListener log
信息: Command line argument: -Djava.util.logging.manager=org.apache.juli.ClassLoaderLogManager
四月 03, 2015 11:40:35 上午 org.apache.catalina.startup.VersionLoggerListener log
信息: Command line argument: -Djava.endorsed.dirs=D:\apache-tomcat-7.0.57\endorsed
四月 03, 2015 11:40:35 上午 org.apache.catalina.startup.VersionLoggerListener log
信息: Command line argument: -Dcatalina.base=D:\apache-tomcat-7.0.57
四月 03, 2015 11:40:35 上午 org.apache.catalina.startup.VersionLoggerListener log
信息: Command line argument: -Dcatalina.home=D:\apache-tomcat-7.0.57
四月 03, 2015 11:40:35 上午 org.apache.catalina.startup.VersionLoggerListener log
信息: Command line argument: -Djava.io.tmpdir=D:\apache-tomcat-7.0.57\temp
四月 03, 2015 11:40:35 上午 org.apache.catalina.core.AprLifecycleListener lifecycleEvent
信息: The APR based Apache Tomcat Native library which allows optimal performance in production environments was not found on the java.library.path: C:\Program Files\Java\jdk1.7.0_67\bin;C:\Windows\Sun\Java\bin;C:\Windows\system32;C:\Windows;C:\Program Files\Java\jdk1.7.0_67\bin;C:\Program Files\Java\jdk1.7.0_67\jre\bin;C:\Program Files (x86)\NVIDIA Corporation\PhysX\Common;C:\Windows\system32;C:\Windows;C:\Windows\System32\Wbem;C:\Windows\System32\WindowsPowerShell\v1.0\;C:\Program Files\Common Files\Autodesk Shared\;C:\Program Files (x86)\Autodesk\Backburner\;C:\Program Files (x86)\Windows Kits\8.1\Windows Performance Toolkit\;C:\Program Files\Microsoft SQL Server\110\Tools\Binn\;.
四月 03, 2015 11:40:36 上午 org.apache.coyote.AbstractProtocol init
信息: Initializing ProtocolHandler ["http-bio-8080"]
四月 03, 2015 11:40:36 上午 org.apache.coyote.AbstractProtocol init
信息: Initializing ProtocolHandler ["ajp-bio-8009"]
四月 03, 2015 11:40:36 上午 org.apache.catalina.startup.Catalina load
信息: Initialization processed in 364 ms
四月 03, 2015 11:40:36 上午 org.apache.catalina.core.StandardService startInternal
信息: Starting service Catalina
四月 03, 2015 11:40:36 上午 org.apache.catalina.core.StandardEngine startInternal
信息: Starting Servlet Engine: Apache Tomcat/7.0.57
四月 03, 2015 11:40:36 上午 org.apache.catalina.loader.WebappClassLoader validateJarFile
信息: validateJarFile(D:\apache-tomcat-7.0.57\webapps\trader-server\WEB-INF\lib\servlet-api.jar) - jar not loaded. See Servlet Spec 3.0, section 10.7.2. Offending class: javax/servlet/Servlet.class
四月 03, 2015 11:40:37 上午 org.apache.catalina.startup.TaglibUriRule body
信息: TLD skipped. URI: http://java.sun.com/jstl/fmt_rt is already defined
四月 03, 2015 11:40:37 上午 org.apache.catalina.startup.TaglibUriRule body
信息: TLD skipped. URI: http://jakarta.apache.org/taglibs/standard/scriptfree is already defined
四月 03, 2015 11:40:37 上午 org.apache.catalina.startup.TaglibUriRule body
信息: TLD skipped. URI: http://java.sun.com/jstl/fmt is already defined
四月 03, 2015 11:40:37 上午 org.apache.catalina.startup.TaglibUriRule body
信息: TLD skipped. URI: http://java.sun.com/jstl/xml is already defined
四月 03, 2015 11:40:37 上午 org.apache.catalina.startup.TaglibUriRule body
信息: TLD skipped. URI: http://java.sun.com/jsp/jstl/sql is already defined
四月 03, 2015 11:40:37 上午 org.apache.catalina.startup.TaglibUriRule body
信息: TLD skipped. URI: http://java.sun.com/jsp/jstl/core is already defined
四月 03, 2015 11:40:37 上午 org.apache.catalina.startup.TaglibUriRule body
信息: TLD skipped. URI: http://java.sun.com/jstl/xml_rt is already defined
四月 03, 2015 11:40:37 上午 org.apache.catalina.startup.TaglibUriRule body
信息: TLD skipped. URI: http://java.sun.com/jstl/sql is already defined
四月 03, 2015 11:40:37 上午 org.apache.catalina.startup.TaglibUriRule body
信息: TLD skipped. URI: http://java.sun.com/jstl/sql_rt is already defined
四月 03, 2015 11:40:37 上午 org.apache.catalina.startup.TaglibUriRule body
信息: TLD skipped. URI: http://jakarta.apache.org/taglibs/standard/permittedTaglibs is already defined
四月 03, 2015 11:40:37 上午 org.apache.catalina.startup.TaglibUriRule body
信息: TLD skipped. URI: http://java.sun.com/jsp/jstl/xml is already defined
四月 03, 2015 11:40:37 上午 org.apache.catalina.startup.TaglibUriRule body
信息: TLD skipped. URI: http://java.sun.com/jstl/core_rt is already defined
四月 03, 2015 11:40:37 上午 org.apache.catalina.startup.TaglibUriRule body
信息: TLD skipped. URI: http://java.sun.com/jstl/core is already defined
四月 03, 2015 11:40:37 上午 org.apache.catalina.startup.TaglibUriRule body
信息: TLD skipped. URI: http://java.sun.com/jsp/jstl/functions is already defined
四月 03, 2015 11:40:37 上午 org.apache.catalina.startup.TaglibUriRule body
信息: TLD skipped. URI: http://java.sun.com/jsp/jstl/fmt is already defined
四月 03, 2015 11:40:37 上午 com.sun.faces.config.ConfigureListener contextInitialized
信息: 初始化上下文 '/dataservices-samples' 的 Mojarra 2.0.3 (FCS b03)
四月 03, 2015 11:40:37 上午 com.sun.faces.spi.InjectionProviderFactory createInstance
信息: JSF1048：有 PostConstruct/PreDestroy 注释。标有这些注释的 ManagedBeans 方法将表示注释已处理。
四月 03, 2015 11:40:38 上午 org.apache.catalina.startup.HostConfig deployDirectory
信息: Deploying web application directory D:\apache-tomcat-7.0.57\backup
四月 03, 2015 11:40:38 上午 org.apache.catalina.startup.HostConfig deployDirectory
信息: Deployment of web application directory D:\apache-tomcat-7.0.57\backup has finished in 31 ms
四月 03, 2015 11:40:38 上午 org.apache.catalina.startup.HostConfig deployDirectory
信息: Deploying web application directory D:\apache-tomcat-7.0.57\bin
四月 03, 2015 11:40:38 上午 org.apache.catalina.startup.HostConfig deployDirectory
信息: Deployment of web application directory D:\apache-tomcat-7.0.57\bin has finished in 15 ms
四月 03, 2015 11:40:38 上午 org.apache.catalina.startup.HostConfig deployDirectory
信息: Deploying web application directory D:\apache-tomcat-7.0.57\cameraPic
四月 03, 2015 11:40:38 上午 org.apache.catalina.startup.HostConfig deployDirectory
信息: Deployment of web application directory D:\apache-tomcat-7.0.57\cameraPic has finished in 31 ms
四月 03, 2015 11:40:38 上午 org.apache.catalina.startup.HostConfig deployDirectory
信息: Deploying web application directory D:\apache-tomcat-7.0.57\conf
四月 03, 2015 11:40:38 上午 org.apache.catalina.startup.HostConfig deployDirectory
信息: Deployment of web application directory D:\apache-tomcat-7.0.57\conf has finished in 32 ms
四月 03, 2015 11:40:38 上午 org.apache.catalina.startup.HostConfig deployDirectory
信息: Deploying web application directory D:\apache-tomcat-7.0.57\lib
四月 03, 2015 11:40:38 上午 org.apache.catalina.startup.HostConfig deployDirectory
信息: Deployment of web application directory D:\apache-tomcat-7.0.57\lib has finished in 16 ms
四月 03, 2015 11:40:38 上午 org.apache.catalina.startup.HostConfig deployDirectory
信息: Deploying web application directory D:\apache-tomcat-7.0.57\logs
四月 03, 2015 11:40:38 上午 org.apache.catalina.startup.HostConfig deployDirectory
信息: Deployment of web application directory D:\apache-tomcat-7.0.57\logs has finished in 15 ms
四月 03, 2015 11:40:38 上午 org.apache.catalina.startup.HostConfig deployDirectory
信息: Deploying web application directory D:\apache-tomcat-7.0.57\temp
四月 03, 2015 11:40:38 上午 org.apache.catalina.startup.HostConfig deployDirectory
信息: Deployment of web application directory D:\apache-tomcat-7.0.57\temp has finished in 32 ms
四月 03, 2015 11:40:38 上午 org.apache.catalina.startup.HostConfig deployDirectory
信息: Deploying web application directory D:\apache-tomcat-7.0.57\webapps
四月 03, 2015 11:40:38 上午 org.apache.catalina.startup.HostConfig deployDirectory
信息: Deployment of web application directory D:\apache-tomcat-7.0.57\webapps has finished in 15 ms
四月 03, 2015 11:40:38 上午 org.apache.catalina.startup.HostConfig deployDirectory
信息: Deploying web application directory D:\apache-tomcat-7.0.57\work
四月 03, 2015 11:40:38 上午 org.apache.catalina.startup.HostConfig deployDirectory
信息: Deployment of web application directory D:\apache-tomcat-7.0.57\work has finished in 31 ms
四月 03, 2015 11:40:38 上午 org.apache.coyote.AbstractProtocol start
信息: Starting ProtocolHandler ["http-bio-8080"]
四月 03, 2015 11:40:38 上午 org.apache.coyote.AbstractProtocol start
信息: Starting ProtocolHandler ["ajp-bio-8009"]
四月 03, 2015 11:40:38 上午 org.apache.catalina.startup.Catalina start
信息: Server startup in 2659 ms
