四月 21, 2015 11:26:28 上午 org.apache.tomcat.util.digester.SetPropertiesRule begin
警告: [SetPropertiesRule]{Server/Service/Engine/Host/Context} Setting property 'source' to 'org.eclipse.jst.jee.server:trader-server' did not find a matching property.
四月 21, 2015 11:26:28 上午 org.apache.catalina.startup.VersionLoggerListener log
信息: Server version:        Apache Tomcat/7.0.57
四月 21, 2015 11:26:28 上午 org.apache.catalina.startup.VersionLoggerListener log
信息: Server built:          Nov 3 2014 08:39:16 UTC
四月 21, 2015 11:26:28 上午 org.apache.catalina.startup.VersionLoggerListener log
信息: Server number:         7.0.57.0
四月 21, 2015 11:26:28 上午 org.apache.catalina.startup.VersionLoggerListener log
信息: OS Name:               Windows 7
四月 21, 2015 11:26:28 上午 org.apache.catalina.startup.VersionLoggerListener log
信息: OS Version:            6.1
四月 21, 2015 11:26:28 上午 org.apache.catalina.startup.VersionLoggerListener log
信息: Architecture:          amd64
四月 21, 2015 11:26:28 上午 org.apache.catalina.startup.VersionLoggerListener log
信息: JAVA_HOME:             C:\Program Files\Java\jdk1.7.0_67\jre
四月 21, 2015 11:26:28 上午 org.apache.catalina.startup.VersionLoggerListener log
信息: JVM Version:           1.7.0_67-b01
四月 21, 2015 11:26:28 上午 org.apache.catalina.startup.VersionLoggerListener log
信息: JVM Vendor:            Oracle Corporation
四月 21, 2015 11:26:28 上午 org.apache.catalina.startup.VersionLoggerListener log
信息: CATALINA_BASE:         D:\apache-tomcat-7.0.57
四月 21, 2015 11:26:28 上午 org.apache.catalina.startup.VersionLoggerListener log
信息: CATALINA_HOME:         D:\apache-tomcat-7.0.57
四月 21, 2015 11:26:28 上午 org.apache.catalina.startup.VersionLoggerListener log
信息: Command line argument: -Djava.util.logging.config.file=D:\apache-tomcat-7.0.57\conf\logging.properties
四月 21, 2015 11:26:28 上午 org.apache.catalina.startup.VersionLoggerListener log
信息: Command line argument: -Djava.util.logging.manager=org.apache.juli.ClassLoaderLogManager
四月 21, 2015 11:26:28 上午 org.apache.catalina.startup.VersionLoggerListener log
信息: Command line argument: -Djava.endorsed.dirs=D:\apache-tomcat-7.0.57\endorsed
四月 21, 2015 11:26:28 上午 org.apache.catalina.startup.VersionLoggerListener log
信息: Command line argument: -Dcatalina.base=D:\apache-tomcat-7.0.57
四月 21, 2015 11:26:28 上午 org.apache.catalina.startup.VersionLoggerListener log
信息: Command line argument: -Dcatalina.home=D:\apache-tomcat-7.0.57
四月 21, 2015 11:26:28 上午 org.apache.catalina.startup.VersionLoggerListener log
信息: Command line argument: -Djava.io.tmpdir=D:\apache-tomcat-7.0.57\temp
四月 21, 2015 11:26:28 上午 org.apache.catalina.core.AprLifecycleListener lifecycleEvent
信息: The APR based Apache Tomcat Native library which allows optimal performance in production environments was not found on the java.library.path: C:\Program Files\Java\jdk1.7.0_67\bin;C:\Windows\Sun\Java\bin;C:\Windows\system32;C:\Windows;C:\Program Files\Java\jdk1.7.0_67\bin;C:\Program Files\Java\jdk1.7.0_67\jre\bin;C:\Program Files (x86)\NVIDIA Corporation\PhysX\Common;C:\Windows\system32;C:\Windows;C:\Windows\System32\Wbem;C:\Windows\System32\WindowsPowerShell\v1.0\;C:\Program Files\Common Files\Autodesk Shared\;C:\Program Files (x86)\Autodesk\Backburner\;C:\Program Files (x86)\Windows Kits\8.1\Windows Performance Toolkit\;C:\Program Files\Microsoft SQL Server\110\Tools\Binn\;C:\Users\1\Desktop\ant\apache-ant-1.9.4\bin;.
四月 21, 2015 11:26:28 上午 org.apache.coyote.AbstractProtocol init
信息: Initializing ProtocolHandler ["http-bio-8080"]
四月 21, 2015 11:26:28 上午 org.apache.coyote.AbstractProtocol init
信息: Initializing ProtocolHandler ["ajp-bio-8009"]
四月 21, 2015 11:26:28 上午 org.apache.catalina.startup.Catalina load
信息: Initialization processed in 642 ms
四月 21, 2015 11:26:28 上午 org.apache.catalina.core.StandardService startInternal
信息: Starting service Catalina
四月 21, 2015 11:26:28 上午 org.apache.catalina.core.StandardEngine startInternal
信息: Starting Servlet Engine: Apache Tomcat/7.0.57
四月 21, 2015 11:26:29 上午 org.apache.catalina.loader.WebappClassLoader validateJarFile
信息: validateJarFile(D:\apache-tomcat-7.0.57\webapps\trader-server\WEB-INF\lib\servlet-api.jar) - jar not loaded. See Servlet Spec 3.0, section 10.7.2. Offending class: javax/servlet/Servlet.class
四月 21, 2015 11:26:31 上午 org.apache.catalina.startup.TaglibUriRule body
信息: TLD skipped. URI: http://java.sun.com/jstl/fmt_rt is already defined
四月 21, 2015 11:26:31 上午 org.apache.catalina.startup.TaglibUriRule body
信息: TLD skipped. URI: http://jakarta.apache.org/taglibs/standard/scriptfree is already defined
四月 21, 2015 11:26:31 上午 org.apache.catalina.startup.TaglibUriRule body
信息: TLD skipped. URI: http://java.sun.com/jstl/fmt is already defined
四月 21, 2015 11:26:31 上午 org.apache.catalina.startup.TaglibUriRule body
信息: TLD skipped. URI: http://java.sun.com/jstl/xml is already defined
四月 21, 2015 11:26:31 上午 org.apache.catalina.startup.TaglibUriRule body
信息: TLD skipped. URI: http://java.sun.com/jsp/jstl/sql is already defined
四月 21, 2015 11:26:31 上午 org.apache.catalina.startup.TaglibUriRule body
信息: TLD skipped. URI: http://java.sun.com/jsp/jstl/core is already defined
四月 21, 2015 11:26:31 上午 org.apache.catalina.startup.TaglibUriRule body
信息: TLD skipped. URI: http://java.sun.com/jstl/xml_rt is already defined
四月 21, 2015 11:26:31 上午 org.apache.catalina.startup.TaglibUriRule body
信息: TLD skipped. URI: http://java.sun.com/jstl/sql is already defined
四月 21, 2015 11:26:31 上午 org.apache.catalina.startup.TaglibUriRule body
信息: TLD skipped. URI: http://java.sun.com/jstl/sql_rt is already defined
四月 21, 2015 11:26:31 上午 org.apache.catalina.startup.TaglibUriRule body
信息: TLD skipped. URI: http://jakarta.apache.org/taglibs/standard/permittedTaglibs is already defined
四月 21, 2015 11:26:31 上午 org.apache.catalina.startup.TaglibUriRule body
信息: TLD skipped. URI: http://java.sun.com/jsp/jstl/xml is already defined
四月 21, 2015 11:26:31 上午 org.apache.catalina.startup.TaglibUriRule body
信息: TLD skipped. URI: http://java.sun.com/jstl/core_rt is already defined
四月 21, 2015 11:26:31 上午 org.apache.catalina.startup.TaglibUriRule body
信息: TLD skipped. URI: http://java.sun.com/jstl/core is already defined
四月 21, 2015 11:26:31 上午 org.apache.catalina.startup.TaglibUriRule body
信息: TLD skipped. URI: http://java.sun.com/jsp/jstl/functions is already defined
四月 21, 2015 11:26:31 上午 org.apache.catalina.startup.TaglibUriRule body
信息: TLD skipped. URI: http://java.sun.com/jsp/jstl/fmt is already defined
四月 21, 2015 11:26:31 上午 com.sun.faces.config.ConfigureListener contextInitialized
信息: 初始化上下文 '/dataservices-samples' 的 Mojarra 2.0.3 (FCS b03)
四月 21, 2015 11:26:32 上午 com.sun.faces.spi.InjectionProviderFactory createInstance
信息: JSF1048：有 PostConstruct/PreDestroy 注释。标有这些注释的 ManagedBeans 方法将表示注释已处理。
四月 21, 2015 11:26:32 上午 org.apache.catalina.startup.HostConfig deployDirectory
信息: Deploying web application directory D:\apache-tomcat-7.0.57\backup
四月 21, 2015 11:26:32 上午 org.apache.catalina.startup.HostConfig deployDirectory
信息: Deployment of web application directory D:\apache-tomcat-7.0.57\backup has finished in 24 ms
四月 21, 2015 11:26:32 上午 org.apache.catalina.startup.HostConfig deployDirectory
信息: Deploying web application directory D:\apache-tomcat-7.0.57\bin
四月 21, 2015 11:26:32 上午 org.apache.catalina.startup.HostConfig deployDirectory
信息: Deployment of web application directory D:\apache-tomcat-7.0.57\bin has finished in 23 ms
四月 21, 2015 11:26:32 上午 org.apache.catalina.startup.HostConfig deployDirectory
信息: Deploying web application directory D:\apache-tomcat-7.0.57\cameraPic
四月 21, 2015 11:26:32 上午 org.apache.catalina.startup.HostConfig deployDirectory
信息: Deployment of web application directory D:\apache-tomcat-7.0.57\cameraPic has finished in 23 ms
四月 21, 2015 11:26:32 上午 org.apache.catalina.startup.HostConfig deployDirectory
信息: Deploying web application directory D:\apache-tomcat-7.0.57\conf
四月 21, 2015 11:26:32 上午 org.apache.catalina.startup.HostConfig deployDirectory
信息: Deployment of web application directory D:\apache-tomcat-7.0.57\conf has finished in 24 ms
四月 21, 2015 11:26:32 上午 org.apache.catalina.startup.HostConfig deployDirectory
信息: Deploying web application directory D:\apache-tomcat-7.0.57\lib
四月 21, 2015 11:26:32 上午 org.apache.catalina.startup.HostConfig deployDirectory
信息: Deployment of web application directory D:\apache-tomcat-7.0.57\lib has finished in 22 ms
四月 21, 2015 11:26:32 上午 org.apache.catalina.startup.HostConfig deployDirectory
信息: Deploying web application directory D:\apache-tomcat-7.0.57\logs
四月 21, 2015 11:26:32 上午 org.apache.catalina.startup.HostConfig deployDirectory
信息: Deployment of web application directory D:\apache-tomcat-7.0.57\logs has finished in 20 ms
四月 21, 2015 11:26:32 上午 org.apache.catalina.startup.HostConfig deployDirectory
信息: Deploying web application directory D:\apache-tomcat-7.0.57\temp
四月 21, 2015 11:26:32 上午 org.apache.catalina.startup.HostConfig deployDirectory
信息: Deployment of web application directory D:\apache-tomcat-7.0.57\temp has finished in 20 ms
四月 21, 2015 11:26:32 上午 org.apache.catalina.startup.HostConfig deployDirectory
信息: Deploying web application directory D:\apache-tomcat-7.0.57\webapps
四月 21, 2015 11:26:32 上午 org.apache.catalina.startup.HostConfig deployDirectory
信息: Deployment of web application directory D:\apache-tomcat-7.0.57\webapps has finished in 20 ms
四月 21, 2015 11:26:32 上午 org.apache.catalina.startup.HostConfig deployDirectory
信息: Deploying web application directory D:\apache-tomcat-7.0.57\work
四月 21, 2015 11:26:32 上午 org.apache.catalina.startup.HostConfig deployDirectory
信息: Deployment of web application directory D:\apache-tomcat-7.0.57\work has finished in 23 ms
四月 21, 2015 11:26:32 上午 org.apache.coyote.AbstractProtocol start
信息: Starting ProtocolHandler ["http-bio-8080"]
四月 21, 2015 11:26:33 上午 org.apache.coyote.AbstractProtocol start
信息: Starting ProtocolHandler ["ajp-bio-8009"]
四月 21, 2015 11:26:33 上午 org.apache.catalina.startup.Catalina start
信息: Server startup in 4326 ms
四月 21, 2015 11:37:33 上午 org.apache.catalina.core.StandardServer await
信息: A valid shutdown command was received via the shutdown port. Stopping the Server instance.
四月 21, 2015 11:37:33 上午 org.apache.coyote.AbstractProtocol pause
信息: Pausing ProtocolHandler ["http-bio-8080"]
四月 21, 2015 11:37:33 上午 org.apache.coyote.AbstractProtocol pause
信息: Pausing ProtocolHandler ["ajp-bio-8009"]
四月 21, 2015 11:37:33 上午 org.apache.catalina.core.StandardService stopInternal
信息: Stopping service Catalina
四月 21, 2015 11:37:33 上午 org.apache.catalina.loader.WebappClassLoader clearReferencesJdbc
严重: The web application [/dataservices-samples] registered the JDBC driver [com.mysql.jdbc.Driver] but failed to unregister it when the web application was stopped. To prevent a memory leak, the JDBC Driver has been forcibly unregistered.
四月 21, 2015 11:37:33 上午 org.apache.catalina.loader.WebappClassLoader clearReferencesThreads
严重: The web application [/dataservices-samples] appears to have started a thread named [Thread-5] but has failed to stop it. This is very likely to create a memory leak.
四月 21, 2015 11:37:33 上午 org.apache.catalina.loader.WebappClassLoader clearReferencesThreads
严重: The web application [/dataservices-samples] appears to have started a thread named [MySQL Statement Cancellation Timer] but has failed to stop it. This is very likely to create a memory leak.
四月 21, 2015 11:37:33 上午 org.apache.catalina.loader.WebappClassLoader clearReferencesThreads
严重: The web application [/dataservices-samples] appears to have started a thread named [Timer-2] but has failed to stop it. This is very likely to create a memory leak.
四月 21, 2015 11:37:33 上午 org.apache.coyote.AbstractProtocol stop
信息: Stopping ProtocolHandler ["http-bio-8080"]
四月 21, 2015 11:37:33 上午 org.apache.coyote.AbstractProtocol stop
信息: Stopping ProtocolHandler ["ajp-bio-8009"]
四月 21, 2015 11:37:33 上午 org.apache.coyote.AbstractProtocol destroy
信息: Destroying ProtocolHandler ["http-bio-8080"]
四月 21, 2015 11:37:33 上午 org.apache.coyote.AbstractProtocol destroy
信息: Destroying ProtocolHandler ["ajp-bio-8009"]
四月 21, 2015 11:37:37 上午 org.apache.tomcat.util.digester.SetPropertiesRule begin
警告: [SetPropertiesRule]{Server/Service/Engine/Host/Context} Setting property 'source' to 'org.eclipse.jst.jee.server:trader-server' did not find a matching property.
四月 21, 2015 11:37:37 上午 org.apache.catalina.startup.VersionLoggerListener log
信息: Server version:        Apache Tomcat/7.0.57
四月 21, 2015 11:37:37 上午 org.apache.catalina.startup.VersionLoggerListener log
信息: Server built:          Nov 3 2014 08:39:16 UTC
四月 21, 2015 11:37:37 上午 org.apache.catalina.startup.VersionLoggerListener log
信息: Server number:         7.0.57.0
四月 21, 2015 11:37:37 上午 org.apache.catalina.startup.VersionLoggerListener log
信息: OS Name:               Windows 7
四月 21, 2015 11:37:37 上午 org.apache.catalina.startup.VersionLoggerListener log
信息: OS Version:            6.1
四月 21, 2015 11:37:37 上午 org.apache.catalina.startup.VersionLoggerListener log
信息: Architecture:          amd64
四月 21, 2015 11:37:37 上午 org.apache.catalina.startup.VersionLoggerListener log
信息: JAVA_HOME:             C:\Program Files\Java\jdk1.7.0_67\jre
四月 21, 2015 11:37:37 上午 org.apache.catalina.startup.VersionLoggerListener log
信息: JVM Version:           1.7.0_67-b01
四月 21, 2015 11:37:37 上午 org.apache.catalina.startup.VersionLoggerListener log
信息: JVM Vendor:            Oracle Corporation
四月 21, 2015 11:37:37 上午 org.apache.catalina.startup.VersionLoggerListener log
信息: CATALINA_BASE:         D:\apache-tomcat-7.0.57
四月 21, 2015 11:37:37 上午 org.apache.catalina.startup.VersionLoggerListener log
信息: CATALINA_HOME:         D:\apache-tomcat-7.0.57
四月 21, 2015 11:37:37 上午 org.apache.catalina.startup.VersionLoggerListener log
信息: Command line argument: -Djava.util.logging.config.file=D:\apache-tomcat-7.0.57\conf\logging.properties
四月 21, 2015 11:37:37 上午 org.apache.catalina.startup.VersionLoggerListener log
信息: Command line argument: -Djava.util.logging.manager=org.apache.juli.ClassLoaderLogManager
四月 21, 2015 11:37:37 上午 org.apache.catalina.startup.VersionLoggerListener log
信息: Command line argument: -Djava.endorsed.dirs=D:\apache-tomcat-7.0.57\endorsed
四月 21, 2015 11:37:37 上午 org.apache.catalina.startup.VersionLoggerListener log
信息: Command line argument: -Dcatalina.base=D:\apache-tomcat-7.0.57
四月 21, 2015 11:37:37 上午 org.apache.catalina.startup.VersionLoggerListener log
信息: Command line argument: -Dcatalina.home=D:\apache-tomcat-7.0.57
四月 21, 2015 11:37:37 上午 org.apache.catalina.startup.VersionLoggerListener log
信息: Command line argument: -Djava.io.tmpdir=D:\apache-tomcat-7.0.57\temp
四月 21, 2015 11:37:37 上午 org.apache.catalina.core.AprLifecycleListener lifecycleEvent
信息: The APR based Apache Tomcat Native library which allows optimal performance in production environments was not found on the java.library.path: C:\Program Files\Java\jdk1.7.0_67\bin;C:\Windows\Sun\Java\bin;C:\Windows\system32;C:\Windows;C:\Program Files\Java\jdk1.7.0_67\bin;C:\Program Files\Java\jdk1.7.0_67\jre\bin;C:\Program Files (x86)\NVIDIA Corporation\PhysX\Common;C:\Windows\system32;C:\Windows;C:\Windows\System32\Wbem;C:\Windows\System32\WindowsPowerShell\v1.0\;C:\Program Files\Common Files\Autodesk Shared\;C:\Program Files (x86)\Autodesk\Backburner\;C:\Program Files (x86)\Windows Kits\8.1\Windows Performance Toolkit\;C:\Program Files\Microsoft SQL Server\110\Tools\Binn\;C:\Users\1\Desktop\ant\apache-ant-1.9.4\bin;.
四月 21, 2015 11:37:37 上午 org.apache.coyote.AbstractProtocol init
信息: Initializing ProtocolHandler ["http-bio-8080"]
四月 21, 2015 11:37:37 上午 org.apache.coyote.AbstractProtocol init
信息: Initializing ProtocolHandler ["ajp-bio-8009"]
四月 21, 2015 11:37:37 上午 org.apache.catalina.startup.Catalina load
信息: Initialization processed in 378 ms
四月 21, 2015 11:37:37 上午 org.apache.catalina.core.StandardService startInternal
信息: Starting service Catalina
四月 21, 2015 11:37:37 上午 org.apache.catalina.core.StandardEngine startInternal
信息: Starting Servlet Engine: Apache Tomcat/7.0.57
四月 21, 2015 11:37:37 上午 org.apache.catalina.loader.WebappClassLoader validateJarFile
信息: validateJarFile(D:\apache-tomcat-7.0.57\webapps\trader-server\WEB-INF\lib\servlet-api.jar) - jar not loaded. See Servlet Spec 3.0, section 10.7.2. Offending class: javax/servlet/Servlet.class
四月 21, 2015 11:37:38 上午 org.apache.catalina.startup.TaglibUriRule body
信息: TLD skipped. URI: http://java.sun.com/jstl/fmt_rt is already defined
四月 21, 2015 11:37:38 上午 org.apache.catalina.startup.TaglibUriRule body
信息: TLD skipped. URI: http://jakarta.apache.org/taglibs/standard/scriptfree is already defined
四月 21, 2015 11:37:38 上午 org.apache.catalina.startup.TaglibUriRule body
信息: TLD skipped. URI: http://java.sun.com/jstl/fmt is already defined
四月 21, 2015 11:37:38 上午 org.apache.catalina.startup.TaglibUriRule body
信息: TLD skipped. URI: http://java.sun.com/jstl/xml is already defined
四月 21, 2015 11:37:38 上午 org.apache.catalina.startup.TaglibUriRule body
信息: TLD skipped. URI: http://java.sun.com/jsp/jstl/sql is already defined
四月 21, 2015 11:37:38 上午 org.apache.catalina.startup.TaglibUriRule body
信息: TLD skipped. URI: http://java.sun.com/jsp/jstl/core is already defined
四月 21, 2015 11:37:38 上午 org.apache.catalina.startup.TaglibUriRule body
信息: TLD skipped. URI: http://java.sun.com/jstl/xml_rt is already defined
四月 21, 2015 11:37:38 上午 org.apache.catalina.startup.TaglibUriRule body
信息: TLD skipped. URI: http://java.sun.com/jstl/sql is already defined
四月 21, 2015 11:37:38 上午 org.apache.catalina.startup.TaglibUriRule body
信息: TLD skipped. URI: http://java.sun.com/jstl/sql_rt is already defined
四月 21, 2015 11:37:38 上午 org.apache.catalina.startup.TaglibUriRule body
信息: TLD skipped. URI: http://jakarta.apache.org/taglibs/standard/permittedTaglibs is already defined
四月 21, 2015 11:37:38 上午 org.apache.catalina.startup.TaglibUriRule body
信息: TLD skipped. URI: http://java.sun.com/jsp/jstl/xml is already defined
四月 21, 2015 11:37:38 上午 org.apache.catalina.startup.TaglibUriRule body
信息: TLD skipped. URI: http://java.sun.com/jstl/core_rt is already defined
四月 21, 2015 11:37:38 上午 org.apache.catalina.startup.TaglibUriRule body
信息: TLD skipped. URI: http://java.sun.com/jstl/core is already defined
四月 21, 2015 11:37:38 上午 org.apache.catalina.startup.TaglibUriRule body
信息: TLD skipped. URI: http://java.sun.com/jsp/jstl/functions is already defined
四月 21, 2015 11:37:38 上午 org.apache.catalina.startup.TaglibUriRule body
信息: TLD skipped. URI: http://java.sun.com/jsp/jstl/fmt is already defined
四月 21, 2015 11:37:38 上午 com.sun.faces.config.ConfigureListener contextInitialized
信息: 初始化上下文 '/dataservices-samples' 的 Mojarra 2.0.3 (FCS b03)
四月 21, 2015 11:37:39 上午 com.sun.faces.spi.InjectionProviderFactory createInstance
信息: JSF1048：有 PostConstruct/PreDestroy 注释。标有这些注释的 ManagedBeans 方法将表示注释已处理。
四月 21, 2015 11:37:39 上午 org.apache.catalina.startup.HostConfig deployDirectory
信息: Deploying web application directory D:\apache-tomcat-7.0.57\backup
四月 21, 2015 11:37:39 上午 org.apache.catalina.startup.HostConfig deployDirectory
信息: Deployment of web application directory D:\apache-tomcat-7.0.57\backup has finished in 27 ms
四月 21, 2015 11:37:39 上午 org.apache.catalina.startup.HostConfig deployDirectory
信息: Deploying web application directory D:\apache-tomcat-7.0.57\bin
四月 21, 2015 11:37:39 上午 org.apache.catalina.startup.HostConfig deployDirectory
信息: Deployment of web application directory D:\apache-tomcat-7.0.57\bin has finished in 26 ms
四月 21, 2015 11:37:39 上午 org.apache.catalina.startup.HostConfig deployDirectory
信息: Deploying web application directory D:\apache-tomcat-7.0.57\cameraPic
四月 21, 2015 11:37:39 上午 org.apache.catalina.startup.HostConfig deployDirectory
信息: Deployment of web application directory D:\apache-tomcat-7.0.57\cameraPic has finished in 28 ms
四月 21, 2015 11:37:39 上午 org.apache.catalina.startup.HostConfig deployDirectory
信息: Deploying web application directory D:\apache-tomcat-7.0.57\conf
四月 21, 2015 11:37:39 上午 org.apache.catalina.startup.HostConfig deployDirectory
信息: Deployment of web application directory D:\apache-tomcat-7.0.57\conf has finished in 24 ms
四月 21, 2015 11:37:39 上午 org.apache.catalina.startup.HostConfig deployDirectory
信息: Deploying web application directory D:\apache-tomcat-7.0.57\lib
四月 21, 2015 11:37:39 上午 org.apache.catalina.startup.HostConfig deployDirectory
信息: Deployment of web application directory D:\apache-tomcat-7.0.57\lib has finished in 23 ms
四月 21, 2015 11:37:39 上午 org.apache.catalina.startup.HostConfig deployDirectory
信息: Deploying web application directory D:\apache-tomcat-7.0.57\logs
四月 21, 2015 11:37:39 上午 org.apache.catalina.startup.HostConfig deployDirectory
信息: Deployment of web application directory D:\apache-tomcat-7.0.57\logs has finished in 23 ms
四月 21, 2015 11:37:39 上午 org.apache.catalina.startup.HostConfig deployDirectory
信息: Deploying web application directory D:\apache-tomcat-7.0.57\temp
四月 21, 2015 11:37:39 上午 org.apache.catalina.startup.HostConfig deployDirectory
信息: Deployment of web application directory D:\apache-tomcat-7.0.57\temp has finished in 24 ms
四月 21, 2015 11:37:39 上午 org.apache.catalina.startup.HostConfig deployDirectory
信息: Deploying web application directory D:\apache-tomcat-7.0.57\webapps
四月 21, 2015 11:37:39 上午 org.apache.catalina.startup.HostConfig deployDirectory
信息: Deployment of web application directory D:\apache-tomcat-7.0.57\webapps has finished in 23 ms
四月 21, 2015 11:37:39 上午 org.apache.catalina.startup.HostConfig deployDirectory
信息: Deploying web application directory D:\apache-tomcat-7.0.57\work
四月 21, 2015 11:37:39 上午 org.apache.catalina.startup.HostConfig deployDirectory
信息: Deployment of web application directory D:\apache-tomcat-7.0.57\work has finished in 22 ms
四月 21, 2015 11:37:39 上午 org.apache.coyote.AbstractProtocol start
信息: Starting ProtocolHandler ["http-bio-8080"]
四月 21, 2015 11:37:39 上午 org.apache.coyote.AbstractProtocol start
信息: Starting ProtocolHandler ["ajp-bio-8009"]
四月 21, 2015 11:37:39 上午 org.apache.catalina.startup.Catalina start
信息: Server startup in 2610 ms
四月 21, 2015 11:40:35 上午 org.apache.jasper.compiler.TldLocationsCache tldScanJar
信息: At least one JAR was scanned for TLDs yet contained no TLDs. Enable debug logging for this logger for a complete list of JARs that were scanned but no TLDs were found in them. Skipping unneeded JARs during scanning can improve startup time and JSP compilation time.
四月 21, 2015 11:50:07 上午 org.apache.catalina.core.StandardServer await
信息: A valid shutdown command was received via the shutdown port. Stopping the Server instance.
四月 21, 2015 11:50:07 上午 org.apache.coyote.AbstractProtocol pause
信息: Pausing ProtocolHandler ["http-bio-8080"]
四月 21, 2015 11:50:07 上午 org.apache.coyote.AbstractProtocol pause
信息: Pausing ProtocolHandler ["ajp-bio-8009"]
四月 21, 2015 11:50:07 上午 org.apache.catalina.core.StandardService stopInternal
信息: Stopping service Catalina
四月 21, 2015 11:50:07 上午 org.apache.catalina.loader.WebappClassLoader clearReferencesJdbc
严重: The web application [/dataservices-samples] registered the JDBC driver [com.mysql.jdbc.Driver] but failed to unregister it when the web application was stopped. To prevent a memory leak, the JDBC Driver has been forcibly unregistered.
四月 21, 2015 11:50:07 上午 org.apache.catalina.loader.WebappClassLoader clearReferencesThreads
严重: The web application [/dataservices-samples] appears to have started a thread named [Thread-5] but has failed to stop it. This is very likely to create a memory leak.
四月 21, 2015 11:50:07 上午 org.apache.catalina.loader.WebappClassLoader clearReferencesThreads
严重: The web application [/dataservices-samples] appears to have started a thread named [MySQL Statement Cancellation Timer] but has failed to stop it. This is very likely to create a memory leak.
四月 21, 2015 11:50:07 上午 org.apache.catalina.loader.WebappClassLoader clearReferencesThreads
严重: The web application [/dataservices-samples] appears to have started a thread named [Timer-2] but has failed to stop it. This is very likely to create a memory leak.
四月 21, 2015 11:50:07 上午 org.apache.coyote.AbstractProtocol stop
信息: Stopping ProtocolHandler ["http-bio-8080"]
四月 21, 2015 11:50:07 上午 org.apache.coyote.AbstractProtocol stop
信息: Stopping ProtocolHandler ["ajp-bio-8009"]
四月 21, 2015 11:50:07 上午 org.apache.coyote.AbstractProtocol destroy
信息: Destroying ProtocolHandler ["http-bio-8080"]
四月 21, 2015 11:50:07 上午 org.apache.coyote.AbstractProtocol destroy
信息: Destroying ProtocolHandler ["ajp-bio-8009"]
四月 21, 2015 11:50:11 上午 org.apache.tomcat.util.digester.SetPropertiesRule begin
警告: [SetPropertiesRule]{Server/Service/Engine/Host/Context} Setting property 'source' to 'org.eclipse.jst.jee.server:trader-server' did not find a matching property.
四月 21, 2015 11:50:11 上午 org.apache.catalina.startup.VersionLoggerListener log
信息: Server version:        Apache Tomcat/7.0.57
四月 21, 2015 11:50:11 上午 org.apache.catalina.startup.VersionLoggerListener log
信息: Server built:          Nov 3 2014 08:39:16 UTC
四月 21, 2015 11:50:11 上午 org.apache.catalina.startup.VersionLoggerListener log
信息: Server number:         7.0.57.0
四月 21, 2015 11:50:11 上午 org.apache.catalina.startup.VersionLoggerListener log
信息: OS Name:               Windows 7
四月 21, 2015 11:50:11 上午 org.apache.catalina.startup.VersionLoggerListener log
信息: OS Version:            6.1
四月 21, 2015 11:50:11 上午 org.apache.catalina.startup.VersionLoggerListener log
信息: Architecture:          amd64
四月 21, 2015 11:50:11 上午 org.apache.catalina.startup.VersionLoggerListener log
信息: JAVA_HOME:             C:\Program Files\Java\jdk1.7.0_67\jre
四月 21, 2015 11:50:11 上午 org.apache.catalina.startup.VersionLoggerListener log
信息: JVM Version:           1.7.0_67-b01
四月 21, 2015 11:50:11 上午 org.apache.catalina.startup.VersionLoggerListener log
信息: JVM Vendor:            Oracle Corporation
四月 21, 2015 11:50:11 上午 org.apache.catalina.startup.VersionLoggerListener log
信息: CATALINA_BASE:         D:\apache-tomcat-7.0.57
四月 21, 2015 11:50:11 上午 org.apache.catalina.startup.VersionLoggerListener log
信息: CATALINA_HOME:         D:\apache-tomcat-7.0.57
四月 21, 2015 11:50:11 上午 org.apache.catalina.startup.VersionLoggerListener log
信息: Command line argument: -Djava.util.logging.config.file=D:\apache-tomcat-7.0.57\conf\logging.properties
四月 21, 2015 11:50:11 上午 org.apache.catalina.startup.VersionLoggerListener log
信息: Command line argument: -Djava.util.logging.manager=org.apache.juli.ClassLoaderLogManager
四月 21, 2015 11:50:11 上午 org.apache.catalina.startup.VersionLoggerListener log
信息: Command line argument: -Djava.endorsed.dirs=D:\apache-tomcat-7.0.57\endorsed
四月 21, 2015 11:50:11 上午 org.apache.catalina.startup.VersionLoggerListener log
信息: Command line argument: -Dcatalina.base=D:\apache-tomcat-7.0.57
四月 21, 2015 11:50:11 上午 org.apache.catalina.startup.VersionLoggerListener log
信息: Command line argument: -Dcatalina.home=D:\apache-tomcat-7.0.57
四月 21, 2015 11:50:11 上午 org.apache.catalina.startup.VersionLoggerListener log
信息: Command line argument: -Djava.io.tmpdir=D:\apache-tomcat-7.0.57\temp
四月 21, 2015 11:50:11 上午 org.apache.catalina.core.AprLifecycleListener lifecycleEvent
信息: The APR based Apache Tomcat Native library which allows optimal performance in production environments was not found on the java.library.path: C:\Program Files\Java\jdk1.7.0_67\bin;C:\Windows\Sun\Java\bin;C:\Windows\system32;C:\Windows;C:\Program Files\Java\jdk1.7.0_67\bin;C:\Program Files\Java\jdk1.7.0_67\jre\bin;C:\Program Files (x86)\NVIDIA Corporation\PhysX\Common;C:\Windows\system32;C:\Windows;C:\Windows\System32\Wbem;C:\Windows\System32\WindowsPowerShell\v1.0\;C:\Program Files\Common Files\Autodesk Shared\;C:\Program Files (x86)\Autodesk\Backburner\;C:\Program Files (x86)\Windows Kits\8.1\Windows Performance Toolkit\;C:\Program Files\Microsoft SQL Server\110\Tools\Binn\;C:\Users\1\Desktop\ant\apache-ant-1.9.4\bin;.
四月 21, 2015 11:50:11 上午 org.apache.coyote.AbstractProtocol init
信息: Initializing ProtocolHandler ["http-bio-8080"]
四月 21, 2015 11:50:11 上午 org.apache.coyote.AbstractProtocol init
信息: Initializing ProtocolHandler ["ajp-bio-8009"]
四月 21, 2015 11:50:11 上午 org.apache.catalina.startup.Catalina load
信息: Initialization processed in 376 ms
四月 21, 2015 11:50:11 上午 org.apache.catalina.core.StandardService startInternal
信息: Starting service Catalina
四月 21, 2015 11:50:11 上午 org.apache.catalina.core.StandardEngine startInternal
信息: Starting Servlet Engine: Apache Tomcat/7.0.57
四月 21, 2015 11:50:12 上午 org.apache.catalina.loader.WebappClassLoader validateJarFile
信息: validateJarFile(D:\apache-tomcat-7.0.57\webapps\trader-server\WEB-INF\lib\servlet-api.jar) - jar not loaded. See Servlet Spec 3.0, section 10.7.2. Offending class: javax/servlet/Servlet.class
四月 21, 2015 11:50:13 上午 org.apache.catalina.startup.TaglibUriRule body
信息: TLD skipped. URI: http://java.sun.com/jstl/fmt_rt is already defined
四月 21, 2015 11:50:13 上午 org.apache.catalina.startup.TaglibUriRule body
信息: TLD skipped. URI: http://jakarta.apache.org/taglibs/standard/scriptfree is already defined
四月 21, 2015 11:50:13 上午 org.apache.catalina.startup.TaglibUriRule body
信息: TLD skipped. URI: http://java.sun.com/jstl/fmt is already defined
四月 21, 2015 11:50:13 上午 org.apache.catalina.startup.TaglibUriRule body
信息: TLD skipped. URI: http://java.sun.com/jstl/xml is already defined
四月 21, 2015 11:50:13 上午 org.apache.catalina.startup.TaglibUriRule body
信息: TLD skipped. URI: http://java.sun.com/jsp/jstl/sql is already defined
四月 21, 2015 11:50:13 上午 org.apache.catalina.startup.TaglibUriRule body
信息: TLD skipped. URI: http://java.sun.com/jsp/jstl/core is already defined
四月 21, 2015 11:50:13 上午 org.apache.catalina.startup.TaglibUriRule body
信息: TLD skipped. URI: http://java.sun.com/jstl/xml_rt is already defined
四月 21, 2015 11:50:13 上午 org.apache.catalina.startup.TaglibUriRule body
信息: TLD skipped. URI: http://java.sun.com/jstl/sql is already defined
四月 21, 2015 11:50:13 上午 org.apache.catalina.startup.TaglibUriRule body
信息: TLD skipped. URI: http://java.sun.com/jstl/sql_rt is already defined
四月 21, 2015 11:50:13 上午 org.apache.catalina.startup.TaglibUriRule body
信息: TLD skipped. URI: http://jakarta.apache.org/taglibs/standard/permittedTaglibs is already defined
四月 21, 2015 11:50:13 上午 org.apache.catalina.startup.TaglibUriRule body
信息: TLD skipped. URI: http://java.sun.com/jsp/jstl/xml is already defined
四月 21, 2015 11:50:13 上午 org.apache.catalina.startup.TaglibUriRule body
信息: TLD skipped. URI: http://java.sun.com/jstl/core_rt is already defined
四月 21, 2015 11:50:13 上午 org.apache.catalina.startup.TaglibUriRule body
信息: TLD skipped. URI: http://java.sun.com/jstl/core is already defined
四月 21, 2015 11:50:13 上午 org.apache.catalina.startup.TaglibUriRule body
信息: TLD skipped. URI: http://java.sun.com/jsp/jstl/functions is already defined
四月 21, 2015 11:50:13 上午 org.apache.catalina.startup.TaglibUriRule body
信息: TLD skipped. URI: http://java.sun.com/jsp/jstl/fmt is already defined
四月 21, 2015 11:50:13 上午 com.sun.faces.config.ConfigureListener contextInitialized
信息: 初始化上下文 '/dataservices-samples' 的 Mojarra 2.0.3 (FCS b03)
四月 21, 2015 11:50:13 上午 com.sun.faces.spi.InjectionProviderFactory createInstance
信息: JSF1048：有 PostConstruct/PreDestroy 注释。标有这些注释的 ManagedBeans 方法将表示注释已处理。
四月 21, 2015 11:50:14 上午 org.apache.catalina.startup.HostConfig deployDirectory
信息: Deploying web application directory D:\apache-tomcat-7.0.57\backup
四月 21, 2015 11:50:14 上午 org.apache.catalina.startup.HostConfig deployDirectory
信息: Deployment of web application directory D:\apache-tomcat-7.0.57\backup has finished in 24 ms
四月 21, 2015 11:50:14 上午 org.apache.catalina.startup.HostConfig deployDirectory
信息: Deploying web application directory D:\apache-tomcat-7.0.57\bin
四月 21, 2015 11:50:14 上午 org.apache.catalina.startup.HostConfig deployDirectory
信息: Deployment of web application directory D:\apache-tomcat-7.0.57\bin has finished in 24 ms
四月 21, 2015 11:50:14 上午 org.apache.catalina.startup.HostConfig deployDirectory
信息: Deploying web application directory D:\apache-tomcat-7.0.57\cameraPic
四月 21, 2015 11:50:14 上午 org.apache.catalina.startup.HostConfig deployDirectory
信息: Deployment of web application directory D:\apache-tomcat-7.0.57\cameraPic has finished in 24 ms
四月 21, 2015 11:50:14 上午 org.apache.catalina.startup.HostConfig deployDirectory
信息: Deploying web application directory D:\apache-tomcat-7.0.57\conf
四月 21, 2015 11:50:14 上午 org.apache.catalina.startup.HostConfig deployDirectory
信息: Deployment of web application directory D:\apache-tomcat-7.0.57\conf has finished in 23 ms
四月 21, 2015 11:50:14 上午 org.apache.catalina.startup.HostConfig deployDirectory
信息: Deploying web application directory D:\apache-tomcat-7.0.57\lib
四月 21, 2015 11:50:14 上午 org.apache.catalina.startup.HostConfig deployDirectory
信息: Deployment of web application directory D:\apache-tomcat-7.0.57\lib has finished in 21 ms
四月 21, 2015 11:50:14 上午 org.apache.catalina.startup.HostConfig deployDirectory
信息: Deploying web application directory D:\apache-tomcat-7.0.57\logs
四月 21, 2015 11:50:14 上午 org.apache.catalina.startup.HostConfig deployDirectory
信息: Deployment of web application directory D:\apache-tomcat-7.0.57\logs has finished in 20 ms
四月 21, 2015 11:50:14 上午 org.apache.catalina.startup.HostConfig deployDirectory
信息: Deploying web application directory D:\apache-tomcat-7.0.57\temp
四月 21, 2015 11:50:14 上午 org.apache.catalina.startup.HostConfig deployDirectory
信息: Deployment of web application directory D:\apache-tomcat-7.0.57\temp has finished in 21 ms
四月 21, 2015 11:50:14 上午 org.apache.catalina.startup.HostConfig deployDirectory
信息: Deploying web application directory D:\apache-tomcat-7.0.57\webapps
四月 21, 2015 11:50:14 上午 org.apache.catalina.startup.HostConfig deployDirectory
信息: Deployment of web application directory D:\apache-tomcat-7.0.57\webapps has finished in 22 ms
四月 21, 2015 11:50:14 上午 org.apache.catalina.startup.HostConfig deployDirectory
信息: Deploying web application directory D:\apache-tomcat-7.0.57\work
四月 21, 2015 11:50:14 上午 org.apache.catalina.startup.HostConfig deployDirectory
信息: Deployment of web application directory D:\apache-tomcat-7.0.57\work has finished in 22 ms
四月 21, 2015 11:50:14 上午 org.apache.coyote.AbstractProtocol start
信息: Starting ProtocolHandler ["http-bio-8080"]
四月 21, 2015 11:50:14 上午 org.apache.coyote.AbstractProtocol start
信息: Starting ProtocolHandler ["ajp-bio-8009"]
四月 21, 2015 11:50:14 上午 org.apache.catalina.startup.Catalina start
信息: Server startup in 2687 ms
四月 21, 2015 1:34:57 下午 org.apache.catalina.core.StandardServer await
信息: A valid shutdown command was received via the shutdown port. Stopping the Server instance.
四月 21, 2015 1:34:57 下午 org.apache.coyote.AbstractProtocol pause
信息: Pausing ProtocolHandler ["http-bio-8080"]
四月 21, 2015 1:34:57 下午 org.apache.coyote.AbstractProtocol pause
信息: Pausing ProtocolHandler ["ajp-bio-8009"]
四月 21, 2015 1:34:57 下午 org.apache.catalina.core.StandardService stopInternal
信息: Stopping service Catalina
四月 21, 2015 1:34:57 下午 org.apache.catalina.loader.WebappClassLoader clearReferencesJdbc
严重: The web application [/dataservices-samples] registered the JDBC driver [com.mysql.jdbc.Driver] but failed to unregister it when the web application was stopped. To prevent a memory leak, the JDBC Driver has been forcibly unregistered.
四月 21, 2015 1:34:57 下午 org.apache.catalina.loader.WebappClassLoader clearReferencesThreads
严重: The web application [/dataservices-samples] appears to have started a thread named [Thread-5] but has failed to stop it. This is very likely to create a memory leak.
四月 21, 2015 1:34:57 下午 org.apache.catalina.loader.WebappClassLoader clearReferencesThreads
严重: The web application [/dataservices-samples] appears to have started a thread named [MySQL Statement Cancellation Timer] but has failed to stop it. This is very likely to create a memory leak.
四月 21, 2015 1:34:57 下午 org.apache.catalina.loader.WebappClassLoader clearReferencesThreads
严重: The web application [/dataservices-samples] appears to have started a thread named [Timer-2] but has failed to stop it. This is very likely to create a memory leak.
四月 21, 2015 1:34:57 下午 org.apache.coyote.AbstractProtocol stop
信息: Stopping ProtocolHandler ["http-bio-8080"]
四月 21, 2015 1:34:57 下午 org.apache.coyote.AbstractProtocol stop
信息: Stopping ProtocolHandler ["ajp-bio-8009"]
四月 21, 2015 1:34:57 下午 org.apache.coyote.AbstractProtocol destroy
信息: Destroying ProtocolHandler ["http-bio-8080"]
四月 21, 2015 1:34:57 下午 org.apache.coyote.AbstractProtocol destroy
信息: Destroying ProtocolHandler ["ajp-bio-8009"]
